#
# A fatal error has been detected by the Java Runtime Environment:
#
#  SIGSEGV (0xb) at pc=0x00007f869b0e89b9, pid=10458, tid=140285840819968
#
# JRE version: Java(TM) SE Runtime Environment (8.0_45-b14) (build 1.8.0_45-b14)
# Java VM: Java HotSpot(TM) 64-Bit Server VM (25.45-b02 mixed mode linux-amd64 )
# Problematic frame:
# C  [libsqlite4java-linux-amd64.so+0x509b9]  sqlite3PagerUnrefNotNull+0x9
#
# Failed to write core dump. Core dumps have been disabled. To enable core dumping, try "ulimit -c unlimited" before starting Java again
#
# If you would like to submit a bug report, please visit:
#   http://bugreport.java.com/bugreport/crash.jsp
# The crash happened outside the Java Virtual Machine in native code.
# See problematic frame for where to report the bug.
#

---------------  T H R E A D  ---------------

Current thread (0x00007f96d000c000):  JavaThread "main" [_thread_in_native, id=10460, stack(0x00007f96d7a58000,0x00007f96d7b59000)]

siginfo: si_signo: 11 (SIGSEGV), si_code: 1 (SEGV_MAPERR), si_addr: 0x0000000000000034

Registers:
RAX=0x0000000000000000, RBX=0x00007f96d047cf08, RCX=0x00007f96d0008440, RDX=0x0000000000000000
RSP=0x00007f96d7b56e40, RBP=0x00007f96d7b56e50, RSI=0x00007f96d04a9fe8, RDI=0x0000000000000008
R8 =0x00007f96d0467618, R9 =0x00000000000028dc, R10=0x00007f96c1015948, R11=0x00007f96d8505e30
R12=0x0000000000000001, R13=0x00007f96d04aa1b0, R14=0x00007f96d04aa108, R15=0x00007f96d047cf68
RIP=0x00007f869b0e89b9, EFLAGS=0x0000000000010202, CSGSFS=0x0000000000000033, ERR=0x0000000000000004
  TRAPNO=0x000000000000000e

Top of Stack: (sp=0x00007f96d7b56e40)
0x00007f96d7b56e40:   00007f96d5148ff8 00007f96d047cf08
0x00007f96d7b56e50:   00007f96d7b56e90 00007f869b0e8ef1
0x00007f96d7b56e60:   00007f96d7b56f10 00007f96d04970e8
0x00007f96d7b56e70:   00007f96d047c958 0000000000000000
0x00007f96d7b56e80:   0000000000000000 00007f96d000c000
0x00007f96d7b56e90:   00007f96d7b56f30 00007f869b102d55
0x00007f96d7b56ea0:   00007f96d7b56ef0 00007f96d83eb62e
0x00007f96d7b56eb0:   00007f96d5148ff8 00007f96d000c000
0x00007f96d7b56ec0:   00007f96d5148ff8 00007f96d7b56f00
0x00007f96d7b56ed0:   00007f96d000c000 00007f96d7b56f20
0x00007f96d7b56ee0:   00007f96d7b56f00 00007f96d000c000
0x00007f96d7b56ef0:   00007f96d7b56f80 00007f96d81d2b4f
0x00007f96d7b56f00:   00007f96d5148ff8 00007f96d04970e8
0x00007f96d7b56f10:   00007f96d047c958 00007f96d5148ff8
0x00007f96d7b56f20:   00007f96d7b57018 00007f96d000c000
0x00007f96d7b56f30:   00007f96d7b56f50 00007f869b1038e2
0x00007f96d7b56f40:   00007f96d04970e8 0000000000000000
0x00007f96d7b56f50:   00007f96d7b56f70 00007f869b103a08
0x00007f96d7b56f60:   00007f96d047c958 00007f96d04970e8
0x00007f96d7b56f70:   00007f96d7b56f90 00007f869b103bd1
0x00007f96d7b56f80:   00007f96d5148ff8 0000000000000000
0x00007f96d7b56f90:   00007f96d7b56ff0 00007f96c1015974
0x00007f96d7b56fa0:   00007f96d000c000 00007f96c10156c2
0x00007f96d7b56fb0:   00007f96d7b56fb0 00007f96d5148ff8
0x00007f96d7b56fc0:   00007f96d7b57018 00007f96d51cde18
0x00007f96d7b56fd0:   0000000000000000 00007f96d5148ff8
0x00007f96d7b56fe0:   0000000000000000 00007f96d7b57010
0x00007f96d7b56ff0:   00007f96d7b57060 00007f96c1007670
0x00007f96d7b57000:   00007f89774dab90 00007f96c100f556
0x00007f96d7b57010:   00007f96d04970e8 00007f8979967c58
0x00007f96d7b57020:   00007f96d7b57020 00007f96d51458e4
0x00007f96d7b57030:   00007f96d7b57070 00007f96d51467a8 

Instructions: (pc=0x00007f869b0e89b9)
0x00007f869b0e8999:   f6 e8 81 1b fd ff eb df 66 66 66 66 66 66 2e 0f
0x00007f869b0e89a9:   1f 84 00 00 00 00 00 55 48 89 e5 53 48 83 ec 08
0x00007f869b0e89b9:   f6 47 2c 40 48 8b 5f 20 74 5d 48 8b 83 a8 00 00
0x00007f869b0e89c9:   00 83 ab 98 00 00 00 01 48 89 47 18 48 8b 4b 48 

Register to memory mapping:

RAX=0x0000000000000000 is an unknown value
RBX=0x00007f96d047cf08 is an unknown value
RCX=0x00007f96d0008440 is an unknown value
RDX=0x0000000000000000 is an unknown value
RSP=0x00007f96d7b56e40 is pointing into the stack for thread: 0x00007f96d000c000
RBP=0x00007f96d7b56e50 is pointing into the stack for thread: 0x00007f96d000c000
RSI=0x00007f96d04a9fe8 is an unknown value
RDI=0x0000000000000008 is an unknown value
R8 =0x00007f96d0467618 is an unknown value
R9 =0x00000000000028dc is an unknown value
R10=0x00007f96c1015948 is at code_begin+808 in an Interpreter codelet
method entry point (kind = native)  [0x00007f96c1015620, 0x00007f96c1015f20]  2304 bytes
R11=0x00007f96d8505e30: <offset 0x9ace30> in /remote/rs/tien/anhnt/ChangeInference/jdk-8u45-linux-x64/jdk1.8.0_45/jre/lib/amd64/server/libjvm.so at 0x00007f96d7b59000
R12=0x0000000000000001 is an unknown value
R13=0x00007f96d04aa1b0 is an unknown value
R14=0x00007f96d04aa108 is an unknown value
R15=0x00007f96d047cf68 is an unknown value


Stack: [0x00007f96d7a58000,0x00007f96d7b59000],  sp=0x00007f96d7b56e40,  free space=1019k
Native frames: (J=compiled Java code, j=interpreted, Vv=VM code, C=native code)
C  [libsqlite4java-linux-amd64.so+0x509b9]  sqlite3PagerUnrefNotNull+0x9
C  [libsqlite4java-linux-amd64.so+0x50ef1]  sqlite3BtreeCloseCursor+0x91
C  [libsqlite4java-linux-amd64.so+0x6ad55]  sqlite3VdbeHalt+0x105
C  [libsqlite4java-linux-amd64.so+0x6b8e2]  sqlite3VdbeReset+0x12
C  [libsqlite4java-linux-amd64.so+0x6ba08]  sqlite3VdbeFinalize+0x48
C  [libsqlite4java-linux-amd64.so+0x6bbd1]  sqlite3_finalize+0x31
j  com.almworks.sqlite4java._SQLiteSwiggedJNI.sqlite3_finalize(J)I+0
j  com.almworks.sqlite4java._SQLiteSwigged.sqlite3_finalize(Lcom/almworks/sqlite4java/SWIGTYPE_p_sqlite3_stmt;)I+4
j  com.almworks.sqlite4java.SQLiteConnection.softFinalize(Lcom/almworks/sqlite4java/SWIGTYPE_p_sqlite3_stmt;Ljava/lang/Object;)V+1
j  com.almworks.sqlite4java.SQLiteConnection.finalizeStatement(Lcom/almworks/sqlite4java/SQLiteStatement;)V+23
j  com.almworks.sqlite4java.SQLiteConnection.finalizeStatements()V+108
j  com.almworks.sqlite4java.SQLiteConnection.dispose()V+87
j  database.SQLiteInterface.dispose()V+4
j  databaseprocess.CLTFileProcessing.processWithThreads(Ljava/util/HashMap;Ljava/util/LinkedHashSet;Ldatabaseprocess/GlobalInfo;)V+162
J 490% C1 databaseprocess.CLTFileProcessing.processCLTTable(Ljava/util/ArrayList;Ldatabaseprocess/GlobalInfo;)V (998 bytes) @ 0x00007f96c14e4514 [0x00007f96c14d3740+0x10dd4]
j  databaseprocess.CLTFileProcessing.main([Ljava/lang/String;)V+33
v  ~StubRoutines::call_stub
V  [libjvm.so+0x681a26]  JavaCalls::call_helper(JavaValue*, methodHandle*, JavaCallArguments*, Thread*)+0x1056
V  [libjvm.so+0x6c3692]  jni_invoke_static(JNIEnv_*, JavaValue*, _jobject*, JNICallType, _jmethodID*, JNI_ArgumentPusher*, Thread*)+0x362
V  [libjvm.so+0x6e009a]  jni_CallStaticVoidMethod+0x17a
C  [libjli.so+0x7bcc]  JavaMain+0x80c
C  [libpthread.so.0+0x79d1]

Java frames: (J=compiled Java code, j=interpreted, Vv=VM code)
j  com.almworks.sqlite4java._SQLiteSwiggedJNI.sqlite3_finalize(J)I+0
j  com.almworks.sqlite4java._SQLiteSwigged.sqlite3_finalize(Lcom/almworks/sqlite4java/SWIGTYPE_p_sqlite3_stmt;)I+4
j  com.almworks.sqlite4java.SQLiteConnection.softFinalize(Lcom/almworks/sqlite4java/SWIGTYPE_p_sqlite3_stmt;Ljava/lang/Object;)V+1
j  com.almworks.sqlite4java.SQLiteConnection.finalizeStatement(Lcom/almworks/sqlite4java/SQLiteStatement;)V+23
j  com.almworks.sqlite4java.SQLiteConnection.finalizeStatements()V+108
j  com.almworks.sqlite4java.SQLiteConnection.dispose()V+87
j  database.SQLiteInterface.dispose()V+4
j  databaseprocess.CLTFileProcessing.processWithThreads(Ljava/util/HashMap;Ljava/util/LinkedHashSet;Ldatabaseprocess/GlobalInfo;)V+162
J 490% C1 databaseprocess.CLTFileProcessing.processCLTTable(Ljava/util/ArrayList;Ldatabaseprocess/GlobalInfo;)V (998 bytes) @ 0x00007f96c14e4514 [0x00007f96c14d3740+0x10dd4]
j  databaseprocess.CLTFileProcessing.main([Ljava/lang/String;)V+33
v  ~StubRoutines::call_stub

---------------  P R O C E S S  ---------------

Java Threads: ( => current thread )
  0x00007f96d00fa000 JavaThread "Service Thread" daemon [_thread_blocked, id=10500, stack(0x00007f869b5f6000,0x00007f869b6f7000)]
  0x00007f96d00ed000 JavaThread "C1 CompilerThread11" daemon [_thread_blocked, id=10499, stack(0x00007f869b6f7000,0x00007f869b7f8000)]
  0x00007f96d00ea800 JavaThread "C1 CompilerThread10" daemon [_thread_blocked, id=10498, stack(0x00007f869b7f8000,0x00007f869b8f9000)]
  0x00007f96d00e8800 JavaThread "C1 CompilerThread9" daemon [_thread_blocked, id=10497, stack(0x00007f869b8f9000,0x00007f869b9fa000)]
  0x00007f96d00e6800 JavaThread "C1 CompilerThread8" daemon [_thread_blocked, id=10496, stack(0x00007f869b9fa000,0x00007f869bafb000)]
  0x00007f96d00e4800 JavaThread "C2 CompilerThread7" daemon [_thread_blocked, id=10495, stack(0x00007f869bafb000,0x00007f869bbfc000)]
  0x00007f96d00e2000 JavaThread "C2 CompilerThread6" daemon [_thread_blocked, id=10494, stack(0x00007f869bbfc000,0x00007f869bcfd000)]
  0x00007f96d00e0000 JavaThread "C2 CompilerThread5" daemon [_thread_blocked, id=10493, stack(0x00007f869bcfd000,0x00007f869bdfe000)]
  0x00007f96d00de000 JavaThread "C2 CompilerThread4" daemon [_thread_blocked, id=10492, stack(0x00007f869bdfe000,0x00007f869beff000)]
  0x00007f96d00db800 JavaThread "C2 CompilerThread3" daemon [_thread_blocked, id=10491, stack(0x00007f869beff000,0x00007f869c000000)]
  0x00007f96d00d9800 JavaThread "C2 CompilerThread2" daemon [_thread_blocked, id=10490, stack(0x00007f86b00ff000,0x00007f86b0200000)]
  0x00007f96d00d7800 JavaThread "C2 CompilerThread1" daemon [_thread_blocked, id=10489, stack(0x00007f86b0200000,0x00007f86b0301000)]
  0x00007f96d00d5000 JavaThread "C2 CompilerThread0" daemon [_thread_blocked, id=10488, stack(0x00007f86b0301000,0x00007f86b0402000)]
  0x00007f96d00d3800 JavaThread "Signal Dispatcher" daemon [_thread_blocked, id=10487, stack(0x00007f86b0402000,0x00007f86b0503000)]
  0x00007f96d009d800 JavaThread "Finalizer" daemon [_thread_blocked, id=10485, stack(0x00007f86b0503000,0x00007f86b0604000)]
  0x00007f96d009b000 JavaThread "Reference Handler" daemon [_thread_blocked, id=10484, stack(0x00007f86b0604000,0x00007f86b0705000)]
=>0x00007f96d000c000 JavaThread "main" [_thread_in_native, id=10460, stack(0x00007f96d7a58000,0x00007f96d7b59000)]

Other Threads:
  0x00007f96d0096000 VMThread [stack: 0x00007f86b0705000,0x00007f86b0806000] [id=10483]
  0x00007f96d00fc800 WatcherThread [stack: 0x00007f869b4f5000,0x00007f869b5f6000] [id=10501]

VM state:not at safepoint (normal execution)

VM Mutex/Monitor currently owned by a thread: None

Heap:
 PSYoungGen      total 9112064K, used 3739494K [0x00007f916bb00000, 0x00007f93bb000000, 0x00007f96c1000000)
  eden space 8573952K, 42% used [0x00007f916bb00000,0x00007f92477c5cf8,0x00007f9377000000)
  from space 538112K, 25% used [0x00007f939a280000,0x00007f93a2993c80,0x00007f93bb000000)
  to   space 557056K, 0% used [0x00007f9377000000,0x00007f9377000000,0x00007f9399000000)
 ParOldGen       total 19941376K, used 14376392K [0x00007f86c1000000, 0x00007f8b82200000, 0x00007f916bb00000)
  object space 19941376K, 72% used [0x00007f86c1000000,0x00007f8a2e772040,0x00007f8b82200000)
 Metaspace       used 15045K, capacity 15122K, committed 15360K, reserved 16384K

Card table byte_map: [0x00007f86b8fff000,0x00007f86c1000000] byte_map_base: 0x00007f46f59f7000

Marking Bits: (ParMarkBitMap*) 0x00007f96d8af6760
 Begin Bits: [0x00007f85b4000000, 0x00007f85f4000000)
 End Bits:   [0x00007f85f4000000, 0x00007f8634000000)

Polling page: 0x00007f96d8d5a000

CodeCache: size=245760Kb used=15994Kb max_used=17133Kb free=229765Kb
 bounds [0x00007f96c1000000, 0x00007f96c21d0000, 0x00007f96d0000000]
 total_blobs=3942 nmethods=3581 adapters=268
 compilation: enabled

Compilation events (10 events):
Event: 4486.570 Thread 0x00007f96d00e0000 6068   !   4       org.jsoup.parser.Tokeniser::consumeCharacterReference (419 bytes)
Event: 4486.655 Thread 0x00007f96d00e0000 nmethod 6068 0x00007f96c1de0350 code [0x00007f96c1de0680, 0x00007f96c1de1bd8]
Event: 4487.191 Thread 0x00007f96d00d7800 6069       4       org.eclipse.jdt.core.dom.DefaultASTVisitor::visit (6 bytes)
Event: 4487.194 Thread 0x00007f96d00d7800 nmethod 6069 0x00007f96c1c56250 code [0x00007f96c1c563c0, 0x00007f96c1c56528]
Event: 4487.916 Thread 0x00007f96d00ea800 6070       3       org.eclipse.jdt.internal.compiler.parser.Scanner::internalScanIdentifierOrKeyword (3696 bytes)
Event: 4487.930 Thread 0x00007f96d00ea800 nmethod 6070 0x00007f96c2014390 code [0x00007f96c20149c0, 0x00007f96c201aad0]
Event: 4488.111 Thread 0x00007f96d00e2000 6071       4       org.eclipse.jdt.internal.compiler.parser.Scanner::internalScanIdentifierOrKeyword (3696 bytes)
Event: 4488.147 Thread 0x00007f96d00e2000 nmethod 6071 0x00007f96c1d61050 code [0x00007f96c1d613e0, 0x00007f96c1d62fd8]
Event: 4495.082 Thread 0x00007f96d00d9800 6072       4       org.eclipse.jdt.internal.compiler.parser.Parser::markEnclosingMemberWithLocalOrFunctionalType (226 bytes)
Event: 4495.088 Thread 0x00007f96d00d9800 nmethod 6072 0x00007f96c182b890 code [0x00007f96c182ba00, 0x00007f96c182bd98]

GC Heap History (10 events):
Event: 4353.181 GC heap before
{Heap before GC invocations=275 (full 7):
 PSYoungGen      total 8882176K, used 422896K [0x00007f916bb00000, 0x00007f93a9080000, 0x00007f96c1000000)
  eden space 8409088K, 0% used [0x00007f916bb00000,0x00007f916bb00000,0x00007f936cf00000)
  from space 473088K, 89% used [0x00007f938ab80000,0x00007f93a487c220,0x00007f93a7980000)
  to   space 487936K, 0% used [0x00007f936cf00000,0x00007f936cf00000,0x00007f938ab80000)
 ParOldGen       total 20676096K, used 20427999K [0x00007f86c1000000, 0x00007f8baef80000, 0x00007f916bb00000)
  object space 20676096K, 98% used [0x00007f86c1000000,0x00007f8b9fd37c40,0x00007f8baef80000)
 Metaspace       used 15042K, capacity 15122K, committed 15360K, reserved 16384K
Event: 4368.263 GC heap after
Heap after GC invocations=275 (full 7):
 PSYoungGen      total 8882176K, used 0K [0x00007f916bb00000, 0x00007f93a9080000, 0x00007f96c1000000)
  eden space 8409088K, 0% used [0x00007f916bb00000,0x00007f916bb00000,0x00007f936cf00000)
  from space 473088K, 0% used [0x00007f938ab80000,0x00007f938ab80000,0x00007f93a7980000)
  to   space 487936K, 0% used [0x00007f936cf00000,0x00007f936cf00000,0x00007f938ab80000)
 ParOldGen       total 19941376K, used 14376392K [0x00007f86c1000000, 0x00007f8b82200000, 0x00007f916bb00000)
  object space 19941376K, 72% used [0x00007f86c1000000,0x00007f8a2e772040,0x00007f8b82200000)
 Metaspace       used 15042K, capacity 15122K, committed 15360K, reserved 16384K
}
Event: 4395.123 GC heap before
{Heap before GC invocations=276 (full 7):
 PSYoungGen      total 8882176K, used 8409088K [0x00007f916bb00000, 0x00007f93a9080000, 0x00007f96c1000000)
  eden space 8409088K, 100% used [0x00007f916bb00000,0x00007f936cf00000,0x00007f936cf00000)
  from space 473088K, 0% used [0x00007f938ab80000,0x00007f938ab80000,0x00007f93a7980000)
  to   space 487936K, 0% used [0x00007f936cf00000,0x00007f936cf00000,0x00007f938ab80000)
 ParOldGen       total 19941376K, used 14376392K [0x00007f86c1000000, 0x00007f8b82200000, 0x00007f916bb00000)
  object space 19941376K, 72% used [0x00007f86c1000000,0x00007f8a2e772040,0x00007f8b82200000)
 Metaspace       used 15043K, capacity 15122K, committed 15360K, reserved 16384K
Event: 4395.162 GC heap after
Heap after GC invocations=276 (full 7):
 PSYoungGen      total 8897024K, used 31936K [0x00007f916bb00000, 0x00007f93b5780000, 0x00007f96c1000000)
  eden space 8409088K, 0% used [0x00007f916bb00000,0x00007f916bb00000,0x00007f936cf00000)
  from space 487936K, 6% used [0x00007f936cf00000,0x00007f936ee30000,0x00007f938ab80000)
  to   space 530432K, 0% used [0x00007f9395180000,0x00007f9395180000,0x00007f93b5780000)
 ParOldGen       total 19941376K, used 14376392K [0x00007f86c1000000, 0x00007f8b82200000, 0x00007f916bb00000)
  object space 19941376K, 72% used [0x00007f86c1000000,0x00007f8a2e772040,0x00007f8b82200000)
 Metaspace       used 15043K, capacity 15122K, committed 15360K, reserved 16384K
}
Event: 4424.929 GC heap before
{Heap before GC invocations=277 (full 7):
 PSYoungGen      total 8897024K, used 8441024K [0x00007f916bb00000, 0x00007f93b5780000, 0x00007f96c1000000)
  eden space 8409088K, 100% used [0x00007f916bb00000,0x00007f936cf00000,0x00007f936cf00000)
  from space 487936K, 6% used [0x00007f936cf00000,0x00007f936ee30000,0x00007f938ab80000)
  to   space 530432K, 0% used [0x00007f9395180000,0x00007f9395180000,0x00007f93b5780000)
 ParOldGen       total 19941376K, used 14376392K [0x00007f86c1000000, 0x00007f8b82200000, 0x00007f916bb00000)
  object space 19941376K, 72% used [0x00007f86c1000000,0x00007f8a2e772040,0x00007f8b82200000)
 Metaspace       used 15043K, capacity 15122K, committed 15360K, reserved 16384K
Event: 4424.982 GC heap after
Heap after GC invocations=277 (full 7):
 PSYoungGen      total 9039360K, used 70513K [0x00007f916bb00000, 0x00007f93b6880000, 0x00007f96c1000000)
  eden space 8508928K, 0% used [0x00007f916bb00000,0x00007f916bb00000,0x00007f9373080000)
  from space 530432K, 13% used [0x00007f9395180000,0x00007f939965c678,0x00007f93b5780000)
  to   space 552960K, 0% used [0x00007f9373080000,0x00007f9373080000,0x00007f9394c80000)
 ParOldGen       total 19941376K, used 14376392K [0x00007f86c1000000, 0x00007f8b82200000, 0x00007f916bb00000)
  object space 19941376K, 72% used [0x00007f86c1000000,0x00007f8a2e772040,0x00007f8b82200000)
 Metaspace       used 15043K, capacity 15122K, committed 15360K, reserved 16384K
}
Event: 4455.523 GC heap before
{Heap before GC invocations=278 (full 7):
 PSYoungGen      total 9039360K, used 8579441K [0x00007f916bb00000, 0x00007f93b6880000, 0x00007f96c1000000)
  eden space 8508928K, 100% used [0x00007f916bb00000,0x00007f9373080000,0x00007f9373080000)
  from space 530432K, 13% used [0x00007f9395180000,0x00007f939965c678,0x00007f93b5780000)
  to   space 552960K, 0% used [0x00007f9373080000,0x00007f9373080000,0x00007f9394c80000)
 ParOldGen       total 19941376K, used 14376392K [0x00007f86c1000000, 0x00007f8b82200000, 0x00007f916bb00000)
  object space 19941376K, 72% used [0x00007f86c1000000,0x00007f8a2e772040,0x00007f8b82200000)
 Metaspace       used 15043K, capacity 15122K, committed 15360K, reserved 16384K
Event: 4455.604 GC heap after
Heap after GC invocations=278 (full 7):
 PSYoungGen      total 9061888K, used 101073K [0x00007f916bb00000, 0x00007f93bc680000, 0x00007f96c1000000)
  eden space 8508928K, 0% used [0x00007f916bb00000,0x00007f916bb00000,0x00007f9373080000)
  from space 552960K, 18% used [0x00007f9373080000,0x00007f9379334678,0x00007f9394c80000)
  to   space 561152K, 0% used [0x00007f939a280000,0x00007f939a280000,0x00007f93bc680000)
 ParOldGen       total 19941376K, used 14376392K [0x00007f86c1000000, 0x00007f8b82200000, 0x00007f916bb00000)
  object space 19941376K, 72% used [0x00007f86c1000000,0x00007f8a2e772040,0x00007f8b82200000)
 Metaspace       used 15043K, capacity 15122K, committed 15360K, reserved 16384K
}
Event: 4485.342 GC heap before
{Heap before GC invocations=279 (full 7):
 PSYoungGen      total 9061888K, used 8610001K [0x00007f916bb00000, 0x00007f93bc680000, 0x00007f96c1000000)
  eden space 8508928K, 100% used [0x00007f916bb00000,0x00007f9373080000,0x00007f9373080000)
  from space 552960K, 18% used [0x00007f9373080000,0x00007f9379334678,0x00007f9394c80000)
  to   space 561152K, 0% used [0x00007f939a280000,0x00007f939a280000,0x00007f93bc680000)
 ParOldGen       total 19941376K, used 14376392K [0x00007f86c1000000, 0x00007f8b82200000, 0x00007f916bb00000)
  object space 19941376K, 72% used [0x00007f86c1000000,0x00007f8a2e772040,0x00007f8b82200000)
 Metaspace       used 15045K, capacity 15122K, committed 15360K, reserved 16384K
Event: 4485.446 GC heap after
Heap after GC invocations=279 (full 7):
 PSYoungGen      total 9112064K, used 138319K [0x00007f916bb00000, 0x00007f93bb000000, 0x00007f96c1000000)
  eden space 8573952K, 0% used [0x00007f916bb00000,0x00007f916bb00000,0x00007f9377000000)
  from space 538112K, 25% used [0x00007f939a280000,0x00007f93a2993c80,0x00007f93bb000000)
  to   space 557056K, 0% used [0x00007f9377000000,0x00007f9377000000,0x00007f9399000000)
 ParOldGen       total 19941376K, used 14376392K [0x00007f86c1000000, 0x00007f8b82200000, 0x00007f916bb00000)
  object space 19941376K, 72% used [0x00007f86c1000000,0x00007f8a2e772040,0x00007f8b82200000)
 Metaspace       used 15045K, capacity 15122K, committed 15360K, reserved 16384K
}

Deoptimization events (10 events):
Event: 4254.834 Thread 0x00007f96d000c000 Uncommon trap: reason=unstable_if action=reinterpret pc=0x00007f96c1afe284 method=org.eclipse.jdt.internal.compiler.parser.Parser.getTypeReference(I)Lorg/eclipse/jdt/internal/compiler/ast/TypeReference; @ 453
Event: 4254.834 Thread 0x00007f96d000c000 Uncommon trap: reason=unstable_if action=reinterpret pc=0x00007f96c1d4d680 method=org.eclipse.jdt.internal.compiler.parser.Parser.consumeTypeParameterHeader()V @ 26
Event: 4255.875 Thread 0x00007f96d000c000 Uncommon trap: reason=unstable_if action=reinterpret pc=0x00007f96c1af6018 method=org.eclipse.jdt.internal.compiler.parser.Scanner.scanNumber(Z)I @ 1460
Event: 4421.077 Thread 0x00007f96d000c000 Uncommon trap: reason=unstable_if action=reinterpret pc=0x00007f96c1a98698 method=org.eclipse.jdt.internal.compiler.parser.Scanner.internalScanIdentifierOrKeyword(II[C)I @ 1901
Event: 4421.606 Thread 0x00007f96d000c000 Uncommon trap: reason=unstable_if action=reinterpret pc=0x00007f96c1ac4678 method=org.eclipse.jdt.internal.compiler.parser.Scanner.internalScanIdentifierOrKeyword(II[C)I @ 3342
Event: 4467.572 Thread 0x00007f96d000c000 Uncommon trap: reason=class_check action=maybe_recompile pc=0x00007f96c1ea0854 method=org.eclipse.jdt.internal.compiler.parser.Parser.markEnclosingMemberWithLocalOrFunctionalType(Lorg/eclipse/jdt/internal/compiler/parser/Parser$LocalTypeKind;)V @ 139
Event: 4481.225 Thread 0x00007f96d000c000 Uncommon trap: reason=unstable_if action=reinterpret pc=0x00007f96c18622d0 method=org.jsoup.parser.CharacterReader.consumeLetterThenDigitSequence()Ljava/lang/String; @ 47
Event: 4483.161 Thread 0x00007f96d000c000 Uncommon trap: reason=unstable_if action=reinterpret pc=0x00007f96c1c7b478 method=org.eclipse.jdt.internal.compiler.parser.Scanner.internalScanIdentifierOrKeyword(II[C)I @ 2540
Event: 4487.915 Thread 0x00007f96d000c000 Uncommon trap: reason=unstable_if action=reinterpret pc=0x00007f96c1fcdb4c method=org.eclipse.jdt.internal.compiler.parser.Scanner.internalScanIdentifierOrKeyword(II[C)I @ 3005
Event: 4496.466 Thread 0x00007f96d000c000 Uncommon trap: reason=unstable_if action=reinterpret pc=0x00007f96c1439b64 method=databaseprocess.CLTFileProcessing.processWithThreads(Ljava/util/HashMap;Ljava/util/LinkedHashSet;Ldatabaseprocess/GlobalInfo;)V @ 157

Internal exceptions (10 events):
Event: 4120.760 Thread 0x00007f96d000c000 Exception <a 'java/lang/ArrayIndexOutOfBoundsException'> (0x00007f91d2256bd8) thrown at [/RE-WORK/workspace/8-2-build-linux-amd64/jdk8u45/3457/hotspot/src/share/vm/runtime/sharedRuntime.cpp, line 605]
Event: 4120.760 Thread 0x00007f96d000c000 Exception <a 'java/lang/ArrayIndexOutOfBoundsException'> (0x00007f91d2256ec0) thrown at [/RE-WORK/workspace/8-2-build-linux-amd64/jdk8u45/3457/hotspot/src/share/vm/runtime/sharedRuntime.cpp, line 605]
Event: 4120.760 Thread 0x00007f96d000c000 Exception <a 'java/lang/ArrayIndexOutOfBoundsException'> (0x00007f91d22571a8) thrown at [/RE-WORK/workspace/8-2-build-linux-amd64/jdk8u45/3457/hotspot/src/share/vm/runtime/sharedRuntime.cpp, line 605]
Event: 4120.760 Thread 0x00007f96d000c000 Exception <a 'java/lang/ArrayIndexOutOfBoundsException'> (0x00007f91d2257490) thrown at [/RE-WORK/workspace/8-2-build-linux-amd64/jdk8u45/3457/hotspot/src/share/vm/runtime/sharedRuntime.cpp, line 605]
Event: 4120.760 Thread 0x00007f96d000c000 Exception <a 'java/lang/ArrayIndexOutOfBoundsException'> (0x00007f91d2257778) thrown at [/RE-WORK/workspace/8-2-build-linux-amd64/jdk8u45/3457/hotspot/src/share/vm/runtime/sharedRuntime.cpp, line 605]
Event: 4120.760 Thread 0x00007f96d000c000 Exception <a 'java/lang/ArrayIndexOutOfBoundsException'> (0x00007f91d2257a60) thrown at [/RE-WORK/workspace/8-2-build-linux-amd64/jdk8u45/3457/hotspot/src/share/vm/runtime/sharedRuntime.cpp, line 605]
Event: 4120.760 Thread 0x00007f96d000c000 Exception <a 'java/lang/ArrayIndexOutOfBoundsException'> (0x00007f91d2257d48) thrown at [/RE-WORK/workspace/8-2-build-linux-amd64/jdk8u45/3457/hotspot/src/share/vm/runtime/sharedRuntime.cpp, line 605]
Event: 4120.761 Thread 0x00007f96d000c000 Exception <a 'java/lang/ArrayIndexOutOfBoundsException'> (0x00007f91d2297a50) thrown at [/RE-WORK/workspace/8-2-build-linux-amd64/jdk8u45/3457/hotspot/src/share/vm/runtime/sharedRuntime.cpp, line 605]
Event: 4120.761 Thread 0x00007f96d000c000 Exception <a 'java/lang/ArrayIndexOutOfBoundsException'> (0x00007f91d2297d08) thrown at [/RE-WORK/workspace/8-2-build-linux-amd64/jdk8u45/3457/hotspot/src/share/vm/runtime/sharedRuntime.cpp, line 605]
Event: 4120.761 Thread 0x00007f96d000c000 Exception <a 'java/lang/ArrayIndexOutOfBoundsException'> (0x00007f91d2297fc0) thrown at [/RE-WORK/workspace/8-2-build-linux-amd64/jdk8u45/3457/hotspot/src/share/vm/runtime/sharedRuntime.cpp, line 605]

Events (10 events):
Event: 4487.930 Thread 0x00007f96d00ea800 flushing nmethod 0x00007f96c1758a10
Event: 4487.930 Thread 0x00007f96d00ea800 flushing nmethod 0x00007f96c1770a10
Event: 4488.147 Thread 0x00007f96d00e2000 flushing nmethod 0x00007f96c182e810
Event: 4488.147 Thread 0x00007f96d00e2000 flushing nmethod 0x00007f96c1847f10
Event: 4495.088 Thread 0x00007f96d00d9800 flushing nmethod 0x00007f96c18be490
Event: 4495.088 Thread 0x00007f96d00d9800 flushing nmethod 0x00007f96c18c49d0
Event: 4495.089 Thread 0x00007f96d00d9800 flushing nmethod 0x00007f96c1947f50
Event: 4496.465 Thread 0x00007f96d000c000 Uncommon trap: trap_request=0xffffff65 fr.pc=0x00007f96c1439b64
Event: 4496.466 Thread 0x00007f96d000c000 DEOPT PACKING pc=0x00007f96c1439b64 sp=0x00007f96d7b57270
Event: 4496.466 Thread 0x00007f96d000c000 DEOPT UNPACKING pc=0x00007f96c1005229 sp=0x00007f96d7b572d8 mode 2


Dynamic libraries:
00400000-00401000 r-xp 00000000 00:22 704545588                          /remote/rs/tien/anhnt/ChangeInference/jdk-8u45-linux-x64/jdk1.8.0_45/bin/java
00600000-00601000 rw-p 00000000 00:22 704545588                          /remote/rs/tien/anhnt/ChangeInference/jdk-8u45-linux-x64/jdk1.8.0_45/bin/java
01848000-01869000 rw-p 00000000 00:00 0                                  [heap]
3e61c00000-3e61c20000 r-xp 00000000 08:13 138150267                      /lib64/ld-2.12.so
3e61e1f000-3e61e20000 r--p 0001f000 08:13 138150267                      /lib64/ld-2.12.so
3e61e20000-3e61e21000 rw-p 00020000 08:13 138150267                      /lib64/ld-2.12.so
3e61e21000-3e61e22000 rw-p 00000000 00:00 0 
3e62000000-3e6218a000 r-xp 00000000 08:13 138150273                      /lib64/libc-2.12.so
3e6218a000-3e6238a000 ---p 0018a000 08:13 138150273                      /lib64/libc-2.12.so
3e6238a000-3e6238e000 r--p 0018a000 08:13 138150273                      /lib64/libc-2.12.so
3e6238e000-3e6238f000 rw-p 0018e000 08:13 138150273                      /lib64/libc-2.12.so
3e6238f000-3e62394000 rw-p 00000000 00:00 0 
3e62400000-3e62483000 r-xp 00000000 08:13 138150287                      /lib64/libm-2.12.so
3e62483000-3e62682000 ---p 00083000 08:13 138150287                      /lib64/libm-2.12.so
3e62682000-3e62683000 r--p 00082000 08:13 138150287                      /lib64/libm-2.12.so
3e62683000-3e62684000 rw-p 00083000 08:13 138150287                      /lib64/libm-2.12.so
3e62800000-3e62817000 r-xp 00000000 08:13 138150322                      /lib64/libpthread-2.12.so
3e62817000-3e62a17000 ---p 00017000 08:13 138150322                      /lib64/libpthread-2.12.so
3e62a17000-3e62a18000 r--p 00017000 08:13 138150322                      /lib64/libpthread-2.12.so
3e62a18000-3e62a19000 rw-p 00018000 08:13 138150322                      /lib64/libpthread-2.12.so
3e62a19000-3e62a1d000 rw-p 00000000 00:00 0 
3e62c00000-3e62c02000 r-xp 00000000 08:13 138150081                      /lib64/libdl-2.12.so
3e62c02000-3e62e02000 ---p 00002000 08:13 138150081                      /lib64/libdl-2.12.so
3e62e02000-3e62e03000 r--p 00002000 08:13 138150081                      /lib64/libdl-2.12.so
3e62e03000-3e62e04000 rw-p 00003000 08:13 138150081                      /lib64/libdl-2.12.so
3e63400000-3e63407000 r-xp 00000000 08:13 138150347                      /lib64/librt-2.12.so
3e63407000-3e63606000 ---p 00007000 08:13 138150347                      /lib64/librt-2.12.so
3e63606000-3e63607000 r--p 00006000 08:13 138150347                      /lib64/librt-2.12.so
3e63607000-3e63608000 rw-p 00007000 08:13 138150347                      /lib64/librt-2.12.so
3e64000000-3e64016000 r-xp 00000000 08:13 138150344                      /lib64/libresolv-2.12.so
3e64016000-3e64216000 ---p 00016000 08:13 138150344                      /lib64/libresolv-2.12.so
3e64216000-3e64217000 r--p 00016000 08:13 138150344                      /lib64/libresolv-2.12.so
3e64217000-3e64218000 rw-p 00017000 08:13 138150344                      /lib64/libresolv-2.12.so
3e64218000-3e6421a000 rw-p 00000000 00:00 0 
7f7db8000000-7f7dbe41f000 rw-p 00000000 00:00 0 
7f7dbe41f000-7f7dc0000000 ---p 00000000 00:00 0 
7f7dc0000000-7f7dc3fff000 rw-p 00000000 00:00 0 
7f7dc3fff000-7f7dc4000000 ---p 00000000 00:00 0 
7f7dc4000000-7f7dc8000000 rw-p 00000000 00:00 0 
7f7dc8000000-7f7dd0000000 rw-p 00000000 00:00 0 
7f7dd0000000-7f7dd8000000 rw-p 00000000 00:00 0 
7f7dd8000000-7f7de0000000 rw-p 00000000 00:00 0 
7f7de0000000-7f7de8000000 rw-p 00000000 00:00 0 
7f7de8000000-7f7df0000000 rw-p 00000000 00:00 0 
7f7df0000000-7f7df7fff000 rw-p 00000000 00:00 0 
7f7df7fff000-7f7df8000000 ---p 00000000 00:00 0 
7f7df8000000-7f7e00000000 rw-p 00000000 00:00 0 
7f7e00000000-7f7e08000000 rw-p 00000000 00:00 0 
7f7e08000000-7f7e10000000 rw-p 00000000 00:00 0 
7f7e10000000-7f7e18000000 rw-p 00000000 00:00 0 
7f7e18000000-7f7e1bffb000 rw-p 00000000 00:00 0 
7f7e1bffb000-7f7e1c000000 ---p 00000000 00:00 0 
7f7e1c000000-7f7e20000000 rw-p 00000000 00:00 0 
7f7e20000000-7f7e27fff000 rw-p 00000000 00:00 0 
7f7e27fff000-7f7e28000000 ---p 00000000 00:00 0 
7f7e28000000-7f7e30000000 rw-p 00000000 00:00 0 
7f7e30000000-7f7e38000000 rw-p 00000000 00:00 0 
7f7e38000000-7f7e40000000 rw-p 00000000 00:00 0 
7f7e40000000-7f7e48000000 rw-p 00000000 00:00 0 
7f7e48000000-7f7e50000000 rw-p 00000000 00:00 0 
7f7e50000000-7f7e58000000 rw-p 00000000 00:00 0 
7f7e58000000-7f7e60000000 rw-p 00000000 00:00 0 
7f7e60000000-7f7e68000000 rw-p 00000000 00:00 0 
7f7e68000000-7f7e70000000 rw-p 00000000 00:00 0 
7f7e70000000-7f7e78000000 rw-p 00000000 00:00 0 
7f7e78000000-7f7e80000000 rw-p 00000000 00:00 0 
7f7e80000000-7f7e88000000 rw-p 00000000 00:00 0 
7f7e88000000-7f7e90000000 rw-p 00000000 00:00 0 
7f7e90000000-7f7e98000000 rw-p 00000000 00:00 0 
7f7e98000000-7f7ea0000000 rw-p 00000000 00:00 0 
7f7ea0000000-7f7ea8000000 rw-p 00000000 00:00 0 
7f7ea8000000-7f7eabfff000 rw-p 00000000 00:00 0 
7f7eabfff000-7f7eac000000 ---p 00000000 00:00 0 
7f7eac000000-7f7eb0000000 rw-p 00000000 00:00 0 
7f7eb0000000-7f7eb8000000 rw-p 00000000 00:00 0 
7f7eb8000000-7f7ec0000000 rw-p 00000000 00:00 0 
7f7ec0000000-7f7ec8000000 rw-p 00000000 00:00 0 
7f7ec8000000-7f7ed0000000 rw-p 00000000 00:00 0 
7f7ed0000000-7f7ed8000000 rw-p 00000000 00:00 0 
7f7ed8000000-7f7ee0000000 rw-p 00000000 00:00 0 
7f7ee0000000-7f7ee8000000 rw-p 00000000 00:00 0 
7f7ee8000000-7f7ef0000000 rw-p 00000000 00:00 0 
7f7ef0000000-7f7ef8000000 rw-p 00000000 00:00 0 
7f7ef8000000-7f7f00000000 rw-p 00000000 00:00 0 
7f7f00000000-7f7f08000000 rw-p 00000000 00:00 0 
7f7f08000000-7f7f10000000 rw-p 00000000 00:00 0 
7f7f10000000-7f7f18000000 rw-p 00000000 00:00 0 
7f7f18000000-7f7f20000000 rw-p 00000000 00:00 0 
7f7f20000000-7f7f27fff000 rw-p 00000000 00:00 0 
7f7f27fff000-7f7f28000000 ---p 00000000 00:00 0 
7f7f28000000-7f7f30000000 rw-p 00000000 00:00 0 
7f7f30000000-7f7f38000000 rw-p 00000000 00:00 0 
7f7f38000000-7f7f40000000 rw-p 00000000 00:00 0 
7f7f40000000-7f7f48000000 rw-p 00000000 00:00 0 
7f7f48000000-7f7f50000000 rw-p 00000000 00:00 0 
7f7f50000000-7f7f58000000 rw-p 00000000 00:00 0 
7f7f58000000-7f7f60000000 rw-p 00000000 00:00 0 
7f7f60000000-7f7f68000000 rw-p 00000000 00:00 0 
7f7f68000000-7f7f70000000 rw-p 00000000 00:00 0 
7f7f70000000-7f7f78000000 rw-p 00000000 00:00 0 
7f7f78000000-7f7f80000000 rw-p 00000000 00:00 0 
7f7f80000000-7f7f88000000 rw-p 00000000 00:00 0 
7f7f88000000-7f7f90000000 rw-p 00000000 00:00 0 
7f7f90000000-7f7f98000000 rw-p 00000000 00:00 0 
7f7f98000000-7f7fa0000000 rw-p 00000000 00:00 0 
7f7fa0000000-7f7fa8000000 rw-p 00000000 00:00 0 
7f7fa8000000-7f7fb0000000 rw-p 00000000 00:00 0 
7f7fb0000000-7f7fb8000000 rw-p 00000000 00:00 0 
7f7fb8000000-7f7fc0000000 rw-p 00000000 00:00 0 
7f7fc0000000-7f7fc8000000 rw-p 00000000 00:00 0 
7f7fc8000000-7f7fd0000000 rw-p 00000000 00:00 0 
7f7fd0000000-7f7fd8000000 rw-p 00000000 00:00 0 
7f7fd8000000-7f7fe0000000 rw-p 00000000 00:00 0 
7f7fe0000000-7f7fe8000000 rw-p 00000000 00:00 0 
7f7fe8000000-7f7ff0000000 rw-p 00000000 00:00 0 
7f7ff0000000-7f7ff8000000 rw-p 00000000 00:00 0 
7f7ff8000000-7f8000000000 rw-p 00000000 00:00 0 
7f8000000000-7f8008000000 rw-p 00000000 00:00 0 
7f8008000000-7f8010000000 rw-p 00000000 00:00 0 
7f8010000000-7f8018000000 rw-p 00000000 00:00 0 
7f8018000000-7f8020000000 rw-p 00000000 00:00 0 
7f8020000000-7f8028000000 rw-p 00000000 00:00 0 
7f8028000000-7f8030000000 rw-p 00000000 00:00 0 
7f8030000000-7f8038000000 rw-p 00000000 00:00 0 
7f8038000000-7f8040000000 rw-p 00000000 00:00 0 
7f8040000000-7f8048000000 rw-p 00000000 00:00 0 
7f8048000000-7f8050000000 rw-p 00000000 00:00 0 
7f8050000000-7f8058000000 rw-p 00000000 00:00 0 
7f8058000000-7f8060000000 rw-p 00000000 00:00 0 
7f8060000000-7f8068000000 rw-p 00000000 00:00 0 
7f8068000000-7f8070000000 rw-p 00000000 00:00 0 
7f8070000000-7f8078000000 rw-p 00000000 00:00 0 
7f8078000000-7f8080000000 rw-p 00000000 00:00 0 
7f8080000000-7f8088000000 rw-p 00000000 00:00 0 
7f8088000000-7f8090000000 rw-p 00000000 00:00 0 
7f8090000000-7f8098000000 rw-p 00000000 00:00 0 
7f8098000000-7f80a0000000 rw-p 00000000 00:00 0 
7f80a0000000-7f80a8000000 rw-p 00000000 00:00 0 
7f80a8000000-7f80b0000000 rw-p 00000000 00:00 0 
7f80b0000000-7f80b8000000 rw-p 00000000 00:00 0 
7f80b8000000-7f80c0000000 rw-p 00000000 00:00 0 
7f80c0000000-7f80c8000000 rw-p 00000000 00:00 0 
7f80c8000000-7f80d0000000 rw-p 00000000 00:00 0 
7f80d0000000-7f80d8000000 rw-p 00000000 00:00 0 
7f80d8000000-7f80e0000000 rw-p 00000000 00:00 0 
7f80e0000000-7f80e8000000 rw-p 00000000 00:00 0 
7f80e8000000-7f80effff000 rw-p 00000000 00:00 0 
7f80effff000-7f80f0000000 ---p 00000000 00:00 0 
7f80f0000000-7f80f8000000 rw-p 00000000 00:00 0 
7f80f8000000-7f8100000000 rw-p 00000000 00:00 0 
7f8100000000-7f8108000000 rw-p 00000000 00:00 0 
7f8108000000-7f8110000000 rw-p 00000000 00:00 0 
7f8110000000-7f8118000000 rw-p 00000000 00:00 0 
7f8118000000-7f8120000000 rw-p 00000000 00:00 0 
7f8120000000-7f8128000000 rw-p 00000000 00:00 0 
7f8128000000-7f8130000000 rw-p 00000000 00:00 0 
7f8130000000-7f8138000000 rw-p 00000000 00:00 0 
7f8138000000-7f8140000000 rw-p 00000000 00:00 0 
7f8140000000-7f8148000000 rw-p 00000000 00:00 0 
7f8148000000-7f8150000000 rw-p 00000000 00:00 0 
7f8150000000-7f8158000000 rw-p 00000000 00:00 0 
7f8158000000-7f8160000000 rw-p 00000000 00:00 0 
7f8160000000-7f8168000000 rw-p 00000000 00:00 0 
7f8168000000-7f8170000000 rw-p 00000000 00:00 0 
7f8170000000-7f8178000000 rw-p 00000000 00:00 0 
7f8178000000-7f8180000000 rw-p 00000000 00:00 0 
7f8180000000-7f8188000000 rw-p 00000000 00:00 0 
7f8188000000-7f8190000000 rw-p 00000000 00:00 0 
7f8190000000-7f8198000000 rw-p 00000000 00:00 0 
7f8198000000-7f81a0000000 rw-p 00000000 00:00 0 
7f81a0000000-7f81a8000000 rw-p 00000000 00:00 0 
7f81a8000000-7f81b0000000 rw-p 00000000 00:00 0 
7f81b0000000-7f81b8000000 rw-p 00000000 00:00 0 
7f81b8000000-7f81c0000000 rw-p 00000000 00:00 0 
7f81c0000000-7f81c8000000 rw-p 00000000 00:00 0 
7f81c8000000-7f81d0000000 rw-p 00000000 00:00 0 
7f81d0000000-7f81d8000000 rw-p 00000000 00:00 0 
7f81d8000000-7f81e0000000 rw-p 00000000 00:00 0 
7f81e0000000-7f81e8000000 rw-p 00000000 00:00 0 
7f81e8000000-7f81f0000000 rw-p 00000000 00:00 0 
7f81f0000000-7f81f8000000 rw-p 00000000 00:00 0 
7f81f8000000-7f8200000000 rw-p 00000000 00:00 0 
7f8200000000-7f8208000000 rw-p 00000000 00:00 0 
7f8208000000-7f8210000000 rw-p 00000000 00:00 0 
7f8210000000-7f8218000000 rw-p 00000000 00:00 0 
7f8218000000-7f8220000000 rw-p 00000000 00:00 0 
7f8220000000-7f8228000000 rw-p 00000000 00:00 0 
7f8228000000-7f822bfff000 rw-p 00000000 00:00 0 
7f822bfff000-7f822c000000 ---p 00000000 00:00 0 
7f822c000000-7f8230000000 rw-p 00000000 00:00 0 
7f8230000000-7f8233ffe000 rw-p 00000000 00:00 0 
7f8233ffe000-7f8234000000 ---p 00000000 00:00 0 
7f8234000000-7f8238000000 rw-p 00000000 00:00 0 
7f8238000000-7f8240000000 rw-p 00000000 00:00 0 
7f8240000000-7f8248000000 rw-p 00000000 00:00 0 
7f8248000000-7f8250000000 rw-p 00000000 00:00 0 
7f8250000000-7f8258000000 rw-p 00000000 00:00 0 
7f8258000000-7f8260000000 rw-p 00000000 00:00 0 
7f8260000000-7f8268000000 rw-p 00000000 00:00 0 
7f8268000000-7f8270000000 rw-p 00000000 00:00 0 
7f8270000000-7f8278000000 rw-p 00000000 00:00 0 
7f8278000000-7f827ffff000 rw-p 00000000 00:00 0 
7f827ffff000-7f8280000000 ---p 00000000 00:00 0 
7f8280000000-7f8288000000 rw-p 00000000 00:00 0 
7f8288000000-7f8290000000 rw-p 00000000 00:00 0 
7f8290000000-7f8298000000 rw-p 00000000 00:00 0 
7f8298000000-7f82a0000000 rw-p 00000000 00:00 0 
7f82a0000000-7f82a8000000 rw-p 00000000 00:00 0 
7f82a8000000-7f82b0000000 rw-p 00000000 00:00 0 
7f82b0000000-7f82b8000000 rw-p 00000000 00:00 0 
7f82b8000000-7f82c0000000 rw-p 00000000 00:00 0 
7f82c0000000-7f82c8000000 rw-p 00000000 00:00 0 
7f82c8000000-7f82d0000000 rw-p 00000000 00:00 0 
7f82d0000000-7f82d8000000 rw-p 00000000 00:00 0 
7f82d8000000-7f82e0000000 rw-p 00000000 00:00 0 
7f82e0000000-7f82e8000000 rw-p 00000000 00:00 0 
7f82e8000000-7f82f0000000 rw-p 00000000 00:00 0 
7f82f0000000-7f82f7fff000 rw-p 00000000 00:00 0 
7f82f7fff000-7f82f8000000 ---p 00000000 00:00 0 
7f82f8000000-7f82ffffb000 rw-p 00000000 00:00 0 
7f82ffffb000-7f8300000000 ---p 00000000 00:00 0 
7f8300000000-7f8308000000 rw-p 00000000 00:00 0 
7f8308000000-7f8310000000 rw-p 00000000 00:00 0 
7f8310000000-7f8318000000 rw-p 00000000 00:00 0 
7f8318000000-7f831ffff000 rw-p 00000000 00:00 0 
7f831ffff000-7f8320000000 ---p 00000000 00:00 0 
7f8320000000-7f8328000000 rw-p 00000000 00:00 0 
7f8328000000-7f832ffff000 rw-p 00000000 00:00 0 
7f832ffff000-7f8330000000 ---p 00000000 00:00 0 
7f8330000000-7f8338000000 rw-p 00000000 00:00 0 
7f8338000000-7f8340000000 rw-p 00000000 00:00 0 
7f8340000000-7f8348000000 rw-p 00000000 00:00 0 
7f8348000000-7f8350000000 rw-p 00000000 00:00 0 
7f8350000000-7f8358000000 rw-p 00000000 00:00 0 
7f8358000000-7f8360000000 rw-p 00000000 00:00 0 
7f8360000000-7f8368000000 rw-p 00000000 00:00 0 
7f8368000000-7f836bfff000 rw-p 00000000 00:00 0 
7f836bfff000-7f836c000000 ---p 00000000 00:00 0 
7f836c000000-7f8370000000 rw-p 00000000 00:00 0 
7f8370000000-7f8378000000 rw-p 00000000 00:00 0 
7f8378000000-7f8380000000 rw-p 00000000 00:00 0 
7f8380000000-7f8383fff000 rw-p 00000000 00:00 0 
7f8383fff000-7f8384000000 ---p 00000000 00:00 0 
7f8384000000-7f8388000000 rw-p 00000000 00:00 0 
7f8388000000-7f8390000000 rw-p 00000000 00:00 0 
7f8390000000-7f8393fff000 rw-p 00000000 00:00 0 
7f8393fff000-7f8394000000 ---p 00000000 00:00 0 
7f8394000000-7f8398000000 rw-p 00000000 00:00 0 
7f8398000000-7f83a0000000 rw-p 00000000 00:00 0 
7f83a0000000-7f83a7fff000 rw-p 00000000 00:00 0 
7f83a7fff000-7f83a8000000 ---p 00000000 00:00 0 
7f83a8000000-7f83b0000000 rw-p 00000000 00:00 0 
7f83b0000000-7f83b8000000 rw-p 00000000 00:00 0 
7f83b8000000-7f83c0000000 rw-p 00000000 00:00 0 
7f83c0000000-7f83c8000000 rw-p 00000000 00:00 0 
7f83c8000000-7f83d0000000 rw-p 00000000 00:00 0 
7f83d0000000-7f83d8000000 rw-p 00000000 00:00 0 
7f83d8000000-7f83dbfff000 rw-p 00000000 00:00 0 
7f83dbfff000-7f83dc000000 ---p 00000000 00:00 0 
7f83dc000000-7f83e0000000 rw-p 00000000 00:00 0 
7f83e0000000-7f83e8000000 rw-p 00000000 00:00 0 
7f83e8000000-7f83efffc000 rw-p 00000000 00:00 0 
7f83efffc000-7f83f0000000 ---p 00000000 00:00 0 
7f83f0000000-7f83f8000000 rw-p 00000000 00:00 0 
7f83f8000000-7f8400000000 rw-p 00000000 00:00 0 
7f8400000000-7f8408000000 rw-p 00000000 00:00 0 
7f8408000000-7f840fffd000 rw-p 00000000 00:00 0 
7f840fffd000-7f8410000000 ---p 00000000 00:00 0 
7f8410000000-7f8418000000 rw-p 00000000 00:00 0 
7f8418000000-7f841bffe000 rw-p 00000000 00:00 0 
7f841bffe000-7f841c000000 ---p 00000000 00:00 0 
7f841c000000-7f8420000000 rw-p 00000000 00:00 0 
7f8420000000-7f8428000000 rw-p 00000000 00:00 0 
7f8428000000-7f8430000000 rw-p 00000000 00:00 0 
7f8430000000-7f8438000000 rw-p 00000000 00:00 0 
7f8438000000-7f8440000000 rw-p 00000000 00:00 0 
7f8440000000-7f8448000000 rw-p 00000000 00:00 0 
7f8448000000-7f8450000000 rw-p 00000000 00:00 0 
7f8450000000-7f8458000000 rw-p 00000000 00:00 0 
7f8458000000-7f8460000000 rw-p 00000000 00:00 0 
7f8460000000-7f8468000000 rw-p 00000000 00:00 0 
7f8468000000-7f846fffc000 rw-p 00000000 00:00 0 
7f846fffc000-7f8470000000 ---p 00000000 00:00 0 
7f8470000000-7f8478000000 rw-p 00000000 00:00 0 
7f8478000000-7f8480000000 rw-p 00000000 00:00 0 
7f8480000000-7f8488000000 rw-p 00000000 00:00 0 
7f8488000000-7f8490000000 rw-p 00000000 00:00 0 
7f8490000000-7f8498000000 rw-p 00000000 00:00 0 
7f8498000000-7f84a0000000 rw-p 00000000 00:00 0 
7f84a0000000-7f84a8000000 rw-p 00000000 00:00 0 
7f84a8000000-7f84b0000000 rw-p 00000000 00:00 0 
7f84b0000000-7f84b8000000 rw-p 00000000 00:00 0 
7f84b8000000-7f84bbffe000 rw-p 00000000 00:00 0 
7f84bbffe000-7f84bc000000 ---p 00000000 00:00 0 
7f84bc000000-7f84c0000000 rw-p 00000000 00:00 0 
7f84c0000000-7f84c8000000 rw-p 00000000 00:00 0 
7f84c8000000-7f84cfffd000 rw-p 00000000 00:00 0 
7f84cfffd000-7f84d0000000 ---p 00000000 00:00 0 
7f84d0000000-7f84d8000000 rw-p 00000000 00:00 0 
7f84d8000000-7f84dbfff000 rw-p 00000000 00:00 0 
7f84dbfff000-7f84dc000000 ---p 00000000 00:00 0 
7f84dc000000-7f84e0000000 rw-p 00000000 00:00 0 
7f84e0000000-7f84e8000000 rw-p 00000000 00:00 0 
7f84e8000000-7f84f0000000 rw-p 00000000 00:00 0 
7f84f0000000-7f84f8000000 rw-p 00000000 00:00 0 
7f84f8000000-7f8500000000 rw-p 00000000 00:00 0 
7f8500000000-7f8508000000 rw-p 00000000 00:00 0 
7f8508000000-7f8510000000 rw-p 00000000 00:00 0 
7f8510000000-7f8518000000 rw-p 00000000 00:00 0 
7f8518000000-7f8520000000 rw-p 00000000 00:00 0 
7f8520000000-7f8523ffe000 rw-p 00000000 00:00 0 
7f8523ffe000-7f8524000000 ---p 00000000 00:00 0 
7f8524000000-7f8528000000 rw-p 00000000 00:00 0 
7f8528000000-7f8530000000 rw-p 00000000 00:00 0 
7f8530000000-7f8538000000 rw-p 00000000 00:00 0 
7f8538000000-7f8540000000 rw-p 00000000 00:00 0 
7f8540000000-7f8543fff000 rw-p 00000000 00:00 0 
7f8543fff000-7f8544000000 ---p 00000000 00:00 0 
7f8544000000-7f8548000000 rw-p 00000000 00:00 0 
7f8548000000-7f8548333000 rw-p 00000000 00:00 0 
7f8548333000-7f854c000000 ---p 00000000 00:00 0 
7f8550000000-7f8554000000 rw-p 00000000 00:00 0 
7f8558000000-7f8560000000 rw-p 00000000 00:00 0 
7f8560000000-7f8560021000 rw-p 00000000 00:00 0 
7f8560021000-7f8564000000 ---p 00000000 00:00 0 
7f8564000000-7f8564021000 rw-p 00000000 00:00 0 
7f8564021000-7f8568000000 ---p 00000000 00:00 0 
7f8568000000-7f8568dcd000 rw-p 00000000 00:00 0 
7f8568dcd000-7f856c000000 ---p 00000000 00:00 0 
7f856c000000-7f856cbea000 rw-p 00000000 00:00 0 
7f856cbea000-7f8570000000 ---p 00000000 00:00 0 
7f8570000000-7f8570439000 rw-p 00000000 00:00 0 
7f8570439000-7f8574000000 ---p 00000000 00:00 0 
7f8574000000-7f85745c6000 rw-p 00000000 00:00 0 
7f85745c6000-7f8578000000 ---p 00000000 00:00 0 
7f8578000000-7f8578e14000 rw-p 00000000 00:00 0 
7f8578e14000-7f857c000000 ---p 00000000 00:00 0 
7f857c000000-7f857d72b000 rw-p 00000000 00:00 0 
7f857d72b000-7f8580000000 ---p 00000000 00:00 0 
7f8580000000-7f85810cf000 rw-p 00000000 00:00 0 
7f85810cf000-7f8584000000 ---p 00000000 00:00 0 
7f8584000000-7f8585bce000 rw-p 00000000 00:00 0 
7f8585bce000-7f8588000000 ---p 00000000 00:00 0 
7f8588000000-7f8589582000 rw-p 00000000 00:00 0 
7f8589582000-7f858c000000 ---p 00000000 00:00 0 
7f858c000000-7f858d471000 rw-p 00000000 00:00 0 
7f858d471000-7f8590000000 ---p 00000000 00:00 0 
7f8590000000-7f8591611000 rw-p 00000000 00:00 0 
7f8591611000-7f8594000000 ---p 00000000 00:00 0 
7f8594000000-7f8595baa000 rw-p 00000000 00:00 0 
7f8595baa000-7f8598000000 ---p 00000000 00:00 0 
7f8598000000-7f8598021000 rw-p 00000000 00:00 0 
7f8598021000-7f859c000000 ---p 00000000 00:00 0 
7f859e16f000-7f85a4000000 r--p 00000000 08:13 37770718                   /usr/lib/locale/locale-archive
7f85a4000000-7f85a4021000 rw-p 00000000 00:00 0 
7f85a4021000-7f85a8000000 ---p 00000000 00:00 0 
7f85a8000000-7f85a8021000 rw-p 00000000 00:00 0 
7f85a8021000-7f85ac000000 ---p 00000000 00:00 0 
7f85ac000000-7f8634000000 rw-p 00000000 00:00 0 
7f8634000000-7f86340e6000 rw-p 00000000 00:00 0 
7f86340e6000-7f8638000000 ---p 00000000 00:00 0 
7f8638000000-7f863806b000 rw-p 00000000 00:00 0 
7f863806b000-7f863c000000 ---p 00000000 00:00 0 
7f863c000000-7f863ff81000 rw-p 00000000 00:00 0 
7f863ff81000-7f8640000000 ---p 00000000 00:00 0 
7f8644000000-7f86440d1000 rw-p 00000000 00:00 0 
7f86440d1000-7f8648000000 ---p 00000000 00:00 0 
7f864c000000-7f8650000000 rw-p 00000000 00:00 0 
7f8654000000-7f8658000000 rw-p 00000000 00:00 0 
7f865c000000-7f8660000000 rw-p 00000000 00:00 0 
7f8664000000-7f8665028000 rw-p 00000000 00:00 0 
7f8665028000-7f8668000000 ---p 00000000 00:00 0 
7f866c000000-7f866c0bc000 rw-p 00000000 00:00 0 
7f866c0bc000-7f8670000000 ---p 00000000 00:00 0 
7f8674000000-7f86755d1000 rw-p 00000000 00:00 0 
7f86755d1000-7f8678000000 ---p 00000000 00:00 0 
7f867c000000-7f867f240000 rw-p 00000000 00:00 0 
7f867f240000-7f8680000000 ---p 00000000 00:00 0 
7f8684000000-7f8684022000 rw-p 00000000 00:00 0 
7f8684022000-7f8688000000 ---p 00000000 00:00 0 
7f868c000000-7f868edf7000 rw-p 00000000 00:00 0 
7f868edf7000-7f8690000000 ---p 00000000 00:00 0 
7f8694000000-7f869419b000 rw-p 00000000 00:00 0 
7f869419b000-7f8698000000 ---p 00000000 00:00 0 
7f8698c92000-7f8699c93000 rw-p 00000000 00:00 0 
7f869a594000-7f869a995000 rw-p 00000000 00:00 0 
7f869a995000-7f869aa95000 ---p 00000000 00:00 0 
7f869aa95000-7f869ac95000 rw-p 00000000 00:00 0 
7f869ac95000-7f869ae95000 rw-p 00000000 00:00 0 
7f869ae95000-7f869b095000 rw-p 00000000 00:00 0 
7f869b095000-7f869b098000 r--s 0001a000 00:22 704545529                  /remote/rs/tien/anhnt/ChangeInference/jdk-8u45-linux-x64/jdk1.8.0_45/jre/lib/jce.jar
7f869b098000-7f869b15c000 r-xp 00000000 00:22 706542187                  /remote/rs/tien/anhnt/TextToCode/workspace1/MyStackOverflow/libs/libsqlite4java-linux-amd64.so
7f869b15c000-7f869b35c000 ---p 000c4000 00:22 706542187                  /remote/rs/tien/anhnt/TextToCode/workspace1/MyStackOverflow/libs/libsqlite4java-linux-amd64.so
7f869b35c000-7f869b35e000 r--p 000c4000 00:22 706542187                  /remote/rs/tien/anhnt/TextToCode/workspace1/MyStackOverflow/libs/libsqlite4java-linux-amd64.so
7f869b35e000-7f869b361000 rw-p 000c6000 00:22 706542187                  /remote/rs/tien/anhnt/TextToCode/workspace1/MyStackOverflow/libs/libsqlite4java-linux-amd64.so
7f869b361000-7f869b36c000 r--s 00116000 00:22 704545502                  /remote/rs/tien/anhnt/ChangeInference/jdk-8u45-linux-x64/jdk1.8.0_45/jre/lib/ext/localedata.jar
7f869b36c000-7f869b388000 r--s 00393000 00:22 704545504                  /remote/rs/tien/anhnt/ChangeInference/jdk-8u45-linux-x64/jdk1.8.0_45/jre/lib/ext/cldrdata.jar
7f869b388000-7f869b38b000 r--s 0001e000 00:22 706542194                  /remote/rs/tien/anhnt/TextToCode/workspace1/MyStackOverflow/libs/sqlite4java.jar
7f869b38b000-7f869b39f000 r--s 00121000 00:22 704527013                  /remote/rs/tien/anhnt/TextToCode/eclipse/plugins/org.eclipse.osgi_3.10.1.v20140909-1633.jar
7f869b39f000-7f869b3be000 r--s 001b3000 00:22 704531645                  /remote/rs/tien/anhnt/TextToCode/eclipse/plugins/org.eclipse.jgit_3.4.1.201406201815-r.jar
7f869b3be000-7f869b3eb000 r--s 00522000 00:22 704531535                  /remote/rs/tien/anhnt/TextToCode/eclipse/plugins/org.eclipse.jdt.core_3.10.0.v20140902-0626.jar
7f869b3eb000-7f869b3ed000 r--s 0007f000 00:22 706517600                  /remote/rs/tien/anhnt/TextToCode/workspace1/MyStackOverflow/libs/snappy-java-1.1.0-M4.jar
7f869b3ed000-7f869b3fa000 r--s 00075000 00:22 704564183                  /remote/rs/tien/anhnt/GATE_Developer_8.1/lib/xstream-1.4.7.jar
7f869b3fa000-7f869b3fd000 r--s 0001b000 00:22 704564182                  /remote/rs/tien/anhnt/GATE_Developer_8.1/lib/xpp3-1.1.4c.jar
7f869b3fd000-7f869b3ff000 r--s 00016000 00:22 704564181                  /remote/rs/tien/anhnt/GATE_Developer_8.1/lib/xmlunit-1.5.jar
7f869b3ff000-7f869b43d000 r--s 0025d000 00:22 704564180                  /remote/rs/tien/anhnt/GATE_Developer_8.1/lib/xmlbeans-2.6.0.jar
7f869b43d000-7f869b4f5000 r--s 0049f000 00:22 704564163                  /remote/rs/tien/anhnt/GATE_Developer_8.1/lib/poi-ooxml-schemas-3.11.jar
7f869b4f5000-7f869b4f6000 ---p 00000000 00:00 0 
7f869b4f6000-7f869b5f6000 rw-p 00000000 00:00 0 
7f869b5f6000-7f869b5f9000 ---p 00000000 00:00 0 
7f869b5f9000-7f869b6f7000 rw-p 00000000 00:00 0 
7f869b6f7000-7f869b6fa000 ---p 00000000 00:00 0 
7f869b6fa000-7f869b7f8000 rw-p 00000000 00:00 0 
7f869b7f8000-7f869b7fb000 ---p 00000000 00:00 0 
7f869b7fb000-7f869b8f9000 rw-p 00000000 00:00 0 
7f869b8f9000-7f869b8fc000 ---p 00000000 00:00 0 
7f869b8fc000-7f869b9fa000 rw-p 00000000 00:00 0 
7f869b9fa000-7f869b9fd000 ---p 00000000 00:00 0 
7f869b9fd000-7f869bafb000 rw-p 00000000 00:00 0 
7f869bafb000-7f869bafe000 ---p 00000000 00:00 0 
7f869bafe000-7f869bbfc000 rw-p 00000000 00:00 0 
7f869bbfc000-7f869bbff000 ---p 00000000 00:00 0 
7f869bbff000-7f869bcfd000 rw-p 00000000 00:00 0 
7f869bcfd000-7f869bd00000 ---p 00000000 00:00 0 
7f869bd00000-7f869bdfe000 rw-p 00000000 00:00 0 
7f869bdfe000-7f869be01000 ---p 00000000 00:00 0 
7f869be01000-7f869beff000 rw-p 00000000 00:00 0 
7f869beff000-7f869bf02000 ---p 00000000 00:00 0 
7f869bf02000-7f869c000000 rw-p 00000000 00:00 0 
7f869c000000-7f86a0000000 rw-p 00000000 00:00 0 
7f86a0000000-7f86a00e9000 rw-p 00000000 00:00 0 
7f86a00e9000-7f86a4000000 ---p 00000000 00:00 0 
7f86a4000000-7f86a48c7000 rw-p 00000000 00:00 0 
7f86a48c7000-7f86a8000000 ---p 00000000 00:00 0 
7f86a8000000-7f86a955d000 rw-p 00000000 00:00 0 
7f86a955d000-7f86ac000000 ---p 00000000 00:00 0 
7f86ac000000-7f86b0000000 rw-p 00000000 00:00 0 
7f86b0002000-7f86b0006000 r--s 0001c000 00:22 704531553                  /remote/rs/tien/anhnt/TextToCode/eclipse/plugins/org.eclipse.equinox.preferences_3.5.200.v20140224-1527.jar
7f86b0006000-7f86b0009000 r--s 00018000 00:22 704528916                  /remote/rs/tien/anhnt/TextToCode/eclipse/plugins/org.eclipse.equinox.common_3.6.200.v20130402-1505.jar
7f86b0009000-7f86b000b000 r--s 00011000 00:22 704527679                  /remote/rs/tien/anhnt/TextToCode/eclipse/plugins/org.eclipse.core.runtime_3.10.0.v20140318-2214.jar
7f86b000b000-7f86b0016000 r--s 000c1000 00:22 704531606                  /remote/rs/tien/anhnt/TextToCode/eclipse/plugins/org.eclipse.core.resources_3.9.1.v20140825-1431.jar
7f86b0016000-7f86b0018000 r--s 00016000 00:22 704531604                  /remote/rs/tien/anhnt/TextToCode/eclipse/plugins/org.eclipse.core.jobs_3.6.0.v20140424-0053.jar
7f86b0018000-7f86b001a000 r--s 00015000 00:22 704528908                  /remote/rs/tien/anhnt/TextToCode/eclipse/plugins/org.eclipse.core.contenttype_3.4.200.v20140207-1251.jar
7f86b001a000-7f86b0020000 r--s 00047000 00:22 706517876                  /remote/rs/tien/anhnt/TextToCode/workspace1/MyStackOverflow/libs/jsoup-1.8.2.jar
7f86b0020000-7f86b0038000 r--s 00115000 00:22 704564179                  /remote/rs/tien/anhnt/GATE_Developer_8.1/lib/xercesImpl-2.9.1.jar
7f86b0038000-7f86b003e000 r--s 00072000 00:22 704564178                  /remote/rs/tien/anhnt/GATE_Developer_8.1/lib/woodstox-core-lgpl-4.2.0.jar
7f86b003e000-7f86b0047000 r--s 00086000 00:22 704564170                  /remote/rs/tien/anhnt/GATE_Developer_8.1/lib/tika-parsers-1.7.jar
7f86b0047000-7f86b004e000 r--s 0007a000 00:22 704564169                  /remote/rs/tien/anhnt/GATE_Developer_8.1/lib/tika-core-1.7.jar
7f86b004e000-7f86b0052000 r--s 00029000 00:22 704564168                  /remote/rs/tien/anhnt/GATE_Developer_8.1/lib/stax2-api-3.1.1.jar
7f86b0052000-7f86b0058000 r--s 00040000 00:22 704564167                  /remote/rs/tien/anhnt/GATE_Developer_8.1/lib/spring-core-2.5.6.SEC01.jar
7f86b0058000-7f86b0062000 r--s 0006e000 00:22 704564166                  /remote/rs/tien/anhnt/GATE_Developer_8.1/lib/spring-beans-2.5.6.SEC01.jar
7f86b0062000-7f86b006a000 r--s 00048000 00:22 704564165                  /remote/rs/tien/anhnt/GATE_Developer_8.1/lib/spring-aop-2.5.6.SEC01.jar
7f86b006a000-7f86b007a000 r--s 0012b000 00:22 704564164                  /remote/rs/tien/anhnt/GATE_Developer_8.1/lib/poi-scratchpad-3.11.jar
7f86b007a000-7f86b0089000 r--s 00119000 00:22 704564162                  /remote/rs/tien/anhnt/GATE_Developer_8.1/lib/poi-ooxml-3.11.jar
7f86b0089000-7f86b00ab000 r--s 001da000 00:22 704564161                  /remote/rs/tien/anhnt/GATE_Developer_8.1/lib/poi-3.11.jar
7f86b00ab000-7f86b00c3000 r--s 003cc000 00:22 704564160                  /remote/rs/tien/anhnt/GATE_Developer_8.1/lib/pdfbox-1.8.8.jar
7f86b00c3000-7f86b00c6000 r--s 0001c000 00:22 704564159                  /remote/rs/tien/anhnt/GATE_Developer_8.1/lib/nekohtml-1.9.14.jar
7f86b00c6000-7f86b00cf000 r--s 0006f000 00:22 704564158                  /remote/rs/tien/anhnt/GATE_Developer_8.1/lib/log4j-1.2.17.jar
7f86b00cf000-7f86b00d5000 r--s 00036000 00:22 704564157                  /remote/rs/tien/anhnt/GATE_Developer_8.1/lib/junit-4.11.jar
7f86b00d5000-7f86b00e4000 r--s 00081000 00:22 704564156                  /remote/rs/tien/anhnt/GATE_Developer_8.1/lib/joda-time-2.6.jar
7f86b00e4000-7f86b00e6000 r--s 0000b000 00:22 704564155                  /remote/rs/tien/anhnt/GATE_Developer_8.1/lib/jempbox-1.8.8.jar
7f86b00e6000-7f86b00e8000 r--s 00023000 00:22 704564154                  /remote/rs/tien/anhnt/GATE_Developer_8.1/lib/jdom-1.1.3.jar
7f86b00e8000-7f86b00ee000 r--s 00033000 00:22 704564153                  /remote/rs/tien/anhnt/GATE_Developer_8.1/lib/jaxen-1.1.6.jar
7f86b00ee000-7f86b00ff000 r--s 000cf000 00:22 704564151                  /remote/rs/tien/anhnt/GATE_Developer_8.1/lib/jackson-databind-2.3.2.jar
7f86b00ff000-7f86b0102000 ---p 00000000 00:00 0 
7f86b0102000-7f86b0200000 rw-p 00000000 00:00 0 
7f86b0200000-7f86b0203000 ---p 00000000 00:00 0 
7f86b0203000-7f86b0301000 rw-p 00000000 00:00 0 
7f86b0301000-7f86b0304000 ---p 00000000 00:00 0 
7f86b0304000-7f86b0402000 rw-p 00000000 00:00 0 
7f86b0402000-7f86b0405000 ---p 00000000 00:00 0 
7f86b0405000-7f86b0503000 rw-p 00000000 00:00 0 
7f86b0503000-7f86b0506000 ---p 00000000 00:00 0 
7f86b0506000-7f86b0604000 rw-p 00000000 00:00 0 
7f86b0604000-7f86b0607000 ---p 00000000 00:00 0 
7f86b0607000-7f86b0705000 rw-p 00000000 00:00 0 
7f86b0705000-7f86b0706000 ---p 00000000 00:00 0 
7f86b0706000-7f86b60b2000 rw-p 00000000 00:00 0 
7f86b60b2000-7f86b8fff000 ---p 00000000 00:00 0 
7f86b8fff000-7f86bb608000 rw-p 00000000 00:00 0 
7f86bb608000-7f86be554000 ---p 00000000 00:00 0 
7f86be554000-7f86bf7cf000 rw-p 00000000 00:00 0 
7f86bf7cf000-7f86c0fff000 ---p 00000000 00:00 0 
7f86c0fff000-7f8b82200000 rw-p 00000000 00:00 0 
7f8b82200000-7f916bb00000 ---p 00000000 00:00 0 
7f916bb00000-7f93bb000000 rw-p 00000000 00:00 0 
7f93bb000000-7f96c1000000 ---p 00000000 00:00 0 
7f96c1000000-7f96c21d0000 rwxp 00000000 00:00 0 
7f96c21d0000-7f96d0000000 ---p 00000000 00:00 0 
7f96d0000000-7f96d3ffc000 rw-p 00000000 00:00 0 
7f96d3ffc000-7f96d4000000 ---p 00000000 00:00 0 
7f96d4000000-7f96d4005000 r--s 00094000 00:22 704545404                  /remote/rs/tien/anhnt/ChangeInference/jdk-8u45-linux-x64/jdk1.8.0_45/jre/lib/jsse.jar
7f96d4005000-7f96d4006000 r--s 0000e000 00:22 704564152                  /remote/rs/tien/anhnt/GATE_Developer_8.1/lib/java-getopt-1.0.13.jar
7f96d4006000-7f96d4009000 r--s 0002e000 00:22 704564150                  /remote/rs/tien/anhnt/GATE_Developer_8.1/lib/jackson-core-2.3.2.jar
7f96d4009000-7f96d400b000 r--s 00007000 00:22 704564149                  /remote/rs/tien/anhnt/GATE_Developer_8.1/lib/jackson-annotations-2.3.0.jar
7f96d400b000-7f96d4020000 r--s 00116000 00:22 704564147                  /remote/rs/tien/anhnt/GATE_Developer_8.1/lib/ivy-2.3.0.jar
7f96d4020000-7f96d4022000 r--s 00009000 00:22 704564146                  /remote/rs/tien/anhnt/GATE_Developer_8.1/lib/hamcrest-core-1.3.jar
7f96d4022000-7f96d4036000 r--s 0021c000 00:22 704564145                  /remote/rs/tien/anhnt/GATE_Developer_8.1/lib/gate-compiler-jdt-4.3.2-P20140317-1600.jar
7f96d4036000-7f96d403b000 r--s 00037000 00:22 704564144                  /remote/rs/tien/anhnt/GATE_Developer_8.1/lib/gate-asm-5.0.3.jar
7f96d403b000-7f96d403f000 r--s 00032000 00:22 704564143                  /remote/rs/tien/anhnt/GATE_Developer_8.1/lib/fontbox-1.8.8.jar
7f96d403f000-7f96d4051000 r--s 000fd000 00:22 704564142                  /remote/rs/tien/anhnt/GATE_Developer_8.1/lib/flying-saucer-core-9.0.4.jar
7f96d4051000-7f96d4053000 r--s 0000e000 00:22 704564141                  /remote/rs/tien/anhnt/GATE_Developer_8.1/lib/commons-logging-1.1.3.jar
7f96d4053000-7f96d4058000 r--s 00041000 00:22 704564140                  /remote/rs/tien/anhnt/GATE_Developer_8.1/lib/commons-lang-2.6.jar
7f96d4058000-7f96d405c000 r--s 0002a000 00:22 704564139                  /remote/rs/tien/anhnt/GATE_Developer_8.1/lib/commons-io-2.4.jar
7f96d405c000-7f96d4063000 r--s 00053000 00:22 704564138                  /remote/rs/tien/anhnt/GATE_Developer_8.1/lib/commons-compress-1.8.1.jar
7f96d4063000-7f96d406a000 r--s 0003a000 00:22 704564137                  /remote/rs/tien/anhnt/GATE_Developer_8.1/lib/commons-codec-1.9.jar
7f96d406a000-7f96d408f000 r--s 00172000 00:22 704564136                  /remote/rs/tien/anhnt/GATE_Developer_8.1/lib/bcprov-jdk15-1.45.jar
7f96d408f000-7f96d4094000 r--s 00033000 00:22 704564135                  /remote/rs/tien/anhnt/GATE_Developer_8.1/lib/bcmail-jdk15-1.45.jar
7f96d4094000-7f96d409b000 r--s 00044000 00:22 704564134                  /remote/rs/tien/anhnt/GATE_Developer_8.1/lib/apache-mime4j-dom-0.7.2.jar
7f96d409b000-7f96d409e000 r--s 00015000 00:22 704564133                  /remote/rs/tien/anhnt/GATE_Developer_8.1/lib/apache-mime4j-core-0.7.2.jar
7f96d409e000-7f96d40a0000 r--s 00000000 00:22 704564132                  /remote/rs/tien/anhnt/GATE_Developer_8.1/lib/aopalliance-1.0.jar
7f96d40a0000-7f96d40d3000 r--s 00378000 00:22 704827651                  /remote/rs/tien/anhnt/TextToCode/workspace1/StackOverflowMain/libs/gate.jar
7f96d40d3000-7f96d4a2b000 rw-p 00000000 00:00 0 
7f96d4a2b000-7f96d4c04000 r--s 03d09000 00:22 704545406                  /remote/rs/tien/anhnt/ChangeInference/jdk-8u45-linux-x64/jdk1.8.0_45/jre/lib/rt.jar
7f96d4c04000-7f96d54fd000 rw-p 00000000 00:00 0 
7f96d54fd000-7f96d59fd000 rw-p 00000000 00:00 0 
7f96d59fd000-7f96d59fe000 ---p 00000000 00:00 0 
7f96d59fe000-7f96d5afe000 rw-p 00000000 00:00 0 
7f96d5afe000-7f96d5aff000 ---p 00000000 00:00 0 
7f96d5aff000-7f96d5bff000 rw-p 00000000 00:00 0 
7f96d5bff000-7f96d5c00000 ---p 00000000 00:00 0 
7f96d5c00000-7f96d5d00000 rw-p 00000000 00:00 0 
7f96d5d00000-7f96d5d01000 ---p 00000000 00:00 0 
7f96d5d01000-7f96d5e01000 rw-p 00000000 00:00 0 
7f96d5e01000-7f96d5e02000 ---p 00000000 00:00 0 
7f96d5e02000-7f96d5f02000 rw-p 00000000 00:00 0 
7f96d5f02000-7f96d5f03000 ---p 00000000 00:00 0 
7f96d5f03000-7f96d6003000 rw-p 00000000 00:00 0 
7f96d6003000-7f96d6004000 ---p 00000000 00:00 0 
7f96d6004000-7f96d6104000 rw-p 00000000 00:00 0 
7f96d6104000-7f96d6105000 ---p 00000000 00:00 0 
7f96d6105000-7f96d6205000 rw-p 00000000 00:00 0 
7f96d6205000-7f96d6206000 ---p 00000000 00:00 0 
7f96d6206000-7f96d6306000 rw-p 00000000 00:00 0 
7f96d6306000-7f96d6307000 ---p 00000000 00:00 0 
7f96d6307000-7f96d6407000 rw-p 00000000 00:00 0 
7f96d6407000-7f96d6408000 ---p 00000000 00:00 0 
7f96d6408000-7f96d6508000 rw-p 00000000 00:00 0 
7f96d6508000-7f96d6509000 ---p 00000000 00:00 0 
7f96d6509000-7f96d6609000 rw-p 00000000 00:00 0 
7f96d6609000-7f96d660a000 ---p 00000000 00:00 0 
7f96d660a000-7f96d670a000 rw-p 00000000 00:00 0 
7f96d670a000-7f96d670b000 ---p 00000000 00:00 0 
7f96d670b000-7f96d680b000 rw-p 00000000 00:00 0 
7f96d680b000-7f96d680c000 ---p 00000000 00:00 0 
7f96d680c000-7f96d690c000 rw-p 00000000 00:00 0 
7f96d690c000-7f96d690d000 ---p 00000000 00:00 0 
7f96d690d000-7f96d6a0d000 rw-p 00000000 00:00 0 
7f96d6a0d000-7f96d6a0e000 ---p 00000000 00:00 0 
7f96d6a0e000-7f96d6b0e000 rw-p 00000000 00:00 0 
7f96d6b0e000-7f96d6b0f000 ---p 00000000 00:00 0 
7f96d6b0f000-7f96d6c57000 rw-p 00000000 00:00 0 
7f96d6c57000-7f96d6fcf000 ---p 00000000 00:00 0 
7f96d6fcf000-7f96d6fe9000 r-xp 00000000 00:22 704545430                  /remote/rs/tien/anhnt/ChangeInference/jdk-8u45-linux-x64/jdk1.8.0_45/jre/lib/amd64/libzip.so
7f96d6fe9000-7f96d71e9000 ---p 0001a000 00:22 704545430                  /remote/rs/tien/anhnt/ChangeInference/jdk-8u45-linux-x64/jdk1.8.0_45/jre/lib/amd64/libzip.so
7f96d71e9000-7f96d71ea000 rw-p 0001a000 00:22 704545430                  /remote/rs/tien/anhnt/ChangeInference/jdk-8u45-linux-x64/jdk1.8.0_45/jre/lib/amd64/libzip.so
7f96d71ea000-7f96d71ee000 r-xp 00000000 08:13 138150000                  /lib64/libnss_hesiod-2.12.so
7f96d71ee000-7f96d73ed000 ---p 00004000 08:13 138150000                  /lib64/libnss_hesiod-2.12.so
7f96d73ed000-7f96d73ee000 r--p 00003000 08:13 138150000                  /lib64/libnss_hesiod-2.12.so
7f96d73ee000-7f96d73ef000 rw-p 00004000 08:13 138150000                  /lib64/libnss_hesiod-2.12.so
7f96d73ef000-7f96d73fb000 r-xp 00000000 08:13 138149981                  /lib64/libnss_files-2.12.so
7f96d73fb000-7f96d75fb000 ---p 0000c000 08:13 138149981                  /lib64/libnss_files-2.12.so
7f96d75fb000-7f96d75fc000 r--p 0000c000 08:13 138149981                  /lib64/libnss_files-2.12.so
7f96d75fc000-7f96d75fd000 rw-p 0000d000 08:13 138149981                  /lib64/libnss_files-2.12.so
7f96d75fd000-7f96d75fe000 r--s 00004000 00:22 704564131                  /remote/rs/tien/anhnt/GATE_Developer_8.1/lib/ant-launcher-1.9.3.jar
7f96d75fe000-7f96d761d000 r--s 001cc000 00:22 704564130                  /remote/rs/tien/anhnt/GATE_Developer_8.1/lib/ant-1.9.3.jar
7f96d761d000-7f96d7647000 r-xp 00000000 00:22 704545423                  /remote/rs/tien/anhnt/ChangeInference/jdk-8u45-linux-x64/jdk1.8.0_45/jre/lib/amd64/libjava.so
7f96d7647000-7f96d7847000 ---p 0002a000 00:22 704545423                  /remote/rs/tien/anhnt/ChangeInference/jdk-8u45-linux-x64/jdk1.8.0_45/jre/lib/amd64/libjava.so
7f96d7847000-7f96d7849000 rw-p 0002a000 00:22 704545423                  /remote/rs/tien/anhnt/ChangeInference/jdk-8u45-linux-x64/jdk1.8.0_45/jre/lib/amd64/libjava.so
7f96d7849000-7f96d7856000 r-xp 00000000 00:22 704545464                  /remote/rs/tien/anhnt/ChangeInference/jdk-8u45-linux-x64/jdk1.8.0_45/jre/lib/amd64/libverify.so
7f96d7856000-7f96d7a56000 ---p 0000d000 00:22 704545464                  /remote/rs/tien/anhnt/ChangeInference/jdk-8u45-linux-x64/jdk1.8.0_45/jre/lib/amd64/libverify.so
7f96d7a56000-7f96d7a58000 rw-p 0000d000 00:22 704545464                  /remote/rs/tien/anhnt/ChangeInference/jdk-8u45-linux-x64/jdk1.8.0_45/jre/lib/amd64/libverify.so
7f96d7a58000-7f96d7a5b000 ---p 00000000 00:00 0 
7f96d7a5b000-7f96d7b59000 rw-p 00000000 00:00 0 
7f96d7b59000-7f96d8807000 r-xp 00000000 00:22 704545469                  /remote/rs/tien/anhnt/ChangeInference/jdk-8u45-linux-x64/jdk1.8.0_45/jre/lib/amd64/server/libjvm.so
7f96d8807000-7f96d8a06000 ---p 00cae000 00:22 704545469                  /remote/rs/tien/anhnt/ChangeInference/jdk-8u45-linux-x64/jdk1.8.0_45/jre/lib/amd64/server/libjvm.so
7f96d8a06000-7f96d8add000 rw-p 00cad000 00:22 704545469                  /remote/rs/tien/anhnt/ChangeInference/jdk-8u45-linux-x64/jdk1.8.0_45/jre/lib/amd64/server/libjvm.so
7f96d8add000-7f96d8b24000 rw-p 00000000 00:00 0 
7f96d8b24000-7f96d8b39000 r-xp 00000000 00:22 704545741                  /remote/rs/tien/anhnt/ChangeInference/jdk-8u45-linux-x64/jdk1.8.0_45/lib/amd64/jli/libjli.so
7f96d8b39000-7f96d8d39000 ---p 00015000 00:22 704545741                  /remote/rs/tien/anhnt/ChangeInference/jdk-8u45-linux-x64/jdk1.8.0_45/lib/amd64/jli/libjli.so
7f96d8d39000-7f96d8d3a000 rw-p 00015000 00:22 704545741                  /remote/rs/tien/anhnt/ChangeInference/jdk-8u45-linux-x64/jdk1.8.0_45/lib/amd64/jli/libjli.so
7f96d8d3a000-7f96d8d3b000 rw-p 00000000 00:00 0 
7f96d8d3b000-7f96d8d43000 r--s 00061000 00:22 704827653                  /remote/rs/tien/anhnt/TextToCode/workspace1/StackOverflowMain/libs/org.apache.log4j_1.2.15.v201012070815.jar
7f96d8d43000-7f96d8d45000 r--s 0007f000 00:22 704827654                  /remote/rs/tien/anhnt/TextToCode/workspace1/StackOverflowMain/libs/snappy-java-1.1.0-M4.jar
7f96d8d45000-7f96d8d47000 r--s 00009000 00:22 704827993                  /remote/rs/tien/anhnt/TextToCode/workspace1/stackoverflow-java-sdk/dev-lib/commons-cli-1.2.jar
7f96d8d47000-7f96d8d4b000 r--s 00025000 00:22 704827997                  /remote/rs/tien/anhnt/TextToCode/workspace1/stackoverflow-java-sdk/lib/gson-1.4.jar
7f96d8d4b000-7f96d8d51000 r--s 0002b000 00:22 704827994                  /remote/rs/tien/anhnt/TextToCode/workspace1/stackoverflow-java-sdk/dev-lib/junit-4.5.jar
7f96d8d51000-7f96d8d59000 rw-s 00000000 08:13 68163245                   /tmp/hsperfdata_anhnt/10458
7f96d8d59000-7f96d8d5a000 rw-p 00000000 00:00 0 
7f96d8d5a000-7f96d8d5b000 r--p 00000000 00:00 0 
7f96d8d5b000-7f96d8d5c000 rw-p 00000000 00:00 0 
7fff393ad000-7fff393c3000 rw-p 00000000 00:00 0                          [stack]
7fff393ff000-7fff39400000 r-xp 00000000 00:00 0                          [vdso]
ffffffffff600000-ffffffffff601000 r-xp 00000000 00:00 0                  [vsyscall]

VM Arguments:
jvm_args: -Xmx64g -Dfile.encoding=UTF-8 
java_command: databaseprocess.CLTFileProcessing
java_class_path (initial): /remote/rs/tien/anhnt/TextToCode/workspace1/StackOverflowMain/bin:/remote/rs/tien/anhnt/TextToCode/workspace1/stackoverflow-java-sdk/bin:/remote/rs/tien/anhnt/TextToCode/workspace1/stackoverflow-java-sdk/dev-lib/junit-4.5.jar:/remote/rs/tien/anhnt/TextToCode/workspace1/stackoverflow-java-sdk/lib/gson-1.4.jar:/remote/rs/tien/anhnt/TextToCode/workspace1/stackoverflow-java-sdk/dev-lib/commons-cli-1.2.jar:/remote/rs/tien/anhnt/TextToCode/workspace1/StackOverflowMain/libs/snappy-java-1.1.0-M4.jar:/remote/rs/tien/anhnt/TextToCode/workspace1/StackOverflowMain/libs/gate.jar:/remote/rs/tien/anhnt/TextToCode/workspace1/StackOverflowMain/libs/org.apache.log4j_1.2.15.v201012070815.jar:/remote/rs/tien/anhnt/GATE_Developer_8.1/lib/ant-1.9.3.jar:/remote/rs/tien/anhnt/GATE_Developer_8.1/lib/ant-launcher-1.9.3.jar:/remote/rs/tien/anhnt/GATE_Developer_8.1/lib/aopalliance-1.0.jar:/remote/rs/tien/anhnt/GATE_Developer_8.1/lib/apache-mime4j-core-0.7.2.jar:/remote/rs/tien/anhnt/GATE_Developer_8.1/lib/apache-mime4j-dom-0.7.2.jar:/remote/rs/tien/anhnt/GATE_Developer_8.1/lib/bcmail-jdk15-1.45.jar:/remote/rs/tien/anhnt/GATE_Developer_8.1/lib/bcprov-jdk15-1.45.jar:/remote/rs/tien/anhnt/GATE_Developer_8.1/lib/commons-codec-1.9.jar:/remote/rs/tien/anhnt/GATE_Developer_8.1/lib/commons-compress-1.8.1.jar:/remote/rs/tien/anhnt/GATE_Developer_8.1/lib/commons-io-2.4.jar:/remote/rs/tien/anhnt/GATE_Developer_8.1/lib/commons-lang-2.6.jar:/remote/rs/tien/anhnt/GATE_Developer_8.1/lib/commons-logging-1.1.3.jar:/remote/rs/tien/anhnt/GATE_Developer_8.1/lib/flying-saucer-core-9.0.4.jar:/remote/rs/tien/anhnt/GATE_Developer_8.1/lib/fontbox-1.8.8.jar:/remote/rs/tien/anhnt/GATE_Developer_8.1/lib/gate-asm-5.0.3.jar:/remote/rs/tien/anhnt/GATE_Developer_8.1/lib/gate-compiler-jdt-4.3.2-P20140317-1600.jar:/remote/rs/tien/anhnt/GATE_Developer_8.1/lib/hamcrest-core-1.3.jar:/remote/rs/tien/anhnt/GATE_Developer_8.1/lib/ivy-2.3.0.jar:/remote/rs/tien/anhnt/GATE_Developer_8.1/lib/jackson-annotati
Launcher Type: SUN_STANDARD

Environment Variables:
PATH=/usr/lib64/qt-3.3/bin:/usr/lib64/ccache/bin:/usr/local/bin:/bin:/usr/bin:/opt/bin:/usr/local/sbin:/usr/sbin:/sbin
SHELL=/bin/tcsh
DISPLAY=:1000
HOSTTYPE=x86_64-linux
OSTYPE=linux
MACHTYPE=x86_64

Signal Handlers:
SIGSEGV: [libjvm.so+0xaad1e0], sa_mask[0]=11111111011111111101111111111110, sa_flags=SA_RESTART|SA_SIGINFO
SIGBUS: [libjvm.so+0xaad1e0], sa_mask[0]=11111111011111111101111111111110, sa_flags=SA_RESTART|SA_SIGINFO
SIGFPE: [libjvm.so+0x90b450], sa_mask[0]=11111111011111111101111111111110, sa_flags=SA_RESTART|SA_SIGINFO
SIGPIPE: [libjvm.so+0x90b450], sa_mask[0]=11111111011111111101111111111110, sa_flags=SA_RESTART|SA_SIGINFO
SIGXFSZ: [libjvm.so+0x90b450], sa_mask[0]=11111111011111111101111111111110, sa_flags=SA_RESTART|SA_SIGINFO
SIGILL: [libjvm.so+0x90b450], sa_mask[0]=11111111011111111101111111111110, sa_flags=SA_RESTART|SA_SIGINFO
SIGUSR1: SIG_DFL, sa_mask[0]=00000000000000000000000000000000, sa_flags=none
SIGUSR2: [libjvm.so+0x90ca90], sa_mask[0]=00100000000000000000000000000000, sa_flags=SA_RESTART|SA_SIGINFO
SIGHUP: [libjvm.so+0x90dde0], sa_mask[0]=11111111011111111101111111111110, sa_flags=SA_RESTART|SA_SIGINFO
SIGINT: SIG_IGN, sa_mask[0]=00000000000000000000000000000000, sa_flags=none
SIGTERM: [libjvm.so+0x90dde0], sa_mask[0]=11111111011111111101111111111110, sa_flags=SA_RESTART|SA_SIGINFO
SIGQUIT: [libjvm.so+0x90dde0], sa_mask[0]=11111111011111111101111111111110, sa_flags=SA_RESTART|SA_SIGINFO


---------------  S Y S T E M  ---------------

OS:Red Hat Enterprise Linux Workstation release 6.6 (Santiago)

uname:Linux 2.6.32-504.16.2.el6.x86_64 #1 SMP Tue Mar 10 17:01:00 EDT 2015 x86_64
libc:glibc 2.12 NPTL 2.12 
rlimit: STACK 10240k, CORE 0k, NPROC 1024, NOFILE 4096, AS infinity
load average:1.35 1.63 1.54

/proc/meminfo:
MemTotal:       132110244 kB
MemFree:          383124 kB
Buffers:           28080 kB
Cached:         63978156 kB
SwapCached:        39980 kB
Active:         92744584 kB
Inactive:       35905652 kB
Active(anon):   60787032 kB
Inactive(anon):  3945064 kB
Active(file):   31957552 kB
Inactive(file): 31960588 kB
Unevictable:           0 kB
Mlocked:               0 kB
SwapTotal:      16383996 kB
SwapFree:       16058012 kB
Dirty:               132 kB
Writeback:            60 kB
AnonPages:      64631892 kB
Mapped:           131508 kB
Shmem:             88064 kB
Slab:            2123956 kB
SReclaimable:    2061484 kB
SUnreclaim:        62472 kB
KernelStack:        6784 kB
PageTables:       164956 kB
NFS_Unstable:          0 kB
Bounce:                0 kB
WritebackTmp:          0 kB
CommitLimit:    82439116 kB
Committed_AS:   35011340 kB
VmallocTotal:   34359738367 kB
VmallocUsed:      487176 kB
VmallocChunk:   34291724088 kB
HardwareCorrupted:     0 kB
AnonHugePages:  27707392 kB
HugePages_Total:       0
HugePages_Free:        0
HugePages_Rsvd:        0
HugePages_Surp:        0
Hugepagesize:       2048 kB
DirectMap4k:        5056 kB
DirectMap2M:     2045952 kB
DirectMap1G:    132120576 kB


CPU:total 24 (6 cores per cpu, 2 threads per core) family 6 model 62 stepping 4, cmov, cx8, fxsr, mmx, sse, sse2, sse3, ssse3, sse4.1, sse4.2, popcnt, avx, aes, clmul, erms, ht, tsc, tscinvbit

/proc/cpuinfo:
processor	: 0
vendor_id	: GenuineIntel
cpu family	: 6
model		: 62
model name	: Intel(R) Xeon(R) CPU E5-2620 v2 @ 2.10GHz
stepping	: 4
microcode	: 1064
cpu MHz		: 2099.907
cache size	: 15360 KB
physical id	: 0
siblings	: 12
core id		: 0
cpu cores	: 6
apicid		: 0
initial apicid	: 0
fpu		: yes
fpu_exception	: yes
cpuid level	: 13
wp		: yes
flags		: fpu vme de pse tsc msr pae mce cx8 apic sep mtrr pge mca cmov pat pse36 clflush dts acpi mmx fxsr sse sse2 ss ht tm pbe syscall nx pdpe1gb rdtscp lm constant_tsc arch_perfmon pebs bts rep_good xtopology nonstop_tsc aperfmperf pni pclmulqdq dtes64 monitor ds_cpl vmx smx est tm2 ssse3 cx16 xtpr pdcm pcid dca sse4_1 sse4_2 x2apic popcnt tsc_deadline_timer aes xsave avx f16c rdrand lahf_lm ida arat xsaveopt pln pts dts tpr_shadow vnmi flexpriority ept vpid fsgsbase smep erms
bogomips	: 4199.81
clflush size	: 64
cache_alignment	: 64
address sizes	: 46 bits physical, 48 bits virtual
power management:

processor	: 1
vendor_id	: GenuineIntel
cpu family	: 6
model		: 62
model name	: Intel(R) Xeon(R) CPU E5-2620 v2 @ 2.10GHz
stepping	: 4
microcode	: 1064
cpu MHz		: 2099.907
cache size	: 15360 KB
physical id	: 1
siblings	: 12
core id		: 0
cpu cores	: 6
apicid		: 32
initial apicid	: 32
fpu		: yes
fpu_exception	: yes
cpuid level	: 13
wp		: yes
flags		: fpu vme de pse tsc msr pae mce cx8 apic sep mtrr pge mca cmov pat pse36 clflush dts acpi mmx fxsr sse sse2 ss ht tm pbe syscall nx pdpe1gb rdtscp lm constant_tsc arch_perfmon pebs bts rep_good xtopology nonstop_tsc aperfmperf pni pclmulqdq dtes64 monitor ds_cpl vmx smx est tm2 ssse3 cx16 xtpr pdcm pcid dca sse4_1 sse4_2 x2apic popcnt tsc_deadline_timer aes xsave avx f16c rdrand lahf_lm ida arat xsaveopt pln pts dts tpr_shadow vnmi flexpriority ept vpid fsgsbase smep erms
bogomips	: 4199.43
clflush size	: 64
cache_alignment	: 64
address sizes	: 46 bits physical, 48 bits virtual
power management:

processor	: 2
vendor_id	: GenuineIntel
cpu family	: 6
model		: 62
model name	: Intel(R) Xeon(R) CPU E5-2620 v2 @ 2.10GHz
stepping	: 4
microcode	: 1064
cpu MHz		: 2099.907
cache size	: 15360 KB
physical id	: 0
siblings	: 12
core id		: 1
cpu cores	: 6
apicid		: 2
initial apicid	: 2
fpu		: yes
fpu_exception	: yes
cpuid level	: 13
wp		: yes
flags		: fpu vme de pse tsc msr pae mce cx8 apic sep mtrr pge mca cmov pat pse36 clflush dts acpi mmx fxsr sse sse2 ss ht tm pbe syscall nx pdpe1gb rdtscp lm constant_tsc arch_perfmon pebs bts rep_good xtopology nonstop_tsc aperfmperf pni pclmulqdq dtes64 monitor ds_cpl vmx smx est tm2 ssse3 cx16 xtpr pdcm pcid dca sse4_1 sse4_2 x2apic popcnt tsc_deadline_timer aes xsave avx f16c rdrand lahf_lm ida arat xsaveopt pln pts dts tpr_shadow vnmi flexpriority ept vpid fsgsbase smep erms
bogomips	: 4199.81
clflush size	: 64
cache_alignment	: 64
address sizes	: 46 bits physical, 48 bits virtual
power management:

processor	: 3
vendor_id	: GenuineIntel
cpu family	: 6
model		: 62
model name	: Intel(R) Xeon(R) CPU E5-2620 v2 @ 2.10GHz
stepping	: 4
microcode	: 1064
cpu MHz		: 2099.907
cache size	: 15360 KB
physical id	: 1
siblings	: 12
core id		: 1
cpu cores	: 6
apicid		: 34
initial apicid	: 34
fpu		: yes
fpu_exception	: yes
cpuid level	: 13
wp		: yes
flags		: fpu vme de pse tsc msr pae mce cx8 apic sep mtrr pge mca cmov pat pse36 clflush dts acpi mmx fxsr sse sse2 ss ht tm pbe syscall nx pdpe1gb rdtscp lm constant_tsc arch_perfmon pebs bts rep_good xtopology nonstop_tsc aperfmperf pni pclmulqdq dtes64 monitor ds_cpl vmx smx est tm2 ssse3 cx16 xtpr pdcm pcid dca sse4_1 sse4_2 x2apic popcnt tsc_deadline_timer aes xsave avx f16c rdrand lahf_lm ida arat xsaveopt pln pts dts tpr_shadow vnmi flexpriority ept vpid fsgsbase smep erms
bogomips	: 4199.43
clflush size	: 64
cache_alignment	: 64
address sizes	: 46 bits physical, 48 bits virtual
power management:

processor	: 4
vendor_id	: GenuineIntel
cpu family	: 6
model		: 62
model name	: Intel(R) Xeon(R) CPU E5-2620 v2 @ 2.10GHz
stepping	: 4
microcode	: 1064
cpu MHz		: 2099.907
cache size	: 15360 KB
physical id	: 0
siblings	: 12
core id		: 2
cpu cores	: 6
apicid		: 4
initial apicid	: 4
fpu		: yes
fpu_exception	: yes
cpuid level	: 13
wp		: yes
flags		: fpu vme de pse tsc msr pae mce cx8 apic sep mtrr pge mca cmov pat pse36 clflush dts acpi mmx fxsr sse sse2 ss ht tm pbe syscall nx pdpe1gb rdtscp lm constant_tsc arch_perfmon pebs bts rep_good xtopology nonstop_tsc aperfmperf pni pclmulqdq dtes64 monitor ds_cpl vmx smx est tm2 ssse3 cx16 xtpr pdcm pcid dca sse4_1 sse4_2 x2apic popcnt tsc_deadline_timer aes xsave avx f16c rdrand lahf_lm ida arat xsaveopt pln pts dts tpr_shadow vnmi flexpriority ept vpid fsgsbase smep erms
bogomips	: 4199.81
clflush size	: 64
cache_alignment	: 64
address sizes	: 46 bits physical, 48 bits virtual
power management:

processor	: 5
vendor_id	: GenuineIntel
cpu family	: 6
model		: 62
model name	: Intel(R) Xeon(R) CPU E5-2620 v2 @ 2.10GHz
stepping	: 4
microcode	: 1064
cpu MHz		: 2099.907
cache size	: 15360 KB
physical id	: 1
siblings	: 12
core id		: 2
cpu cores	: 6
apicid		: 36
initial apicid	: 36
fpu		: yes
fpu_exception	: yes
cpuid level	: 13
wp		: yes
flags		: fpu vme de pse tsc msr pae mce cx8 apic sep mtrr pge mca cmov pat pse36 clflush dts acpi mmx fxsr sse sse2 ss ht tm pbe syscall nx pdpe1gb rdtscp lm constant_tsc arch_perfmon pebs bts rep_good xtopology nonstop_tsc aperfmperf pni pclmulqdq dtes64 monitor ds_cpl vmx smx est tm2 ssse3 cx16 xtpr pdcm pcid dca sse4_1 sse4_2 x2apic popcnt tsc_deadline_timer aes xsave avx f16c rdrand lahf_lm ida arat xsaveopt pln pts dts tpr_shadow vnmi flexpriority ept vpid fsgsbase smep erms
bogomips	: 4199.43
clflush size	: 64
cache_alignment	: 64
address sizes	: 46 bits physical, 48 bits virtual
power management:

processor	: 6
vendor_id	: GenuineIntel
cpu family	: 6
model		: 62
model name	: Intel(R) Xeon(R) CPU E5-2620 v2 @ 2.10GHz
stepping	: 4
microcode	: 1064
cpu MHz		: 2099.907
cache size	: 15360 KB
physical id	: 0
siblings	: 12
core id		: 3
cpu cores	: 6
apicid		: 6
initial apicid	: 6
fpu		: yes
fpu_exception	: yes
cpuid level	: 13
wp		: yes
flags		: fpu vme de pse tsc msr pae mce cx8 apic sep mtrr pge mca cmov pat pse36 clflush dts acpi mmx fxsr sse sse2 ss ht tm pbe syscall nx pdpe1gb rdtscp lm constant_tsc arch_perfmon pebs bts rep_good xtopology nonstop_tsc aperfmperf pni pclmulqdq dtes64 monitor ds_cpl vmx smx est tm2 ssse3 cx16 xtpr pdcm pcid dca sse4_1 sse4_2 x2apic popcnt tsc_deadline_timer aes xsave avx f16c rdrand lahf_lm ida arat xsaveopt pln pts dts tpr_shadow vnmi flexpriority ept vpid fsgsbase smep erms
bogomips	: 4199.81
clflush size	: 64
cache_alignment	: 64
address sizes	: 46 bits physical, 48 bits virtual
power management:

processor	: 7
vendor_id	: GenuineIntel
cpu family	: 6
model		: 62
model name	: Intel(R) Xeon(R) CPU E5-2620 v2 @ 2.10GHz
stepping	: 4
microcode	: 1064
cpu MHz		: 2099.907
cache size	: 15360 KB
physical id	: 1
siblings	: 12
core id		: 3
cpu cores	: 6
apicid		: 38
initial apicid	: 38
fpu		: yes
fpu_exception	: yes
cpuid level	: 13
wp		: yes
flags		: fpu vme de pse tsc msr pae mce cx8 apic sep mtrr pge mca cmov pat pse36 clflush dts acpi mmx fxsr sse sse2 ss ht tm pbe syscall nx pdpe1gb rdtscp lm constant_tsc arch_perfmon pebs bts rep_good xtopology nonstop_tsc aperfmperf pni pclmulqdq dtes64 monitor ds_cpl vmx smx est tm2 ssse3 cx16 xtpr pdcm pcid dca sse4_1 sse4_2 x2apic popcnt tsc_deadline_timer aes xsave avx f16c rdrand lahf_lm ida arat xsaveopt pln pts dts tpr_shadow vnmi flexpriority ept vpid fsgsbase smep erms
bogomips	: 4199.43
clflush size	: 64
cache_alignment	: 64
address sizes	: 46 bits physical, 48 bits virtual
power management:

processor	: 8
vendor_id	: GenuineIntel
cpu family	: 6
model		: 62
model name	: Intel(R) Xeon(R) CPU E5-2620 v2 @ 2.10GHz
stepping	: 4
microcode	: 1064
cpu MHz		: 2099.907
cache size	: 15360 KB
physical id	: 0
siblings	: 12
core id		: 4
cpu cores	: 6
apicid		: 8
initial apicid	: 8
fpu		: yes
fpu_exception	: yes
cpuid level	: 13
wp		: yes
flags		: fpu vme de pse tsc msr pae mce cx8 apic sep mtrr pge mca cmov pat pse36 clflush dts acpi mmx fxsr sse sse2 ss ht tm pbe syscall nx pdpe1gb rdtscp lm constant_tsc arch_perfmon pebs bts rep_good xtopology nonstop_tsc aperfmperf pni pclmulqdq dtes64 monitor ds_cpl vmx smx est tm2 ssse3 cx16 xtpr pdcm pcid dca sse4_1 sse4_2 x2apic popcnt tsc_deadline_timer aes xsave avx f16c rdrand lahf_lm ida arat xsaveopt pln pts dts tpr_shadow vnmi flexpriority ept vpid fsgsbase smep erms
bogomips	: 4199.81
clflush size	: 64
cache_alignment	: 64
address sizes	: 46 bits physical, 48 bits virtual
power management:

processor	: 9
vendor_id	: GenuineIntel
cpu family	: 6
model		: 62
model name	: Intel(R) Xeon(R) CPU E5-2620 v2 @ 2.10GHz
stepping	: 4
microcode	: 1064
cpu MHz		: 2099.907
cache size	: 15360 KB
physical id	: 1
siblings	: 12
core id		: 4
cpu cores	: 6
apicid		: 40
initial apicid	: 40
fpu		: yes
fpu_exception	: yes
cpuid level	: 13
wp		: yes
flags		: fpu vme de pse tsc msr pae mce cx8 apic sep mtrr pge mca cmov pat pse36 clflush dts acpi mmx fxsr sse sse2 ss ht tm pbe syscall nx pdpe1gb rdtscp lm constant_tsc arch_perfmon pebs bts rep_good xtopology nonstop_tsc aperfmperf pni pclmulqdq dtes64 monitor ds_cpl vmx smx est tm2 ssse3 cx16 xtpr pdcm pcid dca sse4_1 sse4_2 x2apic popcnt tsc_deadline_timer aes xsave avx f16c rdrand lahf_lm ida arat xsaveopt pln pts dts tpr_shadow vnmi flexpriority ept vpid fsgsbase smep erms
bogomips	: 4199.43
clflush size	: 64
cache_alignment	: 64
address sizes	: 46 bits physical, 48 bits virtual
power management:

processor	: 10
vendor_id	: GenuineIntel
cpu family	: 6
model		: 62
model name	: Intel(R) Xeon(R) CPU E5-2620 v2 @ 2.10GHz
stepping	: 4
microcode	: 1064
cpu MHz		: 2099.907
cache size	: 15360 KB
physical id	: 0
siblings	: 12
core id		: 5
cpu cores	: 6
apicid		: 10
initial apicid	: 10
fpu		: yes
fpu_exception	: yes
cpuid level	: 13
wp		: yes
flags		: fpu vme de pse tsc msr pae mce cx8 apic sep mtrr pge mca cmov pat pse36 clflush dts acpi mmx fxsr sse sse2 ss ht tm pbe syscall nx pdpe1gb rdtscp lm constant_tsc arch_perfmon pebs bts rep_good xtopology nonstop_tsc aperfmperf pni pclmulqdq dtes64 monitor ds_cpl vmx smx est tm2 ssse3 cx16 xtpr pdcm pcid dca sse4_1 sse4_2 x2apic popcnt tsc_deadline_timer aes xsave avx f16c rdrand lahf_lm ida arat xsaveopt pln pts dts tpr_shadow vnmi flexpriority ept vpid fsgsbase smep erms
bogomips	: 4199.81
clflush size	: 64
cache_alignment	: 64
address sizes	: 46 bits physical, 48 bits virtual
power management:

processor	: 11
vendor_id	: GenuineIntel
cpu family	: 6
model		: 62
model name	: Intel(R) Xeon(R) CPU E5-2620 v2 @ 2.10GHz
stepping	: 4
microcode	: 1064
cpu MHz		: 2099.907
cache size	: 15360 KB
physical id	: 1
siblings	: 12
core id		: 5
cpu cores	: 6
apicid		: 42
initial apicid	: 42
fpu		: yes
fpu_exception	: yes
cpuid level	: 13
wp		: yes
flags		: fpu vme de pse tsc msr pae mce cx8 apic sep mtrr pge mca cmov pat pse36 clflush dts acpi mmx fxsr sse sse2 ss ht tm pbe syscall nx pdpe1gb rdtscp lm constant_tsc arch_perfmon pebs bts rep_good xtopology nonstop_tsc aperfmperf pni pclmulqdq dtes64 monitor ds_cpl vmx smx est tm2 ssse3 cx16 xtpr pdcm pcid dca sse4_1 sse4_2 x2apic popcnt tsc_deadline_timer aes xsave avx f16c rdrand lahf_lm ida arat xsaveopt pln pts dts tpr_shadow vnmi flexpriority ept vpid fsgsbase smep erms
bogomips	: 4199.43
clflush size	: 64
cache_alignment	: 64
address sizes	: 46 bits physical, 48 bits virtual
power management:

processor	: 12
vendor_id	: GenuineIntel
cpu family	: 6
model		: 62
model name	: Intel(R) Xeon(R) CPU E5-2620 v2 @ 2.10GHz
stepping	: 4
microcode	: 1064
cpu MHz		: 2099.907
cache size	: 15360 KB
physical id	: 0
siblings	: 12
core id		: 0
cpu cores	: 6
apicid		: 1
initial apicid	: 1
fpu		: yes
fpu_exception	: yes
cpuid level	: 13
wp		: yes
flags		: fpu vme de pse tsc msr pae mce cx8 apic sep mtrr pge mca cmov pat pse36 clflush dts acpi mmx fxsr sse sse2 ss ht tm pbe syscall nx pdpe1gb rdtscp lm constant_tsc arch_perfmon pebs bts rep_good xtopology nonstop_tsc aperfmperf pni pclmulqdq dtes64 monitor ds_cpl vmx smx est tm2 ssse3 cx16 xtpr pdcm pcid dca sse4_1 sse4_2 x2apic popcnt tsc_deadline_timer aes xsave avx f16c rdrand lahf_lm ida arat xsaveopt pln pts dts tpr_shadow vnmi flexpriority ept vpid fsgsbase smep erms
bogomips	: 4199.81
clflush size	: 64
cache_alignment	: 64
address sizes	: 46 bits physical, 48 bits virtual
power management:

processor	: 13
vendor_id	: GenuineIntel
cpu family	: 6
model		: 62
model name	: Intel(R) Xeon(R) CPU E5-2620 v2 @ 2.10GHz
stepping	: 4
microcode	: 1064
cpu MHz		: 2099.907
cache size	: 15360 KB
physical id	: 1
siblings	: 12
core id		: 0
cpu cores	: 6
apicid		: 33
initial apicid	: 33
fpu		: yes
fpu_exception	: yes
cpuid level	: 13
wp		: yes
flags		: fpu vme de pse tsc msr pae mce cx8 apic sep mtrr pge mca cmov pat pse36 clflush dts acpi mmx fxsr sse sse2 ss ht tm pbe syscall nx pdpe1gb rdtscp lm constant_tsc arch_perfmon pebs bts rep_good xtopology nonstop_tsc aperfmperf pni pclmulqdq dtes64 monitor ds_cpl vmx smx est tm2 ssse3 cx16 xtpr pdcm pcid dca sse4_1 sse4_2 x2apic popcnt tsc_deadline_timer aes xsave avx f16c rdrand lahf_lm ida arat xsaveopt pln pts dts tpr_shadow vnmi flexpriority ept vpid fsgsbase smep erms
bogomips	: 4199.43
clflush size	: 64
cache_alignment	: 64
address sizes	: 46 bits physical, 48 bits virtual
power management:

processor	: 14
vendor_id	: GenuineIntel
cpu family	: 6
model		: 62
model name	: Intel(R) Xeon(R) CPU E5-2620 v2 @ 2.10GHz
stepping	: 4
microcode	: 1064
cpu MHz		: 2099.907
cache size	: 15360 KB
physical id	: 0
siblings	: 12
core id		: 1
cpu cores	: 6
apicid		: 3
initial apicid	: 3
fpu		: yes
fpu_exception	: yes
cpuid level	: 13
wp		: yes
flags		: fpu vme de pse tsc msr pae mce cx8 apic sep mtrr pge mca cmov pat pse36 clflush dts acpi mmx fxsr sse sse2 ss ht tm pbe syscall nx pdpe1gb rdtscp lm constant_tsc arch_perfmon pebs bts rep_good xtopology nonstop_tsc aperfmperf pni pclmulqdq dtes64 monitor ds_cpl vmx smx est tm2 ssse3 cx16 xtpr pdcm pcid dca sse4_1 sse4_2 x2apic popcnt tsc_deadline_timer aes xsave avx f16c rdrand lahf_lm ida arat xsaveopt pln pts dts tpr_shadow vnmi flexpriority ept vpid fsgsbase smep erms
bogomips	: 4199.81
clflush size	: 64
cache_alignment	: 64
address sizes	: 46 bits physical, 48 bits virtual
power management:

processor	: 15
vendor_id	: GenuineIntel
cpu family	: 6
model		: 62
model name	: Intel(R) Xeon(R) CPU E5-2620 v2 @ 2.10GHz
stepping	: 4
microcode	: 1064
cpu MHz		: 2099.907
cache size	: 15360 KB
physical id	: 1
siblings	: 12
core id		: 1
cpu cores	: 6
apicid		: 35
initial apicid	: 35
fpu		: yes
fpu_exception	: yes
cpuid level	: 13
wp		: yes
flags		: fpu vme de pse tsc msr pae mce cx8 apic sep mtrr pge mca cmov pat pse36 clflush dts acpi mmx fxsr sse sse2 ss ht tm pbe syscall nx pdpe1gb rdtscp lm constant_tsc arch_perfmon pebs bts rep_good xtopology nonstop_tsc aperfmperf pni pclmulqdq dtes64 monitor ds_cpl vmx smx est tm2 ssse3 cx16 xtpr pdcm pcid dca sse4_1 sse4_2 x2apic popcnt tsc_deadline_timer aes xsave avx f16c rdrand lahf_lm ida arat xsaveopt pln pts dts tpr_shadow vnmi flexpriority ept vpid fsgsbase smep erms
bogomips	: 4199.43
clflush size	: 64
cache_alignment	: 64
address sizes	: 46 bits physical, 48 bits virtual
power management:

processor	: 16
vendor_id	: GenuineIntel
cpu family	: 6
model		: 62
model name	: Intel(R) Xeon(R) CPU E5-2620 v2 @ 2.10GHz
stepping	: 4
microcode	: 1064
cpu MHz		: 2099.907
cache size	: 15360 KB
physical id	: 0
siblings	: 12
core id		: 2
cpu cores	: 6
apicid		: 5
initial apicid	: 5
fpu		: yes
fpu_exception	: yes
cpuid level	: 13
wp		: yes
flags		: fpu vme de pse tsc msr pae mce cx8 apic sep mtrr pge mca cmov pat pse36 clflush dts acpi mmx fxsr sse sse2 ss ht tm pbe syscall nx pdpe1gb rdtscp lm constant_tsc arch_perfmon pebs bts rep_good xtopology nonstop_tsc aperfmperf pni pclmulqdq dtes64 monitor ds_cpl vmx smx est tm2 ssse3 cx16 xtpr pdcm pcid dca sse4_1 sse4_2 x2apic popcnt tsc_deadline_timer aes xsave avx f16c rdrand lahf_lm ida arat xsaveopt pln pts dts tpr_shadow vnmi flexpriority ept vpid fsgsbase smep erms
bogomips	: 4199.81
clflush size	: 64
cache_alignment	: 64
address sizes	: 46 bits physical, 48 bits virtual
power management:

processor	: 17
vendor_id	: GenuineIntel
cpu family	: 6
model		: 62
model name	: Intel(R) Xeon(R) CPU E5-2620 v2 @ 2.10GHz
stepping	: 4
microcode	: 1064
cpu MHz		: 2099.907
cache size	: 15360 KB
physical id	: 1
siblings	: 12
core id		: 2
cpu cores	: 6
apicid		: 37
initial apicid	: 37
fpu		: yes
fpu_exception	: yes
cpuid level	: 13
wp		: yes
flags		: fpu vme de pse tsc msr pae mce cx8 apic sep mtrr pge mca cmov pat pse36 clflush dts acpi mmx fxsr sse sse2 ss ht tm pbe syscall nx pdpe1gb rdtscp lm constant_tsc arch_perfmon pebs bts rep_good xtopology nonstop_tsc aperfmperf pni pclmulqdq dtes64 monitor ds_cpl vmx smx est tm2 ssse3 cx16 xtpr pdcm pcid dca sse4_1 sse4_2 x2apic popcnt tsc_deadline_timer aes xsave avx f16c rdrand lahf_lm ida arat xsaveopt pln pts dts tpr_shadow vnmi flexpriority ept vpid fsgsbase smep erms
bogomips	: 4199.43
clflush size	: 64
cache_alignment	: 64
address sizes	: 46 bits physical, 48 bits virtual
power management:

processor	: 18
vendor_id	: GenuineIntel
cpu family	: 6
model		: 62
model name	: Intel(R) Xeon(R) CPU E5-2620 v2 @ 2.10GHz
stepping	: 4
microcode	: 1064
cpu MHz		: 2099.907
cache size	: 15360 KB
physical id	: 0
siblings	: 12
core id		: 3
cpu cores	: 6
apicid		: 7
initial apicid	: 7
fpu		: yes
fpu_exception	: yes
cpuid level	: 13
wp		: yes
flags		: fpu vme de pse tsc msr pae mce cx8 apic sep mtrr pge mca cmov pat pse36 clflush dts acpi mmx fxsr sse sse2 ss ht tm pbe syscall nx pdpe1gb rdtscp lm constant_tsc arch_perfmon pebs bts rep_good xtopology nonstop_tsc aperfmperf pni pclmulqdq dtes64 monitor ds_cpl vmx smx est tm2 ssse3 cx16 xtpr pdcm pcid dca sse4_1 sse4_2 x2apic popcnt tsc_deadline_timer aes xsave avx f16c rdrand lahf_lm ida arat xsaveopt pln pts dts tpr_shadow vnmi flexpriority ept vpid fsgsbase smep erms
bogomips	: 4199.81
clflush size	: 64
cache_alignment	: 64
address sizes	: 46 bits physical, 48 bits virtual
power management:

processor	: 19
vendor_id	: GenuineIntel
cpu family	: 6
model		: 62
model name	: Intel(R) Xeon(R) CPU E5-2620 v2 @ 2.10GHz
stepping	: 4
microcode	: 1064
cpu MHz		: 2099.907
cache size	: 15360 KB
physical id	: 1
siblings	: 12
core id		: 3
cpu cores	: 6
apicid		: 39
initial apicid	: 39
fpu		: yes
fpu_exception	: yes
cpuid level	: 13
wp		: yes
flags		: fpu vme de pse tsc msr pae mce cx8 apic sep mtrr pge mca cmov pat pse36 clflush dts acpi mmx fxsr sse sse2 ss ht tm pbe syscall nx pdpe1gb rdtscp lm constant_tsc arch_perfmon pebs bts rep_good xtopology nonstop_tsc aperfmperf pni pclmulqdq dtes64 monitor ds_cpl vmx smx est tm2 ssse3 cx16 xtpr pdcm pcid dca sse4_1 sse4_2 x2apic popcnt tsc_deadline_timer aes xsave avx f16c rdrand lahf_lm ida arat xsaveopt pln pts dts tpr_shadow vnmi flexpriority ept vpid fsgsbase smep erms
bogomips	: 4199.43
clflush size	: 64
cache_alignment	: 64
address sizes	: 46 bits physical, 48 bits virtual
power management:

processor	: 20
vendor_id	: GenuineIntel
cpu family	: 6
model		: 62
model name	: Intel(R) Xeon(R) CPU E5-2620 v2 @ 2.10GHz
stepping	: 4
microcode	: 1064
cpu MHz		: 2099.907
cache size	: 15360 KB
physical id	: 0
siblings	: 12
core id		: 4
cpu cores	: 6
apicid		: 9
initial apicid	: 9
fpu		: yes
fpu_exception	: yes
cpuid level	: 13
wp		: yes
flags		: fpu vme de pse tsc msr pae mce cx8 apic sep mtrr pge mca cmov pat pse36 clflush dts acpi mmx fxsr sse sse2 ss ht tm pbe syscall nx pdpe1gb rdtscp lm constant_tsc arch_perfmon pebs bts rep_good xtopology nonstop_tsc aperfmperf pni pclmulqdq dtes64 monitor ds_cpl vmx smx est tm2 ssse3 cx16 xtpr pdcm pcid dca sse4_1 sse4_2 x2apic popcnt tsc_deadline_timer aes xsave avx f16c rdrand lahf_lm ida arat xsaveopt pln pts dts tpr_shadow vnmi flexpriority ept vpid fsgsbase smep erms
bogomips	: 4199.81
clflush size	: 64
cache_alignment	: 64
address sizes	: 46 bits physical, 48 bits virtual
power management:

processor	: 21
vendor_id	: GenuineIntel
cpu family	: 6
model		: 62
model name	: Intel(R) Xeon(R) CPU E5-2620 v2 @ 2.10GHz
stepping	: 4
microcode	: 1064
cpu MHz		: 2099.907
cache size	: 15360 KB
physical id	: 1
siblings	: 12
core id		: 4
cpu cores	: 6
apicid		: 41
initial apicid	: 41
fpu		: yes
fpu_exception	: yes
cpuid level	: 13
wp		: yes
flags		: fpu vme de pse tsc msr pae mce cx8 apic sep mtrr pge mca cmov pat pse36 clflush dts acpi mmx fxsr sse sse2 ss ht tm pbe syscall nx pdpe1gb rdtscp lm constant_tsc arch_perfmon pebs bts rep_good xtopology nonstop_tsc aperfmperf pni pclmulqdq dtes64 monitor ds_cpl vmx smx est tm2 ssse3 cx16 xtpr pdcm pcid dca sse4_1 sse4_2 x2apic popcnt tsc_deadline_timer aes xsave avx f16c rdrand lahf_lm ida arat xsaveopt pln pts dts tpr_shadow vnmi flexpriority ept vpid fsgsbase smep erms
bogomips	: 4199.43
clflush size	: 64
cache_alignment	: 64
address sizes	: 46 bits physical, 48 bits virtual
power management:

processor	: 22
vendor_id	: GenuineIntel
cpu family	: 6
model		: 62
model name	: Intel(R) Xeon(R) CPU E5-2620 v2 @ 2.10GHz
stepping	: 4
microcode	: 1064
cpu MHz		: 2099.907
cache size	: 15360 KB
physical id	: 0
siblings	: 12
core id		: 5
cpu cores	: 6
apicid		: 11
initial apicid	: 11
fpu		: yes
fpu_exception	: yes
cpuid level	: 13
wp		: yes
flags		: fpu vme de pse tsc msr pae mce cx8 apic sep mtrr pge mca cmov pat pse36 clflush dts acpi mmx fxsr sse sse2 ss ht tm pbe syscall nx pdpe1gb rdtscp lm constant_tsc arch_perfmon pebs bts rep_good xtopology nonstop_tsc aperfmperf pni pclmulqdq dtes64 monitor ds_cpl vmx smx est tm2 ssse3 cx16 xtpr pdcm pcid dca sse4_1 sse4_2 x2apic popcnt tsc_deadline_timer aes xsave avx f16c rdrand lahf_lm ida arat xsaveopt pln pts dts tpr_shadow vnmi flexpriority ept vpid fsgsbase smep erms
bogomips	: 4199.81
clflush size	: 64
cache_alignment	: 64
address sizes	: 46 bits physical, 48 bits virtual
power management:

processor	: 23
vendor_id	: GenuineIntel
cpu family	: 6
model		: 62
model name	: Intel(R) Xeon(R) CPU E5-2620 v2 @ 2.10GHz
stepping	: 4
microcode	: 1064
cpu MHz		: 2099.907
cache size	: 15360 KB
physical id	: 1
siblings	: 12
core id		: 5
cpu cores	: 6
apicid		: 43
initial apicid	: 43
fpu		: yes
fpu_exception	: yes
cpuid level	: 13
wp		: yes
flags		: fpu vme de pse tsc msr pae mce cx8 apic sep mtrr pge mca cmov pat pse36 clflush dts acpi mmx fxsr sse sse2 ss ht tm pbe syscall nx pdpe1gb rdtscp lm constant_tsc arch_perfmon pebs bts rep_good xtopology nonstop_tsc aperfmperf pni pclmulqdq dtes64 monitor ds_cpl vmx smx est tm2 ssse3 cx16 xtpr pdcm pcid dca sse4_1 sse4_2 x2apic popcnt tsc_deadline_timer aes xsave avx f16c rdrand lahf_lm ida arat xsaveopt pln pts dts tpr_shadow vnmi flexpriority ept vpid fsgsbase smep erms
bogomips	: 4199.43
clflush size	: 64
cache_alignment	: 64
address sizes	: 46 bits physical, 48 bits virtual
power management:



Memory: 4k page, physical 132110244k(383504k free), swap 16383996k(16058012k free)

vm_info: Java HotSpot(TM) 64-Bit Server VM (25.45-b02) for linux-amd64 JRE (1.8.0_45-b14), built on Apr 10 2015 10:07:45 by "java_re" with gcc 4.3.0 20080428 (Red Hat 4.3.0-8)

time: Mon Jun 29 12:31:47 2015
elapsed time: 4510 seconds (0d 1h 15m 10s)

