#
# A fatal error has been detected by the Java Runtime Environment:
#
#  SIGSEGV (0xb) at pc=0x00007fa46a3629c3, pid=17914, tid=140441813583616
#
# JRE version: Java(TM) SE Runtime Environment (8.0_45-b14) (build 1.8.0_45-b14)
# Java VM: Java HotSpot(TM) 64-Bit Server VM (25.45-b02 mixed mode linux-amd64 )
# Problematic frame:
# C  [libsqlite4java-linux-amd64.so+0x509c3]  sqlite3PagerUnrefNotNull+0x13
#
# Failed to write core dump. Core dumps have been disabled. To enable core dumping, try "ulimit -c unlimited" before starting Java again
#
# If you would like to submit a bug report, please visit:
#   http://bugreport.java.com/bugreport/crash.jsp
# The crash happened outside the Java Virtual Machine in native code.
# See problematic frame for where to report the bug.
#

---------------  T H R E A D  ---------------

Current thread (0x00007fbb2400c000):  JavaThread "main" [_thread_in_native, id=17919, stack(0x00007fbb28590000,0x00007fbb28691000)]

siginfo: si_signo: 11 (SIGSEGV), si_code: 128 (SI_KERNEL), si_addr: 0x0000000000000000

Registers:
RAX=0x0000000000000000, RBX=0x006700670061006c, RCX=0x00007fbb24008500, RDX=0x0000000000000000
RSP=0x00007fbb2868ee40, RBP=0x00007fbb2868ee50, RSI=0x00007fbb244cd098, RDI=0x00007fa232ffb0e0
R8 =0x00007fbb244904d8, R9 =0x00000000000045ff, R10=0x00007fbb149e7948, R11=0x00007fbb2903de30
R12=0x0000000000000001, R13=0x00007fbb244cd260, R14=0x00007fbb244cd1b8, R15=0x00007fbb24491438
RIP=0x00007fa46a3629c3, EFLAGS=0x0000000000010202, CSGSFS=0x0000000000000033, ERR=0x0000000000000000
  TRAPNO=0x000000000000000d

Top of Stack: (sp=0x00007fbb2868ee40)
0x00007fbb2868ee40:   00007fa473c4bff8 00007fbb24492ab8
0x00007fbb2868ee50:   00007fbb2868ee90 00007fa46a362ef1
0x00007fbb2868ee60:   00007fbb2868ef10 00007fbb244967c8
0x00007fbb2868ee70:   00007fbb24493338 0000000000000000
0x00007fbb2868ee80:   0000000000000000 00007fbb2400c000
0x00007fbb2868ee90:   00007fbb2868ef30 00007fa46a37cd55
0x00007fbb2868eea0:   00007fbb2868eef0 00007fbb28f2362e
0x00007fbb2868eeb0:   00007fa473c4bff8 00007fbb2400c000
0x00007fbb2868eec0:   00007fa473c4bff8 00007fbb2868ef00
0x00007fbb2868eed0:   00007fbb2400c000 00007fbb2868ef20
0x00007fbb2868eee0:   00007fbb2868ef00 00007fbb2400c000
0x00007fbb2868eef0:   00007fbb2868ef80 00007fbb28d0ab4f
0x00007fbb2868ef00:   00007fa473c4bff8 00007fbb244967c8
0x00007fbb2868ef10:   00007fbb24493338 00007fa473c4bff8
0x00007fbb2868ef20:   00007fbb2868f018 00007fbb2400c000
0x00007fbb2868ef30:   00007fbb2868ef50 00007fa46a37d8e2
0x00007fbb2868ef40:   00007fbb244967c8 0000000000000000
0x00007fbb2868ef50:   00007fbb2868ef70 00007fa46a37da08
0x00007fbb2868ef60:   00007fbb24493338 00007fbb244967c8
0x00007fbb2868ef70:   00007fbb2868ef90 00007fa46a37dbd1
0x00007fbb2868ef80:   00007fa473c4bff8 0000000000000000
0x00007fbb2868ef90:   00007fbb2868eff0 00007fbb149e7974
0x00007fbb2868efa0:   00007fbb2400c000 00007fbb149e76c2
0x00007fbb2868efb0:   00007fbb2868efb0 00007fa473c4bff8
0x00007fbb2868efc0:   00007fbb2868f018 00007fa473cd0e18
0x00007fbb2868efd0:   0000000000000000 00007fa473c4bff8
0x00007fbb2868efe0:   0000000000000000 00007fbb2868f010
0x00007fbb2868eff0:   00007fbb2868f060 00007fbb149d9670
0x00007fbb2868f000:   00007fa74aa82fa0 00007fbb149e1556
0x00007fbb2868f010:   00007fbb244967c8 00007fa74d01ae50
0x00007fbb2868f020:   00007fbb2868f020 00007fa473c488e4
0x00007fbb2868f030:   00007fbb2868f070 00007fa473c497a8 

Instructions: (pc=0x00007fa46a3629c3)
0x00007fa46a3629a3:   66 66 66 66 2e 0f 1f 84 00 00 00 00 00 55 48 89
0x00007fa46a3629b3:   e5 53 48 83 ec 08 f6 47 2c 40 48 8b 5f 20 74 5d
0x00007fa46a3629c3:   48 8b 83 a8 00 00 00 83 ab 98 00 00 00 01 48 89
0x00007fa46a3629d3:   47 18 48 8b 4b 48 48 89 bb a8 00 00 00 8b 77 28 

Register to memory mapping:

RAX=0x0000000000000000 is an unknown value
RBX=0x006700670061006c is an unknown value
RCX=0x00007fbb24008500 is an unknown value
RDX=0x0000000000000000 is an unknown value
RSP=0x00007fbb2868ee40 is pointing into the stack for thread: 0x00007fbb2400c000
RBP=0x00007fbb2868ee50 is pointing into the stack for thread: 0x00007fbb2400c000
RSI=0x00007fbb244cd098 is an unknown value
RDI=0x00007fa232ffb0e0 is an unknown value
R8 =0x00007fbb244904d8 is an unknown value
R9 =0x00000000000045ff is an unknown value
R10=0x00007fbb149e7948 is at code_begin+808 in an Interpreter codelet
method entry point (kind = native)  [0x00007fbb149e7620, 0x00007fbb149e7f20]  2304 bytes
R11=0x00007fbb2903de30: <offset 0x9ace30> in /remote/rs/tien/anhnt/ChangeInference/jdk-8u45-linux-x64/jdk1.8.0_45/jre/lib/amd64/server/libjvm.so at 0x00007fbb28691000
R12=0x0000000000000001 is an unknown value
R13=0x00007fbb244cd260 is an unknown value
R14=0x00007fbb244cd1b8 is an unknown value
R15=0x00007fbb24491438 is an unknown value


Stack: [0x00007fbb28590000,0x00007fbb28691000],  sp=0x00007fbb2868ee40,  free space=1019k
Native frames: (J=compiled Java code, j=interpreted, Vv=VM code, C=native code)
C  [libsqlite4java-linux-amd64.so+0x509c3]  sqlite3PagerUnrefNotNull+0x13
C  [libsqlite4java-linux-amd64.so+0x50ef1]  sqlite3BtreeCloseCursor+0x91
C  [libsqlite4java-linux-amd64.so+0x6ad55]  sqlite3VdbeHalt+0x105
C  [libsqlite4java-linux-amd64.so+0x6b8e2]  sqlite3VdbeReset+0x12
C  [libsqlite4java-linux-amd64.so+0x6ba08]  sqlite3VdbeFinalize+0x48
C  [libsqlite4java-linux-amd64.so+0x6bbd1]  sqlite3_finalize+0x31
j  com.almworks.sqlite4java._SQLiteSwiggedJNI.sqlite3_finalize(J)I+0
j  com.almworks.sqlite4java._SQLiteSwigged.sqlite3_finalize(Lcom/almworks/sqlite4java/SWIGTYPE_p_sqlite3_stmt;)I+4
j  com.almworks.sqlite4java.SQLiteConnection.softFinalize(Lcom/almworks/sqlite4java/SWIGTYPE_p_sqlite3_stmt;Ljava/lang/Object;)V+1
j  com.almworks.sqlite4java.SQLiteConnection.finalizeStatement(Lcom/almworks/sqlite4java/SQLiteStatement;)V+23
j  com.almworks.sqlite4java.SQLiteConnection.finalizeStatements()V+108
j  com.almworks.sqlite4java.SQLiteConnection.dispose()V+87
j  database.SQLiteInterface.dispose()V+4
j  databaseprocess.CLTFileProcessing.processWithThreads(Ljava/util/HashMap;Ljava/util/LinkedHashSet;Ldatabaseprocess/GlobalInfo;)V+162
J 489% C1 databaseprocess.CLTFileProcessing.processCLTTable(Ljava/util/ArrayList;Ldatabaseprocess/GlobalInfo;)V (998 bytes) @ 0x00007fbb14ec4a14 [0x00007fbb14eb3c40+0x10dd4]
j  databaseprocess.CLTFileProcessing.main([Ljava/lang/String;)V+33
v  ~StubRoutines::call_stub
V  [libjvm.so+0x681a26]  JavaCalls::call_helper(JavaValue*, methodHandle*, JavaCallArguments*, Thread*)+0x1056
V  [libjvm.so+0x6c3692]  jni_invoke_static(JNIEnv_*, JavaValue*, _jobject*, JNICallType, _jmethodID*, JNI_ArgumentPusher*, Thread*)+0x362
V  [libjvm.so+0x6e009a]  jni_CallStaticVoidMethod+0x17a
C  [libjli.so+0x7bcc]  JavaMain+0x80c
C  [libpthread.so.0+0x79d1]

Java frames: (J=compiled Java code, j=interpreted, Vv=VM code)
j  com.almworks.sqlite4java._SQLiteSwiggedJNI.sqlite3_finalize(J)I+0
j  com.almworks.sqlite4java._SQLiteSwigged.sqlite3_finalize(Lcom/almworks/sqlite4java/SWIGTYPE_p_sqlite3_stmt;)I+4
j  com.almworks.sqlite4java.SQLiteConnection.softFinalize(Lcom/almworks/sqlite4java/SWIGTYPE_p_sqlite3_stmt;Ljava/lang/Object;)V+1
j  com.almworks.sqlite4java.SQLiteConnection.finalizeStatement(Lcom/almworks/sqlite4java/SQLiteStatement;)V+23
j  com.almworks.sqlite4java.SQLiteConnection.finalizeStatements()V+108
j  com.almworks.sqlite4java.SQLiteConnection.dispose()V+87
j  database.SQLiteInterface.dispose()V+4
j  databaseprocess.CLTFileProcessing.processWithThreads(Ljava/util/HashMap;Ljava/util/LinkedHashSet;Ldatabaseprocess/GlobalInfo;)V+162
J 489% C1 databaseprocess.CLTFileProcessing.processCLTTable(Ljava/util/ArrayList;Ldatabaseprocess/GlobalInfo;)V (998 bytes) @ 0x00007fbb14ec4a14 [0x00007fbb14eb3c40+0x10dd4]
j  databaseprocess.CLTFileProcessing.main([Ljava/lang/String;)V+33
v  ~StubRoutines::call_stub

---------------  P R O C E S S  ---------------

Java Threads: ( => current thread )
  0x00007fbb240fa000 JavaThread "Service Thread" daemon [_thread_blocked, id=17954, stack(0x00007fa46a9ea000,0x00007fa46aaeb000)]
  0x00007fbb240f4800 JavaThread "C1 CompilerThread11" daemon [_thread_blocked, id=17953, stack(0x00007fa46aaeb000,0x00007fa46abec000)]
  0x00007fbb240f2800 JavaThread "C1 CompilerThread10" daemon [_thread_blocked, id=17952, stack(0x00007fa46abec000,0x00007fa46aced000)]
  0x00007fbb240f0800 JavaThread "C1 CompilerThread9" daemon [_thread_blocked, id=17951, stack(0x00007fa46aced000,0x00007fa46adee000)]
  0x00007fbb240ee800 JavaThread "C1 CompilerThread8" daemon [_thread_blocked, id=17950, stack(0x00007fa46adee000,0x00007fa46aeef000)]
  0x00007fbb240ec800 JavaThread "C2 CompilerThread7" daemon [_thread_blocked, id=17949, stack(0x00007fa46aeef000,0x00007fa46aff0000)]
  0x00007fbb240ea000 JavaThread "C2 CompilerThread6" daemon [_thread_blocked, id=17948, stack(0x00007fa46aff0000,0x00007fa46b0f1000)]
  0x00007fbb240e8000 JavaThread "C2 CompilerThread5" daemon [_thread_blocked, id=17947, stack(0x00007fa46b0f1000,0x00007fa46b1f2000)]
  0x00007fbb240de000 JavaThread "C2 CompilerThread4" daemon [_thread_blocked, id=17946, stack(0x00007fa46b1f2000,0x00007fa46b2f3000)]
  0x00007fbb240dc000 JavaThread "C2 CompilerThread3" daemon [_thread_blocked, id=17945, stack(0x00007fa46b2f3000,0x00007fa46b3f4000)]
  0x00007fbb240d9800 JavaThread "C2 CompilerThread2" daemon [_thread_blocked, id=17944, stack(0x00007fa46b3f4000,0x00007fa46b4f5000)]
  0x00007fbb240d8000 JavaThread "C2 CompilerThread1" daemon [_thread_blocked, id=17943, stack(0x00007fa46b4f5000,0x00007fa46b5f6000)]
  0x00007fbb240d5000 JavaThread "C2 CompilerThread0" daemon [_thread_blocked, id=17942, stack(0x00007fa46b5f6000,0x00007fa46b6f7000)]
  0x00007fbb240d3800 JavaThread "Signal Dispatcher" daemon [_thread_blocked, id=17941, stack(0x00007fa46b6f7000,0x00007fa46b7f8000)]
  0x00007fbb2409d800 JavaThread "Finalizer" daemon [_thread_blocked, id=17940, stack(0x00007fa46b7f8000,0x00007fa46b8f9000)]
  0x00007fbb2409b800 JavaThread "Reference Handler" daemon [_thread_blocked, id=17939, stack(0x00007fa46b8f9000,0x00007fa46b9fa000)]
=>0x00007fbb2400c000 JavaThread "main" [_thread_in_native, id=17919, stack(0x00007fbb28590000,0x00007fbb28691000)]

Other Threads:
  0x00007fbb24096000 VMThread [stack: 0x00007fa46b9fa000,0x00007fa46bafb000] [id=17938]
  0x00007fbb240fc800 WatcherThread [stack: 0x00007fa46a8e9000,0x00007fa46a9ea000] [id=17955]

VM state:not at safepoint (normal execution)

VM Mutex/Monitor currently owned by a thread: None

Heap:
 PSYoungGen      total 6646272K, used 1123244K [0x00007fb394600000, 0x00007fb54a500000, 0x00007fbb14600000)
  eden space 6200320K, 12% used [0x00007fb394600000,0x00007fb3c1c99a90,0x00007fb50ed00000)
  from space 445952K, 85% used [0x00007fb50ed00000,0x00007fb525f518c0,0x00007fb52a080000)
  to   space 460800K, 0% used [0x00007fb52e300000,0x00007fb52e300000,0x00007fb54a500000)
 ParOldGen       total 18788352K, used 14194281K [0x00007fa494600000, 0x00007fa90f200000, 0x00007fb394600000)
  object space 18788352K, 75% used [0x00007fa494600000,0x00007fa7f6b9a550,0x00007fa90f200000)
 Metaspace       used 15044K, capacity 15122K, committed 15360K, reserved 16384K

Card table byte_map: [0x00007fa4891ff000,0x00007fa494600000] byte_map_base: 0x00007f64b6d5c000

Marking Bits: (ParMarkBitMap*) 0x00007fbb2962e760
 Begin Bits: [0x00007fa348000000, 0x00007fa3a2000000)
 End Bits:   [0x00007fa3a2000000, 0x00007fa3fc000000)

Polling page: 0x00007fbb29892000

CodeCache: size=245760Kb used=16458Kb max_used=17077Kb free=229301Kb
 bounds [0x00007fbb149d2000, 0x00007fbb15b62000, 0x00007fbb239d2000]
 total_blobs=3964 nmethods=3602 adapters=268
 compilation: enabled

Compilation events (10 events):
Event: 4347.792 Thread 0x00007fbb240d8000 6138   !   4       org.jsoup.parser.Tokeniser::consumeCharacterReference (419 bytes)
Event: 4347.874 Thread 0x00007fbb240d8000 nmethod 6138 0x00007fbb151dae50 code [0x00007fbb151db180, 0x00007fbb151dc6d8]
Event: 4348.356 Thread 0x00007fbb240e8000 6139       4       org.eclipse.jdt.core.dom.DefaultASTVisitor::visit (6 bytes)
Event: 4348.359 Thread 0x00007fbb240e8000 nmethod 6139 0x00007fbb1586ea90 code [0x00007fbb1586ec00, 0x00007fbb1586ed68]
Event: 4349.013 Thread 0x00007fbb240ee800 6140       3       org.eclipse.jdt.internal.compiler.parser.Scanner::internalScanIdentifierOrKeyword (3696 bytes)
Event: 4349.021 Thread 0x00007fbb240ee800 nmethod 6140 0x00007fbb15764a50 code [0x00007fbb15765080, 0x00007fbb1576b190]
Event: 4349.181 Thread 0x00007fbb240d5000 6141       4       org.eclipse.jdt.internal.compiler.parser.Scanner::internalScanIdentifierOrKeyword (3696 bytes)
Event: 4349.251 Thread 0x00007fbb240d5000 nmethod 6141 0x00007fbb15780b90 code [0x00007fbb15780f20, 0x00007fbb15782af8]
Event: 4355.862 Thread 0x00007fbb240d9800 6142       4       org.eclipse.jdt.internal.compiler.parser.Parser::markEnclosingMemberWithLocalOrFunctionalType (226 bytes)
Event: 4355.874 Thread 0x00007fbb240d9800 nmethod 6142 0x00007fbb15439d50 code [0x00007fbb15439ec0, 0x00007fbb1543a258]

GC Heap History (10 events):
Event: 4273.250 GC heap before
{Heap before GC invocations=342 (full 7):
 PSYoungGen      total 6513664K, used 6405855K [0x00007fb394600000, 0x00007fb53cf80000, 0x00007fbb14600000)
  eden space 6082048K, 100% used [0x00007fb394600000,0x00007fb507980000,0x00007fb507980000)
  from space 431616K, 75% used [0x00007fb522200000,0x00007fb535e37e40,0x00007fb53c780000)
  to   space 434688K, 0% used [0x00007fb507980000,0x00007fb507980000,0x00007fb522200000)
 ParOldGen       total 18788352K, used 14088377K [0x00007fa494600000, 0x00007fa90f200000, 0x00007fb394600000)
  object space 18788352K, 74% used [0x00007fa494600000,0x00007fa7f042e6b8,0x00007fa90f200000)
 Metaspace       used 15041K, capacity 15122K, committed 15360K, reserved 16384K
Event: 4273.595 GC heap after
Heap after GC invocations=342 (full 7):
 PSYoungGen      total 6516736K, used 323697K [0x00007fb394600000, 0x00007fb540a80000, 0x00007fbb14600000)
  eden space 6082048K, 0% used [0x00007fb394600000,0x00007fb394600000,0x00007fb507980000)
  from space 434688K, 74% used [0x00007fb507980000,0x00007fb51b59c4a0,0x00007fb522200000)
  to   space 435712K, 0% used [0x00007fb526100000,0x00007fb526100000,0x00007fb540a80000)
 ParOldGen       total 18788352K, used 14111846K [0x00007fa494600000, 0x00007fa90f200000, 0x00007fb394600000)
  object space 18788352K, 75% used [0x00007fa494600000,0x00007fa7f1b19960,0x00007fa90f200000)
 Metaspace       used 15041K, capacity 15122K, committed 15360K, reserved 16384K
}
Event: 4295.103 GC heap before
{Heap before GC invocations=343 (full 7):
 PSYoungGen      total 6516736K, used 6405745K [0x00007fb394600000, 0x00007fb540a80000, 0x00007fbb14600000)
  eden space 6082048K, 100% used [0x00007fb394600000,0x00007fb507980000,0x00007fb507980000)
  from space 434688K, 74% used [0x00007fb507980000,0x00007fb51b59c4a0,0x00007fb522200000)
  to   space 435712K, 0% used [0x00007fb526100000,0x00007fb526100000,0x00007fb540a80000)
 ParOldGen       total 18788352K, used 14111846K [0x00007fa494600000, 0x00007fa90f200000, 0x00007fb394600000)
  object space 18788352K, 75% used [0x00007fa494600000,0x00007fa7f1b19960,0x00007fa90f200000)
 Metaspace       used 15042K, capacity 15122K, committed 15360K, reserved 16384K
Event: 4295.458 GC heap after
Heap after GC invocations=343 (full 7):
 PSYoungGen      total 6577664K, used 334965K [0x00007fb394600000, 0x00007fb541080000, 0x00007fbb14600000)
  eden space 6141952K, 0% used [0x00007fb394600000,0x00007fb394600000,0x00007fb50b400000)
  from space 435712K, 76% used [0x00007fb526100000,0x00007fb53a81d6f8,0x00007fb540a80000)
  to   space 439296K, 0% used [0x00007fb50b400000,0x00007fb50b400000,0x00007fb526100000)
 ParOldGen       total 18788352K, used 14132132K [0x00007fa494600000, 0x00007fa90f200000, 0x00007fb394600000)
  object space 18788352K, 75% used [0x00007fa494600000,0x00007fa7f2ee92b8,0x00007fa90f200000)
 Metaspace       used 15042K, capacity 15122K, committed 15360K, reserved 16384K
}
Event: 4316.152 GC heap before
{Heap before GC invocations=344 (full 7):
 PSYoungGen      total 6577664K, used 6476917K [0x00007fb394600000, 0x00007fb541080000, 0x00007fbb14600000)
  eden space 6141952K, 100% used [0x00007fb394600000,0x00007fb50b400000,0x00007fb50b400000)
  from space 435712K, 76% used [0x00007fb526100000,0x00007fb53a81d6f8,0x00007fb540a80000)
  to   space 439296K, 0% used [0x00007fb50b400000,0x00007fb50b400000,0x00007fb526100000)
 ParOldGen       total 18788352K, used 14132132K [0x00007fa494600000, 0x00007fa90f200000, 0x00007fb394600000)
  object space 18788352K, 75% used [0x00007fa494600000,0x00007fa7f2ee92b8,0x00007fa90f200000)
 Metaspace       used 15042K, capacity 15122K, committed 15360K, reserved 16384K
Event: 4316.502 GC heap after
Heap after GC invocations=344 (full 7):
 PSYoungGen      total 6581248K, used 336497K [0x00007fb394600000, 0x00007fb545000000, 0x00007fbb14600000)
  eden space 6141952K, 0% used [0x00007fb394600000,0x00007fb394600000,0x00007fb50b400000)
  from space 439296K, 76% used [0x00007fb50b400000,0x00007fb51fc9c678,0x00007fb526100000)
  to   space 441856K, 0% used [0x00007fb52a080000,0x00007fb52a080000,0x00007fb545000000)
 ParOldGen       total 18788352K, used 14152520K [0x00007fa494600000, 0x00007fa90f200000, 0x00007fb394600000)
  object space 18788352K, 75% used [0x00007fa494600000,0x00007fa7f42d2000,0x00007fa90f200000)
 Metaspace       used 15042K, capacity 15122K, committed 15360K, reserved 16384K
}
Event: 4336.264 GC heap before
{Heap before GC invocations=345 (full 7):
 PSYoungGen      total 6581248K, used 6478449K [0x00007fb394600000, 0x00007fb545000000, 0x00007fbb14600000)
  eden space 6141952K, 100% used [0x00007fb394600000,0x00007fb50b400000,0x00007fb50b400000)
  from space 439296K, 76% used [0x00007fb50b400000,0x00007fb51fc9c678,0x00007fb526100000)
  to   space 441856K, 0% used [0x00007fb52a080000,0x00007fb52a080000,0x00007fb545000000)
 ParOldGen       total 18788352K, used 14152520K [0x00007fa494600000, 0x00007fa90f200000, 0x00007fb394600000)
  object space 18788352K, 75% used [0x00007fa494600000,0x00007fa7f42d2000,0x00007fa90f200000)
 Metaspace       used 15042K, capacity 15122K, committed 15360K, reserved 16384K
Event: 4336.623 GC heap after
Heap after GC invocations=345 (full 7):
 PSYoungGen      total 6642176K, used 343485K [0x00007fb394600000, 0x00007fb545880000, 0x00007fbb14600000)
  eden space 6200320K, 0% used [0x00007fb394600000,0x00007fb394600000,0x00007fb50ed00000)
  from space 441856K, 77% used [0x00007fb52a080000,0x00007fb53efef5a0,0x00007fb545000000)
  to   space 445952K, 0% used [0x00007fb50ed00000,0x00007fb50ed00000,0x00007fb52a080000)
 ParOldGen       total 18788352K, used 14170972K [0x00007fa494600000, 0x00007fa90f200000, 0x00007fb394600000)
  object space 18788352K, 75% used [0x00007fa494600000,0x00007fa7f54d7168,0x00007fa90f200000)
 Metaspace       used 15042K, capacity 15122K, committed 15360K, reserved 16384K
}
Event: 4354.845 GC heap before
{Heap before GC invocations=346 (full 7):
 PSYoungGen      total 6642176K, used 6543805K [0x00007fb394600000, 0x00007fb545880000, 0x00007fbb14600000)
  eden space 6200320K, 100% used [0x00007fb394600000,0x00007fb50ed00000,0x00007fb50ed00000)
  from space 441856K, 77% used [0x00007fb52a080000,0x00007fb53efef5a0,0x00007fb545000000)
  to   space 445952K, 0% used [0x00007fb50ed00000,0x00007fb50ed00000,0x00007fb52a080000)
 ParOldGen       total 18788352K, used 14170972K [0x00007fa494600000, 0x00007fa90f200000, 0x00007fb394600000)
  object space 18788352K, 75% used [0x00007fa494600000,0x00007fa7f54d7168,0x00007fa90f200000)
 Metaspace       used 15043K, capacity 15122K, committed 15360K, reserved 16384K
Event: 4354.945 GC heap after
Heap after GC invocations=346 (full 7):
 PSYoungGen      total 6646272K, used 379206K [0x00007fb394600000, 0x00007fb54a500000, 0x00007fbb14600000)
  eden space 6200320K, 0% used [0x00007fb394600000,0x00007fb394600000,0x00007fb50ed00000)
  from space 445952K, 85% used [0x00007fb50ed00000,0x00007fb525f518c0,0x00007fb52a080000)
  to   space 460800K, 0% used [0x00007fb52e300000,0x00007fb52e300000,0x00007fb54a500000)
 ParOldGen       total 18788352K, used 14194281K [0x00007fa494600000, 0x00007fa90f200000, 0x00007fb394600000)
  object space 18788352K, 75% used [0x00007fa494600000,0x00007fa7f6b9a550,0x00007fa90f200000)
 Metaspace       used 15043K, capacity 15122K, committed 15360K, reserved 16384K
}

Deoptimization events (10 events):
Event: 4148.818 Thread 0x00007fbb2400c000 Uncommon trap: reason=unstable_if action=reinterpret pc=0x00007fbb15b1b9d8 method=org.eclipse.jdt.internal.compiler.parser.Parser.consumeTypeParameterHeader()V @ 26
Event: 4148.820 Thread 0x00007fbb2400c000 Uncommon trap: reason=unstable_if action=reinterpret pc=0x00007fbb15724600 method=org.eclipse.jdt.internal.compiler.parser.Parser.consumeTypeParameterHeader()V @ 26
Event: 4149.884 Thread 0x00007fbb2400c000 Uncommon trap: reason=unstable_if action=reinterpret pc=0x00007fbb155c0648 method=org.eclipse.jdt.internal.compiler.parser.Scanner.scanNumber(Z)I @ 1460
Event: 4285.600 Thread 0x00007fbb2400c000 Uncommon trap: reason=unstable_if action=reinterpret pc=0x00007fbb157d5694 method=org.eclipse.jdt.internal.compiler.parser.Scanner.internalScanIdentifierOrKeyword(II[C)I @ 1901
Event: 4286.115 Thread 0x00007fbb2400c000 Uncommon trap: reason=unstable_if action=reinterpret pc=0x00007fbb158bb158 method=org.eclipse.jdt.internal.compiler.parser.Scanner.internalScanIdentifierOrKeyword(II[C)I @ 3342
Event: 4329.985 Thread 0x00007fbb2400c000 Uncommon trap: reason=class_check action=maybe_recompile pc=0x00007fbb14da7414 method=org.eclipse.jdt.internal.compiler.parser.Parser.markEnclosingMemberWithLocalOrFunctionalType(Lorg/eclipse/jdt/internal/compiler/parser/Parser$LocalTypeKind;)V @ 139
Event: 4343.044 Thread 0x00007fbb2400c000 Uncommon trap: reason=unstable_if action=reinterpret pc=0x00007fbb14d2b394 method=org.jsoup.parser.CharacterReader.consumeLetterThenDigitSequence()Ljava/lang/String; @ 47
Event: 4344.820 Thread 0x00007fbb2400c000 Uncommon trap: reason=unstable_if action=reinterpret pc=0x00007fbb15347b48 method=org.eclipse.jdt.internal.compiler.parser.Scanner.internalScanIdentifierOrKeyword(II[C)I @ 2540
Event: 4349.012 Thread 0x00007fbb2400c000 Uncommon trap: reason=unstable_if action=reinterpret pc=0x00007fbb15825acc method=org.eclipse.jdt.internal.compiler.parser.Scanner.internalScanIdentifierOrKeyword(II[C)I @ 3005
Event: 4357.118 Thread 0x00007fbb2400c000 Uncommon trap: reason=unstable_if action=reinterpret pc=0x00007fbb159438b0 method=databaseprocess.CLTFileProcessing.processWithThreads(Ljava/util/HashMap;Ljava/util/LinkedHashSet;Ldatabaseprocess/GlobalInfo;)V @ 157

Internal exceptions (10 events):
Event: 4044.197 Thread 0x00007fbb2400c000 Exception <a 'java/lang/ArrayIndexOutOfBoundsException'> (0x00007fb3afb6f9a0) thrown at [/RE-WORK/workspace/8-2-build-linux-amd64/jdk8u45/3457/hotspot/src/share/vm/runtime/sharedRuntime.cpp, line 605]
Event: 4044.197 Thread 0x00007fbb2400c000 Exception <a 'java/lang/ArrayIndexOutOfBoundsException'> (0x00007fb3afb76db8) thrown at [/RE-WORK/workspace/8-2-build-linux-amd64/jdk8u45/3457/hotspot/src/share/vm/runtime/sharedRuntime.cpp, line 605]
Event: 4044.197 Thread 0x00007fbb2400c000 Exception <a 'java/lang/ArrayIndexOutOfBoundsException'> (0x00007fb3afb96de0) thrown at [/RE-WORK/workspace/8-2-build-linux-amd64/jdk8u45/3457/hotspot/src/share/vm/runtime/sharedRuntime.cpp, line 605]
Event: 4044.197 Thread 0x00007fbb2400c000 Exception <a 'java/lang/ArrayIndexOutOfBoundsException'> (0x00007fb3afb97098) thrown at [/RE-WORK/workspace/8-2-build-linux-amd64/jdk8u45/3457/hotspot/src/share/vm/runtime/sharedRuntime.cpp, line 605]
Event: 4044.197 Thread 0x00007fbb2400c000 Exception <a 'java/lang/ArrayIndexOutOfBoundsException'> (0x00007fb3afb9c358) thrown at [/RE-WORK/workspace/8-2-build-linux-amd64/jdk8u45/3457/hotspot/src/share/vm/runtime/sharedRuntime.cpp, line 605]
Event: 4044.197 Thread 0x00007fbb2400c000 Exception <a 'java/lang/ArrayIndexOutOfBoundsException'> (0x00007fb3afbdadb0) thrown at [/RE-WORK/workspace/8-2-build-linux-amd64/jdk8u45/3457/hotspot/src/share/vm/runtime/sharedRuntime.cpp, line 605]
Event: 4044.197 Thread 0x00007fbb2400c000 Exception <a 'java/lang/ArrayIndexOutOfBoundsException'> (0x00007fb3afbdb408) thrown at [/RE-WORK/workspace/8-2-build-linux-amd64/jdk8u45/3457/hotspot/src/share/vm/runtime/sharedRuntime.cpp, line 605]
Event: 4044.197 Thread 0x00007fbb2400c000 Exception <a 'java/lang/ArrayIndexOutOfBoundsException'> (0x00007fb3afbdb6c0) thrown at [/RE-WORK/workspace/8-2-build-linux-amd64/jdk8u45/3457/hotspot/src/share/vm/runtime/sharedRuntime.cpp, line 605]
Event: 4044.197 Thread 0x00007fbb2400c000 Exception <a 'java/lang/ArrayIndexOutOfBoundsException'> (0x00007fb3afbde918) thrown at [/RE-WORK/workspace/8-2-build-linux-amd64/jdk8u45/3457/hotspot/src/share/vm/runtime/sharedRuntime.cpp, line 605]
Event: 4044.198 Thread 0x00007fbb2400c000 Exception <a 'java/lang/ArrayIndexOutOfBoundsException'> (0x00007fb3afbe5008) thrown at [/RE-WORK/workspace/8-2-build-linux-amd64/jdk8u45/3457/hotspot/src/share/vm/runtime/sharedRuntime.cpp, line 605]

Events (10 events):
Event: 4344.820 Thread 0x00007fbb2400c000 DEOPT PACKING pc=0x00007fbb15347b48 sp=0x00007fbb2868ed80
Event: 4344.820 Thread 0x00007fbb2400c000 DEOPT UNPACKING pc=0x00007fbb149d7229 sp=0x00007fbb2868ed30 mode 2
Event: 4349.012 Thread 0x00007fbb2400c000 Uncommon trap: trap_request=0xffffff65 fr.pc=0x00007fbb15825acc
Event: 4349.012 Thread 0x00007fbb2400c000 DEOPT PACKING pc=0x00007fbb15825acc sp=0x00007fbb2868ee20
Event: 4349.012 Thread 0x00007fbb2400c000 DEOPT UNPACKING pc=0x00007fbb149d7229 sp=0x00007fbb2868edd0 mode 2
Event: 4354.844 Executing VM operation: ParallelGCFailedAllocation
Event: 4354.945 Executing VM operation: ParallelGCFailedAllocation done
Event: 4357.118 Thread 0x00007fbb2400c000 Uncommon trap: trap_request=0xffffff65 fr.pc=0x00007fbb159438b0
Event: 4357.118 Thread 0x00007fbb2400c000 DEOPT PACKING pc=0x00007fbb159438b0 sp=0x00007fbb2868f270
Event: 4357.118 Thread 0x00007fbb2400c000 DEOPT UNPACKING pc=0x00007fbb149d7229 sp=0x00007fbb2868f2d8 mode 2


Dynamic libraries:
00400000-00401000 r-xp 00000000 00:22 704545588                          /remote/rs/tien/anhnt/ChangeInference/jdk-8u45-linux-x64/jdk1.8.0_45/bin/java
00600000-00601000 rw-p 00000000 00:22 704545588                          /remote/rs/tien/anhnt/ChangeInference/jdk-8u45-linux-x64/jdk1.8.0_45/bin/java
01dd5000-01df6000 rw-p 00000000 00:00 0                                  [heap]
3e61c00000-3e61c20000 r-xp 00000000 08:13 138150267                      /lib64/ld-2.12.so
3e61e1f000-3e61e20000 r--p 0001f000 08:13 138150267                      /lib64/ld-2.12.so
3e61e20000-3e61e21000 rw-p 00020000 08:13 138150267                      /lib64/ld-2.12.so
3e61e21000-3e61e22000 rw-p 00000000 00:00 0 
3e62000000-3e6218a000 r-xp 00000000 08:13 138150273                      /lib64/libc-2.12.so
3e6218a000-3e6238a000 ---p 0018a000 08:13 138150273                      /lib64/libc-2.12.so
3e6238a000-3e6238e000 r--p 0018a000 08:13 138150273                      /lib64/libc-2.12.so
3e6238e000-3e6238f000 rw-p 0018e000 08:13 138150273                      /lib64/libc-2.12.so
3e6238f000-3e62394000 rw-p 00000000 00:00 0 
3e62400000-3e62483000 r-xp 00000000 08:13 138150287                      /lib64/libm-2.12.so
3e62483000-3e62682000 ---p 00083000 08:13 138150287                      /lib64/libm-2.12.so
3e62682000-3e62683000 r--p 00082000 08:13 138150287                      /lib64/libm-2.12.so
3e62683000-3e62684000 rw-p 00083000 08:13 138150287                      /lib64/libm-2.12.so
3e62800000-3e62817000 r-xp 00000000 08:13 138150322                      /lib64/libpthread-2.12.so
3e62817000-3e62a17000 ---p 00017000 08:13 138150322                      /lib64/libpthread-2.12.so
3e62a17000-3e62a18000 r--p 00017000 08:13 138150322                      /lib64/libpthread-2.12.so
3e62a18000-3e62a19000 rw-p 00018000 08:13 138150322                      /lib64/libpthread-2.12.so
3e62a19000-3e62a1d000 rw-p 00000000 00:00 0 
3e62c00000-3e62c02000 r-xp 00000000 08:13 138150081                      /lib64/libdl-2.12.so
3e62c02000-3e62e02000 ---p 00002000 08:13 138150081                      /lib64/libdl-2.12.so
3e62e02000-3e62e03000 r--p 00002000 08:13 138150081                      /lib64/libdl-2.12.so
3e62e03000-3e62e04000 rw-p 00003000 08:13 138150081                      /lib64/libdl-2.12.so
3e63400000-3e63407000 r-xp 00000000 08:13 138150347                      /lib64/librt-2.12.so
3e63407000-3e63606000 ---p 00007000 08:13 138150347                      /lib64/librt-2.12.so
3e63606000-3e63607000 r--p 00006000 08:13 138150347                      /lib64/librt-2.12.so
3e63607000-3e63608000 rw-p 00007000 08:13 138150347                      /lib64/librt-2.12.so
3e64000000-3e64016000 r-xp 00000000 08:13 138150344                      /lib64/libresolv-2.12.so
3e64016000-3e64216000 ---p 00016000 08:13 138150344                      /lib64/libresolv-2.12.so
3e64216000-3e64217000 r--p 00016000 08:13 138150344                      /lib64/libresolv-2.12.so
3e64217000-3e64218000 rw-p 00017000 08:13 138150344                      /lib64/libresolv-2.12.so
3e64218000-3e6421a000 rw-p 00000000 00:00 0 
7f9b2c000000-7f9b2e453000 rw-p 00000000 00:00 0 
7f9b2e453000-7f9b30000000 ---p 00000000 00:00 0 
7f9b34000000-7f9b3c000000 rw-p 00000000 00:00 0 
7f9b3c000000-7f9b44000000 rw-p 00000000 00:00 0 
7f9b44000000-7f9b4c000000 rw-p 00000000 00:00 0 
7f9b4c000000-7f9b54000000 rw-p 00000000 00:00 0 
7f9b54000000-7f9b5c000000 rw-p 00000000 00:00 0 
7f9b5c000000-7f9b64000000 rw-p 00000000 00:00 0 
7f9b64000000-7f9b6c000000 rw-p 00000000 00:00 0 
7f9b6c000000-7f9b6ffff000 rw-p 00000000 00:00 0 
7f9b6ffff000-7f9b70000000 ---p 00000000 00:00 0 
7f9b70000000-7f9b74000000 rw-p 00000000 00:00 0 
7f9b74000000-7f9b7c000000 rw-p 00000000 00:00 0 
7f9b7c000000-7f9b84000000 rw-p 00000000 00:00 0 
7f9b84000000-7f9b8c000000 rw-p 00000000 00:00 0 
7f9b8c000000-7f9b94000000 rw-p 00000000 00:00 0 
7f9b94000000-7f9b9c000000 rw-p 00000000 00:00 0 
7f9b9c000000-7f9ba4000000 rw-p 00000000 00:00 0 
7f9ba4000000-7f9bac000000 rw-p 00000000 00:00 0 
7f9bac000000-7f9bb4000000 rw-p 00000000 00:00 0 
7f9bb4000000-7f9bbc000000 rw-p 00000000 00:00 0 
7f9bbc000000-7f9bc4000000 rw-p 00000000 00:00 0 
7f9bc4000000-7f9bcc000000 rw-p 00000000 00:00 0 
7f9bcc000000-7f9bd4000000 rw-p 00000000 00:00 0 
7f9bd4000000-7f9bdc000000 rw-p 00000000 00:00 0 
7f9bdc000000-7f9be4000000 rw-p 00000000 00:00 0 
7f9be4000000-7f9bebffd000 rw-p 00000000 00:00 0 
7f9bebffd000-7f9bec000000 ---p 00000000 00:00 0 
7f9bec000000-7f9bf4000000 rw-p 00000000 00:00 0 
7f9bf4000000-7f9bfc000000 rw-p 00000000 00:00 0 
7f9bfc000000-7f9c04000000 rw-p 00000000 00:00 0 
7f9c04000000-7f9c0c000000 rw-p 00000000 00:00 0 
7f9c0c000000-7f9c14000000 rw-p 00000000 00:00 0 
7f9c14000000-7f9c1c000000 rw-p 00000000 00:00 0 
7f9c1c000000-7f9c24000000 rw-p 00000000 00:00 0 
7f9c24000000-7f9c2c000000 rw-p 00000000 00:00 0 
7f9c2c000000-7f9c34000000 rw-p 00000000 00:00 0 
7f9c34000000-7f9c3c000000 rw-p 00000000 00:00 0 
7f9c3c000000-7f9c44000000 rw-p 00000000 00:00 0 
7f9c44000000-7f9c4c000000 rw-p 00000000 00:00 0 
7f9c4c000000-7f9c54000000 rw-p 00000000 00:00 0 
7f9c54000000-7f9c5c000000 rw-p 00000000 00:00 0 
7f9c5c000000-7f9c64000000 rw-p 00000000 00:00 0 
7f9c64000000-7f9c6c000000 rw-p 00000000 00:00 0 
7f9c6c000000-7f9c74000000 rw-p 00000000 00:00 0 
7f9c74000000-7f9c7c000000 rw-p 00000000 00:00 0 
7f9c7c000000-7f9c84000000 rw-p 00000000 00:00 0 
7f9c84000000-7f9c8c000000 rw-p 00000000 00:00 0 
7f9c8c000000-7f9c94000000 rw-p 00000000 00:00 0 
7f9c94000000-7f9c9c000000 rw-p 00000000 00:00 0 
7f9c9c000000-7f9c9ffff000 rw-p 00000000 00:00 0 
7f9c9ffff000-7f9ca0000000 ---p 00000000 00:00 0 
7f9ca0000000-7f9ca4000000 rw-p 00000000 00:00 0 
7f9ca4000000-7f9cac000000 rw-p 00000000 00:00 0 
7f9cac000000-7f9cb4000000 rw-p 00000000 00:00 0 
7f9cb4000000-7f9cbc000000 rw-p 00000000 00:00 0 
7f9cbc000000-7f9cc4000000 rw-p 00000000 00:00 0 
7f9cc4000000-7f9ccc000000 rw-p 00000000 00:00 0 
7f9ccc000000-7f9cd4000000 rw-p 00000000 00:00 0 
7f9cd4000000-7f9cdbfff000 rw-p 00000000 00:00 0 
7f9cdbfff000-7f9cdc000000 ---p 00000000 00:00 0 
7f9cdc000000-7f9ce4000000 rw-p 00000000 00:00 0 
7f9ce4000000-7f9cec000000 rw-p 00000000 00:00 0 
7f9cec000000-7f9cf4000000 rw-p 00000000 00:00 0 
7f9cf4000000-7f9cfc000000 rw-p 00000000 00:00 0 
7f9cfc000000-7f9d04000000 rw-p 00000000 00:00 0 
7f9d04000000-7f9d0c000000 rw-p 00000000 00:00 0 
7f9d0c000000-7f9d14000000 rw-p 00000000 00:00 0 
7f9d14000000-7f9d1c000000 rw-p 00000000 00:00 0 
7f9d1c000000-7f9d24000000 rw-p 00000000 00:00 0 
7f9d24000000-7f9d2c000000 rw-p 00000000 00:00 0 
7f9d2c000000-7f9d34000000 rw-p 00000000 00:00 0 
7f9d34000000-7f9d3c000000 rw-p 00000000 00:00 0 
7f9d3c000000-7f9d44000000 rw-p 00000000 00:00 0 
7f9d44000000-7f9d4c000000 rw-p 00000000 00:00 0 
7f9d4c000000-7f9d54000000 rw-p 00000000 00:00 0 
7f9d54000000-7f9d5c000000 rw-p 00000000 00:00 0 
7f9d5c000000-7f9d64000000 rw-p 00000000 00:00 0 
7f9d64000000-7f9d6c000000 rw-p 00000000 00:00 0 
7f9d6c000000-7f9d74000000 rw-p 00000000 00:00 0 
7f9d74000000-7f9d7c000000 rw-p 00000000 00:00 0 
7f9d7c000000-7f9d84000000 rw-p 00000000 00:00 0 
7f9d84000000-7f9d8c000000 rw-p 00000000 00:00 0 
7f9d8c000000-7f9d94000000 rw-p 00000000 00:00 0 
7f9d94000000-7f9d9c000000 rw-p 00000000 00:00 0 
7f9d9c000000-7f9da4000000 rw-p 00000000 00:00 0 
7f9da4000000-7f9dabfff000 rw-p 00000000 00:00 0 
7f9dabfff000-7f9dac000000 ---p 00000000 00:00 0 
7f9dac000000-7f9db3fff000 rw-p 00000000 00:00 0 
7f9db3fff000-7f9db4000000 ---p 00000000 00:00 0 
7f9db4000000-7f9dbc000000 rw-p 00000000 00:00 0 
7f9dbc000000-7f9dc4000000 rw-p 00000000 00:00 0 
7f9dc4000000-7f9dcc000000 rw-p 00000000 00:00 0 
7f9dcc000000-7f9dd4000000 rw-p 00000000 00:00 0 
7f9dd4000000-7f9ddc000000 rw-p 00000000 00:00 0 
7f9ddc000000-7f9de4000000 rw-p 00000000 00:00 0 
7f9de4000000-7f9dec000000 rw-p 00000000 00:00 0 
7f9dec000000-7f9df4000000 rw-p 00000000 00:00 0 
7f9df4000000-7f9dfc000000 rw-p 00000000 00:00 0 
7f9dfc000000-7f9e04000000 rw-p 00000000 00:00 0 
7f9e04000000-7f9e0c000000 rw-p 00000000 00:00 0 
7f9e0c000000-7f9e0ffff000 rw-p 00000000 00:00 0 
7f9e0ffff000-7f9e10000000 ---p 00000000 00:00 0 
7f9e10000000-7f9e14000000 rw-p 00000000 00:00 0 
7f9e14000000-7f9e1c000000 rw-p 00000000 00:00 0 
7f9e1c000000-7f9e24000000 rw-p 00000000 00:00 0 
7f9e24000000-7f9e2c000000 rw-p 00000000 00:00 0 
7f9e2c000000-7f9e34000000 rw-p 00000000 00:00 0 
7f9e34000000-7f9e3c000000 rw-p 00000000 00:00 0 
7f9e3c000000-7f9e44000000 rw-p 00000000 00:00 0 
7f9e44000000-7f9e4c000000 rw-p 00000000 00:00 0 
7f9e4c000000-7f9e54000000 rw-p 00000000 00:00 0 
7f9e54000000-7f9e5c000000 rw-p 00000000 00:00 0 
7f9e5c000000-7f9e64000000 rw-p 00000000 00:00 0 
7f9e64000000-7f9e6c000000 rw-p 00000000 00:00 0 
7f9e6c000000-7f9e74000000 rw-p 00000000 00:00 0 
7f9e74000000-7f9e7c000000 rw-p 00000000 00:00 0 
7f9e7c000000-7f9e84000000 rw-p 00000000 00:00 0 
7f9e84000000-7f9e8c000000 rw-p 00000000 00:00 0 
7f9e8c000000-7f9e94000000 rw-p 00000000 00:00 0 
7f9e94000000-7f9e9c000000 rw-p 00000000 00:00 0 
7f9e9c000000-7f9ea4000000 rw-p 00000000 00:00 0 
7f9ea4000000-7f9eac000000 rw-p 00000000 00:00 0 
7f9eac000000-7f9eb3fff000 rw-p 00000000 00:00 0 
7f9eb3fff000-7f9eb4000000 ---p 00000000 00:00 0 
7f9eb4000000-7f9ebc000000 rw-p 00000000 00:00 0 
7f9ebc000000-7f9ec4000000 rw-p 00000000 00:00 0 
7f9ec4000000-7f9ecc000000 rw-p 00000000 00:00 0 
7f9ecc000000-7f9ed4000000 rw-p 00000000 00:00 0 
7f9ed4000000-7f9edc000000 rw-p 00000000 00:00 0 
7f9edc000000-7f9ee4000000 rw-p 00000000 00:00 0 
7f9ee4000000-7f9eebfff000 rw-p 00000000 00:00 0 
7f9eebfff000-7f9eec000000 ---p 00000000 00:00 0 
7f9eec000000-7f9ef4000000 rw-p 00000000 00:00 0 
7f9ef4000000-7f9efc000000 rw-p 00000000 00:00 0 
7f9efc000000-7f9f04000000 rw-p 00000000 00:00 0 
7f9f04000000-7f9f0c000000 rw-p 00000000 00:00 0 
7f9f0c000000-7f9f14000000 rw-p 00000000 00:00 0 
7f9f14000000-7f9f1c000000 rw-p 00000000 00:00 0 
7f9f1c000000-7f9f24000000 rw-p 00000000 00:00 0 
7f9f24000000-7f9f2c000000 rw-p 00000000 00:00 0 
7f9f2c000000-7f9f34000000 rw-p 00000000 00:00 0 
7f9f34000000-7f9f3c000000 rw-p 00000000 00:00 0 
7f9f3c000000-7f9f44000000 rw-p 00000000 00:00 0 
7f9f44000000-7f9f4c000000 rw-p 00000000 00:00 0 
7f9f4c000000-7f9f54000000 rw-p 00000000 00:00 0 
7f9f54000000-7f9f5c000000 rw-p 00000000 00:00 0 
7f9f5c000000-7f9f64000000 rw-p 00000000 00:00 0 
7f9f64000000-7f9f6c000000 rw-p 00000000 00:00 0 
7f9f6c000000-7f9f6ffff000 rw-p 00000000 00:00 0 
7f9f6ffff000-7f9f70000000 ---p 00000000 00:00 0 
7f9f70000000-7f9f74000000 rw-p 00000000 00:00 0 
7f9f74000000-7f9f7c000000 rw-p 00000000 00:00 0 
7f9f7c000000-7f9f84000000 rw-p 00000000 00:00 0 
7f9f84000000-7f9f8c000000 rw-p 00000000 00:00 0 
7f9f8c000000-7f9f94000000 rw-p 00000000 00:00 0 
7f9f94000000-7f9f97fff000 rw-p 00000000 00:00 0 
7f9f97fff000-7f9f98000000 ---p 00000000 00:00 0 
7f9f98000000-7f9f9c000000 rw-p 00000000 00:00 0 
7f9f9c000000-7f9fa4000000 rw-p 00000000 00:00 0 
7f9fa4000000-7f9fac000000 rw-p 00000000 00:00 0 
7f9fac000000-7f9fb4000000 rw-p 00000000 00:00 0 
7f9fb4000000-7f9fbc000000 rw-p 00000000 00:00 0 
7f9fbc000000-7f9fc4000000 rw-p 00000000 00:00 0 
7f9fc4000000-7f9fcc000000 rw-p 00000000 00:00 0 
7f9fcc000000-7f9fd3ffe000 rw-p 00000000 00:00 0 
7f9fd3ffe000-7f9fd4000000 ---p 00000000 00:00 0 
7f9fd4000000-7f9fdbffe000 rw-p 00000000 00:00 0 
7f9fdbffe000-7f9fdc000000 ---p 00000000 00:00 0 
7f9fdc000000-7f9fe4000000 rw-p 00000000 00:00 0 
7f9fe4000000-7f9fec000000 rw-p 00000000 00:00 0 
7f9fec000000-7f9ff4000000 rw-p 00000000 00:00 0 
7f9ff4000000-7f9ffc000000 rw-p 00000000 00:00 0 
7f9ffc000000-7fa003fff000 rw-p 00000000 00:00 0 
7fa003fff000-7fa004000000 ---p 00000000 00:00 0 
7fa004000000-7fa00c000000 rw-p 00000000 00:00 0 
7fa00c000000-7fa014000000 rw-p 00000000 00:00 0 
7fa014000000-7fa01c000000 rw-p 00000000 00:00 0 
7fa01c000000-7fa01ffff000 rw-p 00000000 00:00 0 
7fa01ffff000-7fa020000000 ---p 00000000 00:00 0 
7fa020000000-7fa024000000 rw-p 00000000 00:00 0 
7fa024000000-7fa02bffa000 rw-p 00000000 00:00 0 
7fa02bffa000-7fa02c000000 ---p 00000000 00:00 0 
7fa02c000000-7fa034000000 rw-p 00000000 00:00 0 
7fa034000000-7fa03c000000 rw-p 00000000 00:00 0 
7fa03c000000-7fa044000000 rw-p 00000000 00:00 0 
7fa044000000-7fa04c000000 rw-p 00000000 00:00 0 
7fa04c000000-7fa054000000 rw-p 00000000 00:00 0 
7fa054000000-7fa05c000000 rw-p 00000000 00:00 0 
7fa05c000000-7fa05ffff000 rw-p 00000000 00:00 0 
7fa05ffff000-7fa060000000 ---p 00000000 00:00 0 
7fa060000000-7fa064000000 rw-p 00000000 00:00 0 
7fa064000000-7fa06c000000 rw-p 00000000 00:00 0 
7fa06c000000-7fa074000000 rw-p 00000000 00:00 0 
7fa074000000-7fa07c000000 rw-p 00000000 00:00 0 
7fa07c000000-7fa083fff000 rw-p 00000000 00:00 0 
7fa083fff000-7fa084000000 ---p 00000000 00:00 0 
7fa084000000-7fa08c000000 rw-p 00000000 00:00 0 
7fa08c000000-7fa08ffff000 rw-p 00000000 00:00 0 
7fa08ffff000-7fa090000000 ---p 00000000 00:00 0 
7fa090000000-7fa094000000 rw-p 00000000 00:00 0 
7fa094000000-7fa09c000000 rw-p 00000000 00:00 0 
7fa09c000000-7fa0a4000000 rw-p 00000000 00:00 0 
7fa0a4000000-7fa0ac000000 rw-p 00000000 00:00 0 
7fa0ac000000-7fa0b4000000 rw-p 00000000 00:00 0 
7fa0b4000000-7fa0bc000000 rw-p 00000000 00:00 0 
7fa0bc000000-7fa0c4000000 rw-p 00000000 00:00 0 
7fa0c4000000-7fa0cc000000 rw-p 00000000 00:00 0 
7fa0cc000000-7fa0d4000000 rw-p 00000000 00:00 0 
7fa0d4000000-7fa0dc000000 rw-p 00000000 00:00 0 
7fa0dc000000-7fa0e4000000 rw-p 00000000 00:00 0 
7fa0e4000000-7fa0ec000000 rw-p 00000000 00:00 0 
7fa0ec000000-7fa0f4000000 rw-p 00000000 00:00 0 
7fa0f4000000-7fa0f7ffe000 rw-p 00000000 00:00 0 
7fa0f7ffe000-7fa0f8000000 ---p 00000000 00:00 0 
7fa0f8000000-7fa0fc000000 rw-p 00000000 00:00 0 
7fa0fc000000-7fa104000000 rw-p 00000000 00:00 0 
7fa104000000-7fa10c000000 rw-p 00000000 00:00 0 
7fa10c000000-7fa114000000 rw-p 00000000 00:00 0 
7fa114000000-7fa11c000000 rw-p 00000000 00:00 0 
7fa11c000000-7fa124000000 rw-p 00000000 00:00 0 
7fa124000000-7fa12c000000 rw-p 00000000 00:00 0 
7fa12c000000-7fa134000000 rw-p 00000000 00:00 0 
7fa134000000-7fa13c000000 rw-p 00000000 00:00 0 
7fa13c000000-7fa144000000 rw-p 00000000 00:00 0 
7fa144000000-7fa14c000000 rw-p 00000000 00:00 0 
7fa14c000000-7fa154000000 rw-p 00000000 00:00 0 
7fa154000000-7fa15c000000 rw-p 00000000 00:00 0 
7fa15c000000-7fa164000000 rw-p 00000000 00:00 0 
7fa164000000-7fa16c000000 rw-p 00000000 00:00 0 
7fa16c000000-7fa16ffff000 rw-p 00000000 00:00 0 
7fa16ffff000-7fa170000000 ---p 00000000 00:00 0 
7fa170000000-7fa174000000 rw-p 00000000 00:00 0 
7fa174000000-7fa17c000000 rw-p 00000000 00:00 0 
7fa17c000000-7fa184000000 rw-p 00000000 00:00 0 
7fa184000000-7fa18bfff000 rw-p 00000000 00:00 0 
7fa18bfff000-7fa18c000000 ---p 00000000 00:00 0 
7fa18c000000-7fa194000000 rw-p 00000000 00:00 0 
7fa194000000-7fa19c000000 rw-p 00000000 00:00 0 
7fa19c000000-7fa1a4000000 rw-p 00000000 00:00 0 
7fa1a4000000-7fa1ac000000 rw-p 00000000 00:00 0 
7fa1ac000000-7fa1b4000000 rw-p 00000000 00:00 0 
7fa1b4000000-7fa1bc000000 rw-p 00000000 00:00 0 
7fa1bc000000-7fa1c4000000 rw-p 00000000 00:00 0 
7fa1c4000000-7fa1cc000000 rw-p 00000000 00:00 0 
7fa1cc000000-7fa1d3fff000 rw-p 00000000 00:00 0 
7fa1d3fff000-7fa1d4000000 ---p 00000000 00:00 0 
7fa1d4000000-7fa1dc000000 rw-p 00000000 00:00 0 
7fa1dc000000-7fa1e4000000 rw-p 00000000 00:00 0 
7fa1e4000000-7fa1ec000000 rw-p 00000000 00:00 0 
7fa1ec000000-7fa1f4000000 rw-p 00000000 00:00 0 
7fa1f4000000-7fa1fc000000 rw-p 00000000 00:00 0 
7fa1fc000000-7fa204000000 rw-p 00000000 00:00 0 
7fa204000000-7fa20c000000 rw-p 00000000 00:00 0 
7fa20c000000-7fa214000000 rw-p 00000000 00:00 0 
7fa214000000-7fa21c000000 rw-p 00000000 00:00 0 
7fa21c000000-7fa223ffb000 rw-p 00000000 00:00 0 
7fa223ffb000-7fa224000000 ---p 00000000 00:00 0 
7fa224000000-7fa227ffe000 rw-p 00000000 00:00 0 
7fa227ffe000-7fa228000000 ---p 00000000 00:00 0 
7fa228000000-7fa22c000000 rw-p 00000000 00:00 0 
7fa22c000000-7fa233fff000 rw-p 00000000 00:00 0 
7fa233fff000-7fa234000000 ---p 00000000 00:00 0 
7fa234000000-7fa23c000000 rw-p 00000000 00:00 0 
7fa23c000000-7fa243ffe000 rw-p 00000000 00:00 0 
7fa243ffe000-7fa244000000 ---p 00000000 00:00 0 
7fa244000000-7fa24c000000 rw-p 00000000 00:00 0 
7fa24c000000-7fa254000000 rw-p 00000000 00:00 0 
7fa254000000-7fa25c000000 rw-p 00000000 00:00 0 
7fa25c000000-7fa264000000 rw-p 00000000 00:00 0 
7fa264000000-7fa26c000000 rw-p 00000000 00:00 0 
7fa26c000000-7fa274000000 rw-p 00000000 00:00 0 
7fa274000000-7fa27c000000 rw-p 00000000 00:00 0 
7fa27c000000-7fa284000000 rw-p 00000000 00:00 0 
7fa284000000-7fa28c000000 rw-p 00000000 00:00 0 
7fa28c000000-7fa28fffb000 rw-p 00000000 00:00 0 
7fa28fffb000-7fa290000000 ---p 00000000 00:00 0 
7fa290000000-7fa294000000 rw-p 00000000 00:00 0 
7fa294000000-7fa29c000000 rw-p 00000000 00:00 0 
7fa29c000000-7fa2a4000000 rw-p 00000000 00:00 0 
7fa2a4000000-7fa2ac000000 rw-p 00000000 00:00 0 
7fa2b0000000-7fa2b3ff8000 rw-p 00000000 00:00 0 
7fa2b3ff8000-7fa2b4000000 ---p 00000000 00:00 0 
7fa2b4000000-7fa2b6c8f000 rw-p 00000000 00:00 0 
7fa2b6c8f000-7fa2b8000000 ---p 00000000 00:00 0 
7fa2b8000000-7fa2c0000000 rw-p 00000000 00:00 0 
7fa2c4000000-7fa2cc000000 rw-p 00000000 00:00 0 
7fa2cc000000-7fa2cef0a000 rw-p 00000000 00:00 0 
7fa2cef0a000-7fa2d0000000 ---p 00000000 00:00 0 
7fa2d0000000-7fa2dc000000 rw-p 00000000 00:00 0 
7fa2dc000000-7fa2e4000000 rw-p 00000000 00:00 0 
7fa2e4000000-7fa2e583d000 rw-p 00000000 00:00 0 
7fa2e583d000-7fa2e8000000 ---p 00000000 00:00 0 
7fa2ec000000-7fa2ec021000 rw-p 00000000 00:00 0 
7fa2ec021000-7fa2f0000000 ---p 00000000 00:00 0 
7fa2f0000000-7fa2f0021000 rw-p 00000000 00:00 0 
7fa2f0021000-7fa2f4000000 ---p 00000000 00:00 0 
7fa2f4000000-7fa2f44c0000 rw-p 00000000 00:00 0 
7fa2f44c0000-7fa2f8000000 ---p 00000000 00:00 0 
7fa2f8000000-7fa2f8dcf000 rw-p 00000000 00:00 0 
7fa2f8dcf000-7fa2fc000000 ---p 00000000 00:00 0 
7fa2fc000000-7fa2fcbeb000 rw-p 00000000 00:00 0 
7fa2fcbeb000-7fa300000000 ---p 00000000 00:00 0 
7fa300000000-7fa300c4a000 rw-p 00000000 00:00 0 
7fa300c4a000-7fa304000000 ---p 00000000 00:00 0 
7fa304000000-7fa305f95000 rw-p 00000000 00:00 0 
7fa305f95000-7fa308000000 ---p 00000000 00:00 0 
7fa308000000-7fa309f0f000 rw-p 00000000 00:00 0 
7fa309f0f000-7fa30c000000 ---p 00000000 00:00 0 
7fa30c000000-7fa30d6e9000 rw-p 00000000 00:00 0 
7fa30d6e9000-7fa310000000 ---p 00000000 00:00 0 
7fa310000000-7fa311774000 rw-p 00000000 00:00 0 
7fa311774000-7fa314000000 ---p 00000000 00:00 0 
7fa314000000-7fa3152fd000 rw-p 00000000 00:00 0 
7fa3152fd000-7fa318000000 ---p 00000000 00:00 0 
7fa318000000-7fa3196d5000 rw-p 00000000 00:00 0 
7fa3196d5000-7fa31c000000 ---p 00000000 00:00 0 
7fa31c000000-7fa31cf3d000 rw-p 00000000 00:00 0 
7fa31cf3d000-7fa320000000 ---p 00000000 00:00 0 
7fa320000000-7fa321eb5000 rw-p 00000000 00:00 0 
7fa321eb5000-7fa324000000 ---p 00000000 00:00 0 
7fa324000000-7fa324021000 rw-p 00000000 00:00 0 
7fa324021000-7fa328000000 ---p 00000000 00:00 0 
7fa32a16f000-7fa330000000 r--p 00000000 08:13 37770718                   /usr/lib/locale/locale-archive
7fa330000000-7fa330021000 rw-p 00000000 00:00 0 
7fa330021000-7fa334000000 ---p 00000000 00:00 0 
7fa334000000-7fa334021000 rw-p 00000000 00:00 0 
7fa334021000-7fa338000000 ---p 00000000 00:00 0 
7fa338000000-7fa338073000 rw-p 00000000 00:00 0 
7fa338073000-7fa33c000000 ---p 00000000 00:00 0 
7fa33cc00000-7fa3fc000000 rw-p 00000000 00:00 0 
7fa3fc000000-7fa400000000 rw-p 00000000 00:00 0 
7fa404000000-7fa404078000 rw-p 00000000 00:00 0 
7fa404078000-7fa408000000 ---p 00000000 00:00 0 
7fa40c000000-7fa40c1aa000 rw-p 00000000 00:00 0 
7fa40c1aa000-7fa410000000 ---p 00000000 00:00 0 
7fa414000000-7fa418000000 rw-p 00000000 00:00 0 
7fa41c000000-7fa420000000 rw-p 00000000 00:00 0 
7fa424000000-7fa428000000 rw-p 00000000 00:00 0 
7fa42c000000-7fa42c06a000 rw-p 00000000 00:00 0 
7fa42c06a000-7fa430000000 ---p 00000000 00:00 0 
7fa434000000-7fa434021000 rw-p 00000000 00:00 0 
7fa434021000-7fa438000000 ---p 00000000 00:00 0 
7fa43c000000-7fa440000000 rw-p 00000000 00:00 0 
7fa444000000-7fa444f29000 rw-p 00000000 00:00 0 
7fa444f29000-7fa448000000 ---p 00000000 00:00 0 
7fa44c000000-7fa44c193000 rw-p 00000000 00:00 0 
7fa44c193000-7fa450000000 ---p 00000000 00:00 0 
7fa454000000-7fa458000000 rw-p 00000000 00:00 0 
7fa45c000000-7fa460000000 rw-p 00000000 00:00 0 
7fa462fff000-7fa464000000 rw-p 00000000 00:00 0 
7fa464000000-7fa466373000 rw-p 00000000 00:00 0 
7fa466373000-7fa468000000 ---p 00000000 00:00 0 
7fa469809000-7fa469c0a000 rw-p 00000000 00:00 0 
7fa469c0a000-7fa469d0a000 ---p 00000000 00:00 0 
7fa469d0a000-7fa469f0a000 rw-p 00000000 00:00 0 
7fa469f0a000-7fa46a10a000 rw-p 00000000 00:00 0 
7fa46a10a000-7fa46a30a000 rw-p 00000000 00:00 0 
7fa46a30a000-7fa46a30d000 r--s 0001a000 00:22 704545529                  /remote/rs/tien/anhnt/ChangeInference/jdk-8u45-linux-x64/jdk1.8.0_45/jre/lib/jce.jar
7fa46a30d000-7fa46a312000 r--s 00094000 00:22 704545404                  /remote/rs/tien/anhnt/ChangeInference/jdk-8u45-linux-x64/jdk1.8.0_45/jre/lib/jsse.jar
7fa46a312000-7fa46a3d6000 r-xp 00000000 00:22 706542187                  /remote/rs/tien/anhnt/TextToCode/workspace1/MyStackOverflow/libs/libsqlite4java-linux-amd64.so
7fa46a3d6000-7fa46a5d6000 ---p 000c4000 00:22 706542187                  /remote/rs/tien/anhnt/TextToCode/workspace1/MyStackOverflow/libs/libsqlite4java-linux-amd64.so
7fa46a5d6000-7fa46a5d8000 r--p 000c4000 00:22 706542187                  /remote/rs/tien/anhnt/TextToCode/workspace1/MyStackOverflow/libs/libsqlite4java-linux-amd64.so
7fa46a5d8000-7fa46a5db000 rw-p 000c6000 00:22 706542187                  /remote/rs/tien/anhnt/TextToCode/workspace1/MyStackOverflow/libs/libsqlite4java-linux-amd64.so
7fa46a5db000-7fa46a5ed000 r--s 00114000 00:22 704837562                  /remote/rs/tien/anhnt/TextToCode/workspace1/StackOverflowMain/libs/berkeleyaligner.jar
7fa46a5ed000-7fa46a5f8000 r--s 00116000 00:22 704545502                  /remote/rs/tien/anhnt/ChangeInference/jdk-8u45-linux-x64/jdk1.8.0_45/jre/lib/ext/localedata.jar
7fa46a5f8000-7fa46a614000 r--s 00393000 00:22 704545504                  /remote/rs/tien/anhnt/ChangeInference/jdk-8u45-linux-x64/jdk1.8.0_45/jre/lib/ext/cldrdata.jar
7fa46a614000-7fa46a617000 r--s 0001e000 00:22 706542194                  /remote/rs/tien/anhnt/TextToCode/workspace1/MyStackOverflow/libs/sqlite4java.jar
7fa46a617000-7fa46a62b000 r--s 00121000 00:22 704527013                  /remote/rs/tien/anhnt/TextToCode/eclipse/plugins/org.eclipse.osgi_3.10.1.v20140909-1633.jar
7fa46a62b000-7fa46a64a000 r--s 001b3000 00:22 704531645                  /remote/rs/tien/anhnt/TextToCode/eclipse/plugins/org.eclipse.jgit_3.4.1.201406201815-r.jar
7fa46a64a000-7fa46a677000 r--s 00522000 00:22 704531535                  /remote/rs/tien/anhnt/TextToCode/eclipse/plugins/org.eclipse.jdt.core_3.10.0.v20140902-0626.jar
7fa46a677000-7fa46a67b000 r--s 0001c000 00:22 704531553                  /remote/rs/tien/anhnt/TextToCode/eclipse/plugins/org.eclipse.equinox.preferences_3.5.200.v20140224-1527.jar
7fa46a67b000-7fa46a67e000 r--s 00018000 00:22 704528916                  /remote/rs/tien/anhnt/TextToCode/eclipse/plugins/org.eclipse.equinox.common_3.6.200.v20130402-1505.jar
7fa46a67e000-7fa46a689000 r--s 000c1000 00:22 704531606                  /remote/rs/tien/anhnt/TextToCode/eclipse/plugins/org.eclipse.core.resources_3.9.1.v20140825-1431.jar
7fa46a689000-7fa46a68b000 r--s 00016000 00:22 704531604                  /remote/rs/tien/anhnt/TextToCode/eclipse/plugins/org.eclipse.core.jobs_3.6.0.v20140424-0053.jar
7fa46a68b000-7fa46a68d000 r--s 00015000 00:22 704528908                  /remote/rs/tien/anhnt/TextToCode/eclipse/plugins/org.eclipse.core.contenttype_3.4.200.v20140207-1251.jar
7fa46a68d000-7fa46a693000 r--s 00047000 00:22 706517876                  /remote/rs/tien/anhnt/TextToCode/workspace1/MyStackOverflow/libs/jsoup-1.8.2.jar
7fa46a693000-7fa46a6a0000 r--s 00075000 00:22 704564183                  /remote/rs/tien/anhnt/GATE_Developer_8.1/lib/xstream-1.4.7.jar
7fa46a6a0000-7fa46a6de000 r--s 0025d000 00:22 704564180                  /remote/rs/tien/anhnt/GATE_Developer_8.1/lib/xmlbeans-2.6.0.jar
7fa46a6de000-7fa46a6f6000 r--s 00115000 00:22 704564179                  /remote/rs/tien/anhnt/GATE_Developer_8.1/lib/xercesImpl-2.9.1.jar
7fa46a6f6000-7fa46a6fc000 r--s 00072000 00:22 704564178                  /remote/rs/tien/anhnt/GATE_Developer_8.1/lib/woodstox-core-lgpl-4.2.0.jar
7fa46a6fc000-7fa46a705000 r--s 00086000 00:22 704564170                  /remote/rs/tien/anhnt/GATE_Developer_8.1/lib/tika-parsers-1.7.jar
7fa46a705000-7fa46a70c000 r--s 0007a000 00:22 704564169                  /remote/rs/tien/anhnt/GATE_Developer_8.1/lib/tika-core-1.7.jar
7fa46a70c000-7fa46a710000 r--s 00029000 00:22 704564168                  /remote/rs/tien/anhnt/GATE_Developer_8.1/lib/stax2-api-3.1.1.jar
7fa46a710000-7fa46a716000 r--s 00040000 00:22 704564167                  /remote/rs/tien/anhnt/GATE_Developer_8.1/lib/spring-core-2.5.6.SEC01.jar
7fa46a716000-7fa46a720000 r--s 0006e000 00:22 704564166                  /remote/rs/tien/anhnt/GATE_Developer_8.1/lib/spring-beans-2.5.6.SEC01.jar
7fa46a720000-7fa46a728000 r--s 00048000 00:22 704564165                  /remote/rs/tien/anhnt/GATE_Developer_8.1/lib/spring-aop-2.5.6.SEC01.jar
7fa46a728000-7fa46a738000 r--s 0012b000 00:22 704564164                  /remote/rs/tien/anhnt/GATE_Developer_8.1/lib/poi-scratchpad-3.11.jar
7fa46a738000-7fa46a7f0000 r--s 0049f000 00:22 704564163                  /remote/rs/tien/anhnt/GATE_Developer_8.1/lib/poi-ooxml-schemas-3.11.jar
7fa46a7f0000-7fa46a7ff000 r--s 00119000 00:22 704564162                  /remote/rs/tien/anhnt/GATE_Developer_8.1/lib/poi-ooxml-3.11.jar
7fa46a7ff000-7fa46a821000 r--s 001da000 00:22 704564161                  /remote/rs/tien/anhnt/GATE_Developer_8.1/lib/poi-3.11.jar
7fa46a821000-7fa46a839000 r--s 003cc000 00:22 704564160                  /remote/rs/tien/anhnt/GATE_Developer_8.1/lib/pdfbox-1.8.8.jar
7fa46a839000-7fa46a83c000 r--s 0001c000 00:22 704564159                  /remote/rs/tien/anhnt/GATE_Developer_8.1/lib/nekohtml-1.9.14.jar
7fa46a83c000-7fa46a845000 r--s 0006f000 00:22 704564158                  /remote/rs/tien/anhnt/GATE_Developer_8.1/lib/log4j-1.2.17.jar
7fa46a845000-7fa46a84b000 r--s 00036000 00:22 704564157                  /remote/rs/tien/anhnt/GATE_Developer_8.1/lib/junit-4.11.jar
7fa46a84b000-7fa46a85a000 r--s 00081000 00:22 704564156                  /remote/rs/tien/anhnt/GATE_Developer_8.1/lib/joda-time-2.6.jar
7fa46a85a000-7fa46a85c000 r--s 0000b000 00:22 704564155                  /remote/rs/tien/anhnt/GATE_Developer_8.1/lib/jempbox-1.8.8.jar
7fa46a85c000-7fa46a85e000 r--s 00023000 00:22 704564154                  /remote/rs/tien/anhnt/GATE_Developer_8.1/lib/jdom-1.1.3.jar
7fa46a85e000-7fa46a864000 r--s 00033000 00:22 704564153                  /remote/rs/tien/anhnt/GATE_Developer_8.1/lib/jaxen-1.1.6.jar
7fa46a864000-7fa46a865000 r--s 0000e000 00:22 704564152                  /remote/rs/tien/anhnt/GATE_Developer_8.1/lib/java-getopt-1.0.13.jar
7fa46a865000-7fa46a876000 r--s 000cf000 00:22 704564151                  /remote/rs/tien/anhnt/GATE_Developer_8.1/lib/jackson-databind-2.3.2.jar
7fa46a876000-7fa46a879000 r--s 0002e000 00:22 704564150                  /remote/rs/tien/anhnt/GATE_Developer_8.1/lib/jackson-core-2.3.2.jar
7fa46a879000-7fa46a87b000 r--s 00007000 00:22 704564149                  /remote/rs/tien/anhnt/GATE_Developer_8.1/lib/jackson-annotations-2.3.0.jar
7fa46a87b000-7fa46a890000 r--s 00116000 00:22 704564147                  /remote/rs/tien/anhnt/GATE_Developer_8.1/lib/ivy-2.3.0.jar
7fa46a890000-7fa46a8a4000 r--s 0021c000 00:22 704564145                  /remote/rs/tien/anhnt/GATE_Developer_8.1/lib/gate-compiler-jdt-4.3.2-P20140317-1600.jar
7fa46a8a4000-7fa46a8b6000 r--s 000fd000 00:22 704564142                  /remote/rs/tien/anhnt/GATE_Developer_8.1/lib/flying-saucer-core-9.0.4.jar
7fa46a8b6000-7fa46a8e9000 r--s 00378000 00:22 704827651                  /remote/rs/tien/anhnt/TextToCode/workspace1/StackOverflowMain/libs/gate.jar
7fa46a8e9000-7fa46a8ea000 ---p 00000000 00:00 0 
7fa46a8ea000-7fa46a9ea000 rw-p 00000000 00:00 0 
7fa46a9ea000-7fa46a9ed000 ---p 00000000 00:00 0 
7fa46a9ed000-7fa46aaeb000 rw-p 00000000 00:00 0 
7fa46aaeb000-7fa46aaee000 ---p 00000000 00:00 0 
7fa46aaee000-7fa46abec000 rw-p 00000000 00:00 0 
7fa46abec000-7fa46abef000 ---p 00000000 00:00 0 
7fa46abef000-7fa46aced000 rw-p 00000000 00:00 0 
7fa46aced000-7fa46acf0000 ---p 00000000 00:00 0 
7fa46acf0000-7fa46adee000 rw-p 00000000 00:00 0 
7fa46adee000-7fa46adf1000 ---p 00000000 00:00 0 
7fa46adf1000-7fa46aeef000 rw-p 00000000 00:00 0 
7fa46aeef000-7fa46aef2000 ---p 00000000 00:00 0 
7fa46aef2000-7fa46aff0000 rw-p 00000000 00:00 0 
7fa46aff0000-7fa46aff3000 ---p 00000000 00:00 0 
7fa46aff3000-7fa46b0f1000 rw-p 00000000 00:00 0 
7fa46b0f1000-7fa46b0f4000 ---p 00000000 00:00 0 
7fa46b0f4000-7fa46b1f2000 rw-p 00000000 00:00 0 
7fa46b1f2000-7fa46b1f5000 ---p 00000000 00:00 0 
7fa46b1f5000-7fa46b2f3000 rw-p 00000000 00:00 0 
7fa46b2f3000-7fa46b2f6000 ---p 00000000 00:00 0 
7fa46b2f6000-7fa46b3f4000 rw-p 00000000 00:00 0 
7fa46b3f4000-7fa46b3f7000 ---p 00000000 00:00 0 
7fa46b3f7000-7fa46b4f5000 rw-p 00000000 00:00 0 
7fa46b4f5000-7fa46b4f8000 ---p 00000000 00:00 0 
7fa46b4f8000-7fa46b5f6000 rw-p 00000000 00:00 0 
7fa46b5f6000-7fa46b5f9000 ---p 00000000 00:00 0 
7fa46b5f9000-7fa46b6f7000 rw-p 00000000 00:00 0 
7fa46b6f7000-7fa46b6fa000 ---p 00000000 00:00 0 
7fa46b6fa000-7fa46b7f8000 rw-p 00000000 00:00 0 
7fa46b7f8000-7fa46b7fb000 ---p 00000000 00:00 0 
7fa46b7fb000-7fa46b8f9000 rw-p 00000000 00:00 0 
7fa46b8f9000-7fa46b8fc000 ---p 00000000 00:00 0 
7fa46b8fc000-7fa46b9fa000 rw-p 00000000 00:00 0 
7fa46b9fa000-7fa46b9fb000 ---p 00000000 00:00 0 
7fa46b9fb000-7fa46c000000 rw-p 00000000 00:00 0 
7fa46c000000-7fa46c067000 rw-p 00000000 00:00 0 
7fa46c067000-7fa470000000 ---p 00000000 00:00 0 
7fa470001000-7fa470003000 r--s 00011000 00:22 704527679                  /remote/rs/tien/anhnt/TextToCode/eclipse/plugins/org.eclipse.core.runtime_3.10.0.v20140318-2214.jar
7fa470003000-7fa470005000 r--s 0007f000 00:22 706517600                  /remote/rs/tien/anhnt/TextToCode/workspace1/MyStackOverflow/libs/snappy-java-1.1.0-M4.jar
7fa470005000-7fa470008000 r--s 0001b000 00:22 704564182                  /remote/rs/tien/anhnt/GATE_Developer_8.1/lib/xpp3-1.1.4c.jar
7fa470008000-7fa47000d000 r--s 00037000 00:22 704564144                  /remote/rs/tien/anhnt/GATE_Developer_8.1/lib/gate-asm-5.0.3.jar
7fa47000d000-7fa470032000 r--s 00172000 00:22 704564136                  /remote/rs/tien/anhnt/GATE_Developer_8.1/lib/bcprov-jdk15-1.45.jar
7fa470032000-7fa473627000 rw-p 00000000 00:00 0 
7fa473627000-7fa473800000 r--s 03d09000 00:22 704545406                  /remote/rs/tien/anhnt/ChangeInference/jdk-8u45-linux-x64/jdk1.8.0_45/jre/lib/rt.jar
7fa473800000-7fa474000000 rw-p 00000000 00:00 0 
7fa474000000-7fa474059000 rw-p 00000000 00:00 0 
7fa474059000-7fa478000000 ---p 00000000 00:00 0 
7fa478000000-7fa47c000000 rw-p 00000000 00:00 0 
7fa47c000000-7fa47dca6000 rw-p 00000000 00:00 0 
7fa47dca6000-7fa480000000 ---p 00000000 00:00 0 
7fa480000000-7fa480002000 r--s 00016000 00:22 704564181                  /remote/rs/tien/anhnt/GATE_Developer_8.1/lib/xmlunit-1.5.jar
7fa480002000-7fa480004000 r--s 00009000 00:22 704564146                  /remote/rs/tien/anhnt/GATE_Developer_8.1/lib/hamcrest-core-1.3.jar
7fa480004000-7fa480009000 r--s 00041000 00:22 704564140                  /remote/rs/tien/anhnt/GATE_Developer_8.1/lib/commons-lang-2.6.jar
7fa480009000-7fa48000d000 r--s 0002a000 00:22 704564139                  /remote/rs/tien/anhnt/GATE_Developer_8.1/lib/commons-io-2.4.jar
7fa48000d000-7fa480014000 r--s 00053000 00:22 704564138                  /remote/rs/tien/anhnt/GATE_Developer_8.1/lib/commons-compress-1.8.1.jar
7fa480014000-7fa4808ee000 rw-p 00000000 00:00 0 
7fa4808ee000-7fa4808ef000 ---p 00000000 00:00 0 
7fa4808ef000-7fa4809ef000 rw-p 00000000 00:00 0 
7fa4809ef000-7fa4809f0000 ---p 00000000 00:00 0 
7fa4809f0000-7fa480af0000 rw-p 00000000 00:00 0 
7fa480af0000-7fa480af1000 ---p 00000000 00:00 0 
7fa480af1000-7fa480bf1000 rw-p 00000000 00:00 0 
7fa480bf1000-7fa480bf2000 ---p 00000000 00:00 0 
7fa480bf2000-7fa480cf2000 rw-p 00000000 00:00 0 
7fa480cf2000-7fa480cf3000 ---p 00000000 00:00 0 
7fa480cf3000-7fa480df3000 rw-p 00000000 00:00 0 
7fa480df3000-7fa480df4000 ---p 00000000 00:00 0 
7fa480df4000-7fa480ef4000 rw-p 00000000 00:00 0 
7fa480ef4000-7fa480ef5000 ---p 00000000 00:00 0 
7fa480ef5000-7fa480ff5000 rw-p 00000000 00:00 0 
7fa480ff5000-7fa480ff6000 ---p 00000000 00:00 0 
7fa480ff6000-7fa4810f6000 rw-p 00000000 00:00 0 
7fa4810f6000-7fa4810f7000 ---p 00000000 00:00 0 
7fa4810f7000-7fa4811f7000 rw-p 00000000 00:00 0 
7fa4811f7000-7fa4811f8000 ---p 00000000 00:00 0 
7fa4811f8000-7fa4812f8000 rw-p 00000000 00:00 0 
7fa4812f8000-7fa4812f9000 ---p 00000000 00:00 0 
7fa4812f9000-7fa4813f9000 rw-p 00000000 00:00 0 
7fa4813f9000-7fa4813fa000 ---p 00000000 00:00 0 
7fa4813fa000-7fa4814fa000 rw-p 00000000 00:00 0 
7fa4814fa000-7fa4814fb000 ---p 00000000 00:00 0 
7fa4814fb000-7fa4815fb000 rw-p 00000000 00:00 0 
7fa4815fb000-7fa4815fc000 ---p 00000000 00:00 0 
7fa4815fc000-7fa4816fc000 rw-p 00000000 00:00 0 
7fa4816fc000-7fa4816fd000 ---p 00000000 00:00 0 
7fa4816fd000-7fa4817fd000 rw-p 00000000 00:00 0 
7fa4817fd000-7fa4817fe000 ---p 00000000 00:00 0 
7fa4817fe000-7fa4818fe000 rw-p 00000000 00:00 0 
7fa4818fe000-7fa4818ff000 ---p 00000000 00:00 0 
7fa4818ff000-7fa483dd5000 rw-p 00000000 00:00 0 
7fa483dd5000-7fa4891ff000 ---p 00000000 00:00 0 
7fa4891ff000-7fa48b5d5000 rw-p 00000000 00:00 0 
7fa48b5d5000-7fa4909ff000 ---p 00000000 00:00 0 
7fa4909ff000-7fa4917af000 rw-p 00000000 00:00 0 
7fa4917af000-7fa4945ff000 ---p 00000000 00:00 0 
7fa4945ff000-7fa90f200000 rw-p 00000000 00:00 0 
7fa90f200000-7fb394600000 ---p 00000000 00:00 0 
7fb394600000-7fb54a500000 rw-p 00000000 00:00 0 
7fb54a500000-7fbb14600000 ---p 00000000 00:00 0 
7fbb14600000-7fbb14604000 r--s 00032000 00:22 704564143                  /remote/rs/tien/anhnt/GATE_Developer_8.1/lib/fontbox-1.8.8.jar
7fbb14604000-7fbb14606000 r--s 0000e000 00:22 704564141                  /remote/rs/tien/anhnt/GATE_Developer_8.1/lib/commons-logging-1.1.3.jar
7fbb14606000-7fbb1460d000 r--s 0003a000 00:22 704564137                  /remote/rs/tien/anhnt/GATE_Developer_8.1/lib/commons-codec-1.9.jar
7fbb1460d000-7fbb14612000 r--s 00033000 00:22 704564135                  /remote/rs/tien/anhnt/GATE_Developer_8.1/lib/bcmail-jdk15-1.45.jar
7fbb14612000-7fbb14659000 rw-p 00000000 00:00 0 
7fbb14659000-7fbb149d2000 ---p 00000000 00:00 0 
7fbb149d2000-7fbb15b62000 rwxp 00000000 00:00 0 
7fbb15b62000-7fbb239d2000 ---p 00000000 00:00 0 
7fbb239d2000-7fbb239ec000 r-xp 00000000 00:22 704545430                  /remote/rs/tien/anhnt/ChangeInference/jdk-8u45-linux-x64/jdk1.8.0_45/jre/lib/amd64/libzip.so
7fbb239ec000-7fbb23bec000 ---p 0001a000 00:22 704545430                  /remote/rs/tien/anhnt/ChangeInference/jdk-8u45-linux-x64/jdk1.8.0_45/jre/lib/amd64/libzip.so
7fbb23bec000-7fbb23bed000 rw-p 0001a000 00:22 704545430                  /remote/rs/tien/anhnt/ChangeInference/jdk-8u45-linux-x64/jdk1.8.0_45/jre/lib/amd64/libzip.so
7fbb23bed000-7fbb23bf1000 r-xp 00000000 08:13 138150000                  /lib64/libnss_hesiod-2.12.so
7fbb23bf1000-7fbb23df0000 ---p 00004000 08:13 138150000                  /lib64/libnss_hesiod-2.12.so
7fbb23df0000-7fbb23df1000 r--p 00003000 08:13 138150000                  /lib64/libnss_hesiod-2.12.so
7fbb23df1000-7fbb23df2000 rw-p 00004000 08:13 138150000                  /lib64/libnss_hesiod-2.12.so
7fbb23df2000-7fbb23dfe000 r-xp 00000000 08:13 138149981                  /lib64/libnss_files-2.12.so
7fbb23dfe000-7fbb23ffe000 ---p 0000c000 08:13 138149981                  /lib64/libnss_files-2.12.so
7fbb23ffe000-7fbb23fff000 r--p 0000c000 08:13 138149981                  /lib64/libnss_files-2.12.so
7fbb23fff000-7fbb24000000 rw-p 0000d000 08:13 138149981                  /lib64/libnss_files-2.12.so
7fbb24000000-7fbb28000000 rw-p 00000000 00:00 0 
7fbb28000000-7fbb28007000 r--s 00044000 00:22 704564134                  /remote/rs/tien/anhnt/GATE_Developer_8.1/lib/apache-mime4j-dom-0.7.2.jar
7fbb28007000-7fbb2800a000 r--s 00015000 00:22 704564133                  /remote/rs/tien/anhnt/GATE_Developer_8.1/lib/apache-mime4j-core-0.7.2.jar
7fbb2800a000-7fbb2800c000 r--s 00000000 00:22 704564132                  /remote/rs/tien/anhnt/GATE_Developer_8.1/lib/aopalliance-1.0.jar
7fbb2800c000-7fbb2800d000 r--s 00004000 00:22 704564131                  /remote/rs/tien/anhnt/GATE_Developer_8.1/lib/ant-launcher-1.9.3.jar
7fbb2800d000-7fbb2802c000 r--s 001cc000 00:22 704564130                  /remote/rs/tien/anhnt/GATE_Developer_8.1/lib/ant-1.9.3.jar
7fbb2802c000-7fbb28054000 rw-p 00000000 00:00 0 
7fbb28054000-7fbb28055000 ---p 00000000 00:00 0 
7fbb28055000-7fbb28155000 rw-p 00000000 00:00 0 
7fbb28155000-7fbb2817f000 r-xp 00000000 00:22 704545423                  /remote/rs/tien/anhnt/ChangeInference/jdk-8u45-linux-x64/jdk1.8.0_45/jre/lib/amd64/libjava.so
7fbb2817f000-7fbb2837f000 ---p 0002a000 00:22 704545423                  /remote/rs/tien/anhnt/ChangeInference/jdk-8u45-linux-x64/jdk1.8.0_45/jre/lib/amd64/libjava.so
7fbb2837f000-7fbb28381000 rw-p 0002a000 00:22 704545423                  /remote/rs/tien/anhnt/ChangeInference/jdk-8u45-linux-x64/jdk1.8.0_45/jre/lib/amd64/libjava.so
7fbb28381000-7fbb2838e000 r-xp 00000000 00:22 704545464                  /remote/rs/tien/anhnt/ChangeInference/jdk-8u45-linux-x64/jdk1.8.0_45/jre/lib/amd64/libverify.so
7fbb2838e000-7fbb2858e000 ---p 0000d000 00:22 704545464                  /remote/rs/tien/anhnt/ChangeInference/jdk-8u45-linux-x64/jdk1.8.0_45/jre/lib/amd64/libverify.so
7fbb2858e000-7fbb28590000 rw-p 0000d000 00:22 704545464                  /remote/rs/tien/anhnt/ChangeInference/jdk-8u45-linux-x64/jdk1.8.0_45/jre/lib/amd64/libverify.so
7fbb28590000-7fbb28593000 ---p 00000000 00:00 0 
7fbb28593000-7fbb28691000 rw-p 00000000 00:00 0 
7fbb28691000-7fbb2933f000 r-xp 00000000 00:22 704545469                  /remote/rs/tien/anhnt/ChangeInference/jdk-8u45-linux-x64/jdk1.8.0_45/jre/lib/amd64/server/libjvm.so
7fbb2933f000-7fbb2953e000 ---p 00cae000 00:22 704545469                  /remote/rs/tien/anhnt/ChangeInference/jdk-8u45-linux-x64/jdk1.8.0_45/jre/lib/amd64/server/libjvm.so
7fbb2953e000-7fbb29615000 rw-p 00cad000 00:22 704545469                  /remote/rs/tien/anhnt/ChangeInference/jdk-8u45-linux-x64/jdk1.8.0_45/jre/lib/amd64/server/libjvm.so
7fbb29615000-7fbb2965c000 rw-p 00000000 00:00 0 
7fbb2965c000-7fbb29671000 r-xp 00000000 00:22 704545741                  /remote/rs/tien/anhnt/ChangeInference/jdk-8u45-linux-x64/jdk1.8.0_45/lib/amd64/jli/libjli.so
7fbb29671000-7fbb29871000 ---p 00015000 00:22 704545741                  /remote/rs/tien/anhnt/ChangeInference/jdk-8u45-linux-x64/jdk1.8.0_45/lib/amd64/jli/libjli.so
7fbb29871000-7fbb29872000 rw-p 00015000 00:22 704545741                  /remote/rs/tien/anhnt/ChangeInference/jdk-8u45-linux-x64/jdk1.8.0_45/lib/amd64/jli/libjli.so
7fbb29872000-7fbb29873000 rw-p 00000000 00:00 0 
7fbb29873000-7fbb2987b000 r--s 00061000 00:22 704827653                  /remote/rs/tien/anhnt/TextToCode/workspace1/StackOverflowMain/libs/org.apache.log4j_1.2.15.v201012070815.jar
7fbb2987b000-7fbb2987d000 r--s 0007f000 00:22 704827654                  /remote/rs/tien/anhnt/TextToCode/workspace1/StackOverflowMain/libs/snappy-java-1.1.0-M4.jar
7fbb2987d000-7fbb2987f000 r--s 00009000 00:22 704827993                  /remote/rs/tien/anhnt/TextToCode/workspace1/stackoverflow-java-sdk/dev-lib/commons-cli-1.2.jar
7fbb2987f000-7fbb29883000 r--s 00025000 00:22 704827997                  /remote/rs/tien/anhnt/TextToCode/workspace1/stackoverflow-java-sdk/lib/gson-1.4.jar
7fbb29883000-7fbb29889000 r--s 0002b000 00:22 704827994                  /remote/rs/tien/anhnt/TextToCode/workspace1/stackoverflow-java-sdk/dev-lib/junit-4.5.jar
7fbb29889000-7fbb29891000 rw-s 00000000 08:13 68163245                   /tmp/hsperfdata_anhnt/17914
7fbb29891000-7fbb29892000 rw-p 00000000 00:00 0 
7fbb29892000-7fbb29893000 r--p 00000000 00:00 0 
7fbb29893000-7fbb29894000 rw-p 00000000 00:00 0 
7fff8a850000-7fff8a866000 rw-p 00000000 00:00 0                          [stack]
7fff8a989000-7fff8a98a000 r-xp 00000000 00:00 0                          [vdso]
ffffffffff600000-ffffffffff601000 r-xp 00000000 00:00 0                  [vsyscall]

VM Arguments:
jvm_args: -Xmx90g -Dfile.encoding=UTF-8 
java_command: databaseprocess.CLTFileProcessing
java_class_path (initial): /remote/rs/tien/anhnt/TextToCode/workspace1/StackOverflowMain/bin:/remote/rs/tien/anhnt/TextToCode/workspace1/stackoverflow-java-sdk/bin:/remote/rs/tien/anhnt/TextToCode/workspace1/stackoverflow-java-sdk/dev-lib/junit-4.5.jar:/remote/rs/tien/anhnt/TextToCode/workspace1/stackoverflow-java-sdk/lib/gson-1.4.jar:/remote/rs/tien/anhnt/TextToCode/workspace1/stackoverflow-java-sdk/dev-lib/commons-cli-1.2.jar:/remote/rs/tien/anhnt/TextToCode/workspace1/StackOverflowMain/libs/snappy-java-1.1.0-M4.jar:/remote/rs/tien/anhnt/TextToCode/workspace1/StackOverflowMain/libs/gate.jar:/remote/rs/tien/anhnt/TextToCode/workspace1/StackOverflowMain/libs/org.apache.log4j_1.2.15.v201012070815.jar:/remote/rs/tien/anhnt/GATE_Developer_8.1/lib/ant-1.9.3.jar:/remote/rs/tien/anhnt/GATE_Developer_8.1/lib/ant-launcher-1.9.3.jar:/remote/rs/tien/anhnt/GATE_Developer_8.1/lib/aopalliance-1.0.jar:/remote/rs/tien/anhnt/GATE_Developer_8.1/lib/apache-mime4j-core-0.7.2.jar:/remote/rs/tien/anhnt/GATE_Developer_8.1/lib/apache-mime4j-dom-0.7.2.jar:/remote/rs/tien/anhnt/GATE_Developer_8.1/lib/bcmail-jdk15-1.45.jar:/remote/rs/tien/anhnt/GATE_Developer_8.1/lib/bcprov-jdk15-1.45.jar:/remote/rs/tien/anhnt/GATE_Developer_8.1/lib/commons-codec-1.9.jar:/remote/rs/tien/anhnt/GATE_Developer_8.1/lib/commons-compress-1.8.1.jar:/remote/rs/tien/anhnt/GATE_Developer_8.1/lib/commons-io-2.4.jar:/remote/rs/tien/anhnt/GATE_Developer_8.1/lib/commons-lang-2.6.jar:/remote/rs/tien/anhnt/GATE_Developer_8.1/lib/commons-logging-1.1.3.jar:/remote/rs/tien/anhnt/GATE_Developer_8.1/lib/flying-saucer-core-9.0.4.jar:/remote/rs/tien/anhnt/GATE_Developer_8.1/lib/fontbox-1.8.8.jar:/remote/rs/tien/anhnt/GATE_Developer_8.1/lib/gate-asm-5.0.3.jar:/remote/rs/tien/anhnt/GATE_Developer_8.1/lib/gate-compiler-jdt-4.3.2-P20140317-1600.jar:/remote/rs/tien/anhnt/GATE_Developer_8.1/lib/hamcrest-core-1.3.jar:/remote/rs/tien/anhnt/GATE_Developer_8.1/lib/ivy-2.3.0.jar:/remote/rs/tien/anhnt/GATE_Developer_8.1/lib/jackson-annotati
Launcher Type: SUN_STANDARD

Environment Variables:
PATH=/usr/lib64/qt-3.3/bin:/usr/lib64/ccache/bin:/usr/local/bin:/bin:/usr/bin:/opt/bin:/usr/local/sbin:/usr/sbin:/sbin
SHELL=/bin/tcsh
DISPLAY=:1000
HOSTTYPE=x86_64-linux
OSTYPE=linux
MACHTYPE=x86_64

Signal Handlers:
SIGSEGV: [libjvm.so+0xaad1e0], sa_mask[0]=11111111011111111101111111111110, sa_flags=SA_RESTART|SA_SIGINFO
SIGBUS: [libjvm.so+0xaad1e0], sa_mask[0]=11111111011111111101111111111110, sa_flags=SA_RESTART|SA_SIGINFO
SIGFPE: [libjvm.so+0x90b450], sa_mask[0]=11111111011111111101111111111110, sa_flags=SA_RESTART|SA_SIGINFO
SIGPIPE: [libjvm.so+0x90b450], sa_mask[0]=11111111011111111101111111111110, sa_flags=SA_RESTART|SA_SIGINFO
SIGXFSZ: [libjvm.so+0x90b450], sa_mask[0]=11111111011111111101111111111110, sa_flags=SA_RESTART|SA_SIGINFO
SIGILL: [libjvm.so+0x90b450], sa_mask[0]=11111111011111111101111111111110, sa_flags=SA_RESTART|SA_SIGINFO
SIGUSR1: SIG_DFL, sa_mask[0]=00000000000000000000000000000000, sa_flags=none
SIGUSR2: [libjvm.so+0x90ca90], sa_mask[0]=00100000000000000000000000000000, sa_flags=SA_RESTART|SA_SIGINFO
SIGHUP: [libjvm.so+0x90dde0], sa_mask[0]=11111111011111111101111111111110, sa_flags=SA_RESTART|SA_SIGINFO
SIGINT: SIG_IGN, sa_mask[0]=00000000000000000000000000000000, sa_flags=none
SIGTERM: [libjvm.so+0x90dde0], sa_mask[0]=11111111011111111101111111111110, sa_flags=SA_RESTART|SA_SIGINFO
SIGQUIT: [libjvm.so+0x90dde0], sa_mask[0]=11111111011111111101111111111110, sa_flags=SA_RESTART|SA_SIGINFO


---------------  S Y S T E M  ---------------

OS:Red Hat Enterprise Linux Workstation release 6.6 (Santiago)

uname:Linux 2.6.32-504.16.2.el6.x86_64 #1 SMP Tue Mar 10 17:01:00 EDT 2015 x86_64
libc:glibc 2.12 NPTL 2.12 
rlimit: STACK 10240k, CORE 0k, NPROC 1024, NOFILE 4096, AS infinity
load average:2.00 1.86 1.70

/proc/meminfo:
MemTotal:       132110244 kB
MemFree:         2347408 kB
Buffers:           52864 kB
Cached:         64704220 kB
SwapCached:        42296 kB
Active:         94018084 kB
Inactive:       32641308 kB
Active(anon):   60362416 kB
Inactive(anon):  1627976 kB
Active(file):   33655668 kB
Inactive(file): 31013332 kB
Unevictable:           0 kB
Mlocked:               0 kB
SwapTotal:      16383996 kB
SwapFree:       16058696 kB
Dirty:               168 kB
Writeback:             0 kB
AnonPages:      61909192 kB
Mapped:           153960 kB
Shmem:             88068 kB
Slab:            2131176 kB
SReclaimable:    2067208 kB
SUnreclaim:        63968 kB
KernelStack:        7168 kB
PageTables:       161040 kB
NFS_Unstable:          0 kB
Bounce:                0 kB
WritebackTmp:          0 kB
CommitLimit:    82439116 kB
Committed_AS:   35447572 kB
VmallocTotal:   34359738367 kB
VmallocUsed:      487176 kB
VmallocChunk:   34291724088 kB
HardwareCorrupted:     0 kB
AnonHugePages:  31068160 kB
HugePages_Total:       0
HugePages_Free:        0
HugePages_Rsvd:        0
HugePages_Surp:        0
Hugepagesize:       2048 kB
DirectMap4k:        5056 kB
DirectMap2M:     2045952 kB
DirectMap1G:    132120576 kB


CPU:total 24 (6 cores per cpu, 2 threads per core) family 6 model 62 stepping 4, cmov, cx8, fxsr, mmx, sse, sse2, sse3, ssse3, sse4.1, sse4.2, popcnt, avx, aes, clmul, erms, ht, tsc, tscinvbit

/proc/cpuinfo:
processor	: 0
vendor_id	: GenuineIntel
cpu family	: 6
model		: 62
model name	: Intel(R) Xeon(R) CPU E5-2620 v2 @ 2.10GHz
stepping	: 4
microcode	: 1064
cpu MHz		: 2099.907
cache size	: 15360 KB
physical id	: 0
siblings	: 12
core id		: 0
cpu cores	: 6
apicid		: 0
initial apicid	: 0
fpu		: yes
fpu_exception	: yes
cpuid level	: 13
wp		: yes
flags		: fpu vme de pse tsc msr pae mce cx8 apic sep mtrr pge mca cmov pat pse36 clflush dts acpi mmx fxsr sse sse2 ss ht tm pbe syscall nx pdpe1gb rdtscp lm constant_tsc arch_perfmon pebs bts rep_good xtopology nonstop_tsc aperfmperf pni pclmulqdq dtes64 monitor ds_cpl vmx smx est tm2 ssse3 cx16 xtpr pdcm pcid dca sse4_1 sse4_2 x2apic popcnt tsc_deadline_timer aes xsave avx f16c rdrand lahf_lm ida arat xsaveopt pln pts dts tpr_shadow vnmi flexpriority ept vpid fsgsbase smep erms
bogomips	: 4199.81
clflush size	: 64
cache_alignment	: 64
address sizes	: 46 bits physical, 48 bits virtual
power management:

processor	: 1
vendor_id	: GenuineIntel
cpu family	: 6
model		: 62
model name	: Intel(R) Xeon(R) CPU E5-2620 v2 @ 2.10GHz
stepping	: 4
microcode	: 1064
cpu MHz		: 2099.907
cache size	: 15360 KB
physical id	: 1
siblings	: 12
core id		: 0
cpu cores	: 6
apicid		: 32
initial apicid	: 32
fpu		: yes
fpu_exception	: yes
cpuid level	: 13
wp		: yes
flags		: fpu vme de pse tsc msr pae mce cx8 apic sep mtrr pge mca cmov pat pse36 clflush dts acpi mmx fxsr sse sse2 ss ht tm pbe syscall nx pdpe1gb rdtscp lm constant_tsc arch_perfmon pebs bts rep_good xtopology nonstop_tsc aperfmperf pni pclmulqdq dtes64 monitor ds_cpl vmx smx est tm2 ssse3 cx16 xtpr pdcm pcid dca sse4_1 sse4_2 x2apic popcnt tsc_deadline_timer aes xsave avx f16c rdrand lahf_lm ida arat xsaveopt pln pts dts tpr_shadow vnmi flexpriority ept vpid fsgsbase smep erms
bogomips	: 4199.43
clflush size	: 64
cache_alignment	: 64
address sizes	: 46 bits physical, 48 bits virtual
power management:

processor	: 2
vendor_id	: GenuineIntel
cpu family	: 6
model		: 62
model name	: Intel(R) Xeon(R) CPU E5-2620 v2 @ 2.10GHz
stepping	: 4
microcode	: 1064
cpu MHz		: 2099.907
cache size	: 15360 KB
physical id	: 0
siblings	: 12
core id		: 1
cpu cores	: 6
apicid		: 2
initial apicid	: 2
fpu		: yes
fpu_exception	: yes
cpuid level	: 13
wp		: yes
flags		: fpu vme de pse tsc msr pae mce cx8 apic sep mtrr pge mca cmov pat pse36 clflush dts acpi mmx fxsr sse sse2 ss ht tm pbe syscall nx pdpe1gb rdtscp lm constant_tsc arch_perfmon pebs bts rep_good xtopology nonstop_tsc aperfmperf pni pclmulqdq dtes64 monitor ds_cpl vmx smx est tm2 ssse3 cx16 xtpr pdcm pcid dca sse4_1 sse4_2 x2apic popcnt tsc_deadline_timer aes xsave avx f16c rdrand lahf_lm ida arat xsaveopt pln pts dts tpr_shadow vnmi flexpriority ept vpid fsgsbase smep erms
bogomips	: 4199.81
clflush size	: 64
cache_alignment	: 64
address sizes	: 46 bits physical, 48 bits virtual
power management:

processor	: 3
vendor_id	: GenuineIntel
cpu family	: 6
model		: 62
model name	: Intel(R) Xeon(R) CPU E5-2620 v2 @ 2.10GHz
stepping	: 4
microcode	: 1064
cpu MHz		: 2099.907
cache size	: 15360 KB
physical id	: 1
siblings	: 12
core id		: 1
cpu cores	: 6
apicid		: 34
initial apicid	: 34
fpu		: yes
fpu_exception	: yes
cpuid level	: 13
wp		: yes
flags		: fpu vme de pse tsc msr pae mce cx8 apic sep mtrr pge mca cmov pat pse36 clflush dts acpi mmx fxsr sse sse2 ss ht tm pbe syscall nx pdpe1gb rdtscp lm constant_tsc arch_perfmon pebs bts rep_good xtopology nonstop_tsc aperfmperf pni pclmulqdq dtes64 monitor ds_cpl vmx smx est tm2 ssse3 cx16 xtpr pdcm pcid dca sse4_1 sse4_2 x2apic popcnt tsc_deadline_timer aes xsave avx f16c rdrand lahf_lm ida arat xsaveopt pln pts dts tpr_shadow vnmi flexpriority ept vpid fsgsbase smep erms
bogomips	: 4199.43
clflush size	: 64
cache_alignment	: 64
address sizes	: 46 bits physical, 48 bits virtual
power management:

processor	: 4
vendor_id	: GenuineIntel
cpu family	: 6
model		: 62
model name	: Intel(R) Xeon(R) CPU E5-2620 v2 @ 2.10GHz
stepping	: 4
microcode	: 1064
cpu MHz		: 2099.907
cache size	: 15360 KB
physical id	: 0
siblings	: 12
core id		: 2
cpu cores	: 6
apicid		: 4
initial apicid	: 4
fpu		: yes
fpu_exception	: yes
cpuid level	: 13
wp		: yes
flags		: fpu vme de pse tsc msr pae mce cx8 apic sep mtrr pge mca cmov pat pse36 clflush dts acpi mmx fxsr sse sse2 ss ht tm pbe syscall nx pdpe1gb rdtscp lm constant_tsc arch_perfmon pebs bts rep_good xtopology nonstop_tsc aperfmperf pni pclmulqdq dtes64 monitor ds_cpl vmx smx est tm2 ssse3 cx16 xtpr pdcm pcid dca sse4_1 sse4_2 x2apic popcnt tsc_deadline_timer aes xsave avx f16c rdrand lahf_lm ida arat xsaveopt pln pts dts tpr_shadow vnmi flexpriority ept vpid fsgsbase smep erms
bogomips	: 4199.81
clflush size	: 64
cache_alignment	: 64
address sizes	: 46 bits physical, 48 bits virtual
power management:

processor	: 5
vendor_id	: GenuineIntel
cpu family	: 6
model		: 62
model name	: Intel(R) Xeon(R) CPU E5-2620 v2 @ 2.10GHz
stepping	: 4
microcode	: 1064
cpu MHz		: 2099.907
cache size	: 15360 KB
physical id	: 1
siblings	: 12
core id		: 2
cpu cores	: 6
apicid		: 36
initial apicid	: 36
fpu		: yes
fpu_exception	: yes
cpuid level	: 13
wp		: yes
flags		: fpu vme de pse tsc msr pae mce cx8 apic sep mtrr pge mca cmov pat pse36 clflush dts acpi mmx fxsr sse sse2 ss ht tm pbe syscall nx pdpe1gb rdtscp lm constant_tsc arch_perfmon pebs bts rep_good xtopology nonstop_tsc aperfmperf pni pclmulqdq dtes64 monitor ds_cpl vmx smx est tm2 ssse3 cx16 xtpr pdcm pcid dca sse4_1 sse4_2 x2apic popcnt tsc_deadline_timer aes xsave avx f16c rdrand lahf_lm ida arat xsaveopt pln pts dts tpr_shadow vnmi flexpriority ept vpid fsgsbase smep erms
bogomips	: 4199.43
clflush size	: 64
cache_alignment	: 64
address sizes	: 46 bits physical, 48 bits virtual
power management:

processor	: 6
vendor_id	: GenuineIntel
cpu family	: 6
model		: 62
model name	: Intel(R) Xeon(R) CPU E5-2620 v2 @ 2.10GHz
stepping	: 4
microcode	: 1064
cpu MHz		: 2099.907
cache size	: 15360 KB
physical id	: 0
siblings	: 12
core id		: 3
cpu cores	: 6
apicid		: 6
initial apicid	: 6
fpu		: yes
fpu_exception	: yes
cpuid level	: 13
wp		: yes
flags		: fpu vme de pse tsc msr pae mce cx8 apic sep mtrr pge mca cmov pat pse36 clflush dts acpi mmx fxsr sse sse2 ss ht tm pbe syscall nx pdpe1gb rdtscp lm constant_tsc arch_perfmon pebs bts rep_good xtopology nonstop_tsc aperfmperf pni pclmulqdq dtes64 monitor ds_cpl vmx smx est tm2 ssse3 cx16 xtpr pdcm pcid dca sse4_1 sse4_2 x2apic popcnt tsc_deadline_timer aes xsave avx f16c rdrand lahf_lm ida arat xsaveopt pln pts dts tpr_shadow vnmi flexpriority ept vpid fsgsbase smep erms
bogomips	: 4199.81
clflush size	: 64
cache_alignment	: 64
address sizes	: 46 bits physical, 48 bits virtual
power management:

processor	: 7
vendor_id	: GenuineIntel
cpu family	: 6
model		: 62
model name	: Intel(R) Xeon(R) CPU E5-2620 v2 @ 2.10GHz
stepping	: 4
microcode	: 1064
cpu MHz		: 2099.907
cache size	: 15360 KB
physical id	: 1
siblings	: 12
core id		: 3
cpu cores	: 6
apicid		: 38
initial apicid	: 38
fpu		: yes
fpu_exception	: yes
cpuid level	: 13
wp		: yes
flags		: fpu vme de pse tsc msr pae mce cx8 apic sep mtrr pge mca cmov pat pse36 clflush dts acpi mmx fxsr sse sse2 ss ht tm pbe syscall nx pdpe1gb rdtscp lm constant_tsc arch_perfmon pebs bts rep_good xtopology nonstop_tsc aperfmperf pni pclmulqdq dtes64 monitor ds_cpl vmx smx est tm2 ssse3 cx16 xtpr pdcm pcid dca sse4_1 sse4_2 x2apic popcnt tsc_deadline_timer aes xsave avx f16c rdrand lahf_lm ida arat xsaveopt pln pts dts tpr_shadow vnmi flexpriority ept vpid fsgsbase smep erms
bogomips	: 4199.43
clflush size	: 64
cache_alignment	: 64
address sizes	: 46 bits physical, 48 bits virtual
power management:

processor	: 8
vendor_id	: GenuineIntel
cpu family	: 6
model		: 62
model name	: Intel(R) Xeon(R) CPU E5-2620 v2 @ 2.10GHz
stepping	: 4
microcode	: 1064
cpu MHz		: 2099.907
cache size	: 15360 KB
physical id	: 0
siblings	: 12
core id		: 4
cpu cores	: 6
apicid		: 8
initial apicid	: 8
fpu		: yes
fpu_exception	: yes
cpuid level	: 13
wp		: yes
flags		: fpu vme de pse tsc msr pae mce cx8 apic sep mtrr pge mca cmov pat pse36 clflush dts acpi mmx fxsr sse sse2 ss ht tm pbe syscall nx pdpe1gb rdtscp lm constant_tsc arch_perfmon pebs bts rep_good xtopology nonstop_tsc aperfmperf pni pclmulqdq dtes64 monitor ds_cpl vmx smx est tm2 ssse3 cx16 xtpr pdcm pcid dca sse4_1 sse4_2 x2apic popcnt tsc_deadline_timer aes xsave avx f16c rdrand lahf_lm ida arat xsaveopt pln pts dts tpr_shadow vnmi flexpriority ept vpid fsgsbase smep erms
bogomips	: 4199.81
clflush size	: 64
cache_alignment	: 64
address sizes	: 46 bits physical, 48 bits virtual
power management:

processor	: 9
vendor_id	: GenuineIntel
cpu family	: 6
model		: 62
model name	: Intel(R) Xeon(R) CPU E5-2620 v2 @ 2.10GHz
stepping	: 4
microcode	: 1064
cpu MHz		: 2099.907
cache size	: 15360 KB
physical id	: 1
siblings	: 12
core id		: 4
cpu cores	: 6
apicid		: 40
initial apicid	: 40
fpu		: yes
fpu_exception	: yes
cpuid level	: 13
wp		: yes
flags		: fpu vme de pse tsc msr pae mce cx8 apic sep mtrr pge mca cmov pat pse36 clflush dts acpi mmx fxsr sse sse2 ss ht tm pbe syscall nx pdpe1gb rdtscp lm constant_tsc arch_perfmon pebs bts rep_good xtopology nonstop_tsc aperfmperf pni pclmulqdq dtes64 monitor ds_cpl vmx smx est tm2 ssse3 cx16 xtpr pdcm pcid dca sse4_1 sse4_2 x2apic popcnt tsc_deadline_timer aes xsave avx f16c rdrand lahf_lm ida arat xsaveopt pln pts dts tpr_shadow vnmi flexpriority ept vpid fsgsbase smep erms
bogomips	: 4199.43
clflush size	: 64
cache_alignment	: 64
address sizes	: 46 bits physical, 48 bits virtual
power management:

processor	: 10
vendor_id	: GenuineIntel
cpu family	: 6
model		: 62
model name	: Intel(R) Xeon(R) CPU E5-2620 v2 @ 2.10GHz
stepping	: 4
microcode	: 1064
cpu MHz		: 2099.907
cache size	: 15360 KB
physical id	: 0
siblings	: 12
core id		: 5
cpu cores	: 6
apicid		: 10
initial apicid	: 10
fpu		: yes
fpu_exception	: yes
cpuid level	: 13
wp		: yes
flags		: fpu vme de pse tsc msr pae mce cx8 apic sep mtrr pge mca cmov pat pse36 clflush dts acpi mmx fxsr sse sse2 ss ht tm pbe syscall nx pdpe1gb rdtscp lm constant_tsc arch_perfmon pebs bts rep_good xtopology nonstop_tsc aperfmperf pni pclmulqdq dtes64 monitor ds_cpl vmx smx est tm2 ssse3 cx16 xtpr pdcm pcid dca sse4_1 sse4_2 x2apic popcnt tsc_deadline_timer aes xsave avx f16c rdrand lahf_lm ida arat xsaveopt pln pts dts tpr_shadow vnmi flexpriority ept vpid fsgsbase smep erms
bogomips	: 4199.81
clflush size	: 64
cache_alignment	: 64
address sizes	: 46 bits physical, 48 bits virtual
power management:

processor	: 11
vendor_id	: GenuineIntel
cpu family	: 6
model		: 62
model name	: Intel(R) Xeon(R) CPU E5-2620 v2 @ 2.10GHz
stepping	: 4
microcode	: 1064
cpu MHz		: 2099.907
cache size	: 15360 KB
physical id	: 1
siblings	: 12
core id		: 5
cpu cores	: 6
apicid		: 42
initial apicid	: 42
fpu		: yes
fpu_exception	: yes
cpuid level	: 13
wp		: yes
flags		: fpu vme de pse tsc msr pae mce cx8 apic sep mtrr pge mca cmov pat pse36 clflush dts acpi mmx fxsr sse sse2 ss ht tm pbe syscall nx pdpe1gb rdtscp lm constant_tsc arch_perfmon pebs bts rep_good xtopology nonstop_tsc aperfmperf pni pclmulqdq dtes64 monitor ds_cpl vmx smx est tm2 ssse3 cx16 xtpr pdcm pcid dca sse4_1 sse4_2 x2apic popcnt tsc_deadline_timer aes xsave avx f16c rdrand lahf_lm ida arat xsaveopt pln pts dts tpr_shadow vnmi flexpriority ept vpid fsgsbase smep erms
bogomips	: 4199.43
clflush size	: 64
cache_alignment	: 64
address sizes	: 46 bits physical, 48 bits virtual
power management:

processor	: 12
vendor_id	: GenuineIntel
cpu family	: 6
model		: 62
model name	: Intel(R) Xeon(R) CPU E5-2620 v2 @ 2.10GHz
stepping	: 4
microcode	: 1064
cpu MHz		: 2099.907
cache size	: 15360 KB
physical id	: 0
siblings	: 12
core id		: 0
cpu cores	: 6
apicid		: 1
initial apicid	: 1
fpu		: yes
fpu_exception	: yes
cpuid level	: 13
wp		: yes
flags		: fpu vme de pse tsc msr pae mce cx8 apic sep mtrr pge mca cmov pat pse36 clflush dts acpi mmx fxsr sse sse2 ss ht tm pbe syscall nx pdpe1gb rdtscp lm constant_tsc arch_perfmon pebs bts rep_good xtopology nonstop_tsc aperfmperf pni pclmulqdq dtes64 monitor ds_cpl vmx smx est tm2 ssse3 cx16 xtpr pdcm pcid dca sse4_1 sse4_2 x2apic popcnt tsc_deadline_timer aes xsave avx f16c rdrand lahf_lm ida arat xsaveopt pln pts dts tpr_shadow vnmi flexpriority ept vpid fsgsbase smep erms
bogomips	: 4199.81
clflush size	: 64
cache_alignment	: 64
address sizes	: 46 bits physical, 48 bits virtual
power management:

processor	: 13
vendor_id	: GenuineIntel
cpu family	: 6
model		: 62
model name	: Intel(R) Xeon(R) CPU E5-2620 v2 @ 2.10GHz
stepping	: 4
microcode	: 1064
cpu MHz		: 2099.907
cache size	: 15360 KB
physical id	: 1
siblings	: 12
core id		: 0
cpu cores	: 6
apicid		: 33
initial apicid	: 33
fpu		: yes
fpu_exception	: yes
cpuid level	: 13
wp		: yes
flags		: fpu vme de pse tsc msr pae mce cx8 apic sep mtrr pge mca cmov pat pse36 clflush dts acpi mmx fxsr sse sse2 ss ht tm pbe syscall nx pdpe1gb rdtscp lm constant_tsc arch_perfmon pebs bts rep_good xtopology nonstop_tsc aperfmperf pni pclmulqdq dtes64 monitor ds_cpl vmx smx est tm2 ssse3 cx16 xtpr pdcm pcid dca sse4_1 sse4_2 x2apic popcnt tsc_deadline_timer aes xsave avx f16c rdrand lahf_lm ida arat xsaveopt pln pts dts tpr_shadow vnmi flexpriority ept vpid fsgsbase smep erms
bogomips	: 4199.43
clflush size	: 64
cache_alignment	: 64
address sizes	: 46 bits physical, 48 bits virtual
power management:

processor	: 14
vendor_id	: GenuineIntel
cpu family	: 6
model		: 62
model name	: Intel(R) Xeon(R) CPU E5-2620 v2 @ 2.10GHz
stepping	: 4
microcode	: 1064
cpu MHz		: 2099.907
cache size	: 15360 KB
physical id	: 0
siblings	: 12
core id		: 1
cpu cores	: 6
apicid		: 3
initial apicid	: 3
fpu		: yes
fpu_exception	: yes
cpuid level	: 13
wp		: yes
flags		: fpu vme de pse tsc msr pae mce cx8 apic sep mtrr pge mca cmov pat pse36 clflush dts acpi mmx fxsr sse sse2 ss ht tm pbe syscall nx pdpe1gb rdtscp lm constant_tsc arch_perfmon pebs bts rep_good xtopology nonstop_tsc aperfmperf pni pclmulqdq dtes64 monitor ds_cpl vmx smx est tm2 ssse3 cx16 xtpr pdcm pcid dca sse4_1 sse4_2 x2apic popcnt tsc_deadline_timer aes xsave avx f16c rdrand lahf_lm ida arat xsaveopt pln pts dts tpr_shadow vnmi flexpriority ept vpid fsgsbase smep erms
bogomips	: 4199.81
clflush size	: 64
cache_alignment	: 64
address sizes	: 46 bits physical, 48 bits virtual
power management:

processor	: 15
vendor_id	: GenuineIntel
cpu family	: 6
model		: 62
model name	: Intel(R) Xeon(R) CPU E5-2620 v2 @ 2.10GHz
stepping	: 4
microcode	: 1064
cpu MHz		: 2099.907
cache size	: 15360 KB
physical id	: 1
siblings	: 12
core id		: 1
cpu cores	: 6
apicid		: 35
initial apicid	: 35
fpu		: yes
fpu_exception	: yes
cpuid level	: 13
wp		: yes
flags		: fpu vme de pse tsc msr pae mce cx8 apic sep mtrr pge mca cmov pat pse36 clflush dts acpi mmx fxsr sse sse2 ss ht tm pbe syscall nx pdpe1gb rdtscp lm constant_tsc arch_perfmon pebs bts rep_good xtopology nonstop_tsc aperfmperf pni pclmulqdq dtes64 monitor ds_cpl vmx smx est tm2 ssse3 cx16 xtpr pdcm pcid dca sse4_1 sse4_2 x2apic popcnt tsc_deadline_timer aes xsave avx f16c rdrand lahf_lm ida arat xsaveopt pln pts dts tpr_shadow vnmi flexpriority ept vpid fsgsbase smep erms
bogomips	: 4199.43
clflush size	: 64
cache_alignment	: 64
address sizes	: 46 bits physical, 48 bits virtual
power management:

processor	: 16
vendor_id	: GenuineIntel
cpu family	: 6
model		: 62
model name	: Intel(R) Xeon(R) CPU E5-2620 v2 @ 2.10GHz
stepping	: 4
microcode	: 1064
cpu MHz		: 2099.907
cache size	: 15360 KB
physical id	: 0
siblings	: 12
core id		: 2
cpu cores	: 6
apicid		: 5
initial apicid	: 5
fpu		: yes
fpu_exception	: yes
cpuid level	: 13
wp		: yes
flags		: fpu vme de pse tsc msr pae mce cx8 apic sep mtrr pge mca cmov pat pse36 clflush dts acpi mmx fxsr sse sse2 ss ht tm pbe syscall nx pdpe1gb rdtscp lm constant_tsc arch_perfmon pebs bts rep_good xtopology nonstop_tsc aperfmperf pni pclmulqdq dtes64 monitor ds_cpl vmx smx est tm2 ssse3 cx16 xtpr pdcm pcid dca sse4_1 sse4_2 x2apic popcnt tsc_deadline_timer aes xsave avx f16c rdrand lahf_lm ida arat xsaveopt pln pts dts tpr_shadow vnmi flexpriority ept vpid fsgsbase smep erms
bogomips	: 4199.81
clflush size	: 64
cache_alignment	: 64
address sizes	: 46 bits physical, 48 bits virtual
power management:

processor	: 17
vendor_id	: GenuineIntel
cpu family	: 6
model		: 62
model name	: Intel(R) Xeon(R) CPU E5-2620 v2 @ 2.10GHz
stepping	: 4
microcode	: 1064
cpu MHz		: 2099.907
cache size	: 15360 KB
physical id	: 1
siblings	: 12
core id		: 2
cpu cores	: 6
apicid		: 37
initial apicid	: 37
fpu		: yes
fpu_exception	: yes
cpuid level	: 13
wp		: yes
flags		: fpu vme de pse tsc msr pae mce cx8 apic sep mtrr pge mca cmov pat pse36 clflush dts acpi mmx fxsr sse sse2 ss ht tm pbe syscall nx pdpe1gb rdtscp lm constant_tsc arch_perfmon pebs bts rep_good xtopology nonstop_tsc aperfmperf pni pclmulqdq dtes64 monitor ds_cpl vmx smx est tm2 ssse3 cx16 xtpr pdcm pcid dca sse4_1 sse4_2 x2apic popcnt tsc_deadline_timer aes xsave avx f16c rdrand lahf_lm ida arat xsaveopt pln pts dts tpr_shadow vnmi flexpriority ept vpid fsgsbase smep erms
bogomips	: 4199.43
clflush size	: 64
cache_alignment	: 64
address sizes	: 46 bits physical, 48 bits virtual
power management:

processor	: 18
vendor_id	: GenuineIntel
cpu family	: 6
model		: 62
model name	: Intel(R) Xeon(R) CPU E5-2620 v2 @ 2.10GHz
stepping	: 4
microcode	: 1064
cpu MHz		: 2099.907
cache size	: 15360 KB
physical id	: 0
siblings	: 12
core id		: 3
cpu cores	: 6
apicid		: 7
initial apicid	: 7
fpu		: yes
fpu_exception	: yes
cpuid level	: 13
wp		: yes
flags		: fpu vme de pse tsc msr pae mce cx8 apic sep mtrr pge mca cmov pat pse36 clflush dts acpi mmx fxsr sse sse2 ss ht tm pbe syscall nx pdpe1gb rdtscp lm constant_tsc arch_perfmon pebs bts rep_good xtopology nonstop_tsc aperfmperf pni pclmulqdq dtes64 monitor ds_cpl vmx smx est tm2 ssse3 cx16 xtpr pdcm pcid dca sse4_1 sse4_2 x2apic popcnt tsc_deadline_timer aes xsave avx f16c rdrand lahf_lm ida arat xsaveopt pln pts dts tpr_shadow vnmi flexpriority ept vpid fsgsbase smep erms
bogomips	: 4199.81
clflush size	: 64
cache_alignment	: 64
address sizes	: 46 bits physical, 48 bits virtual
power management:

processor	: 19
vendor_id	: GenuineIntel
cpu family	: 6
model		: 62
model name	: Intel(R) Xeon(R) CPU E5-2620 v2 @ 2.10GHz
stepping	: 4
microcode	: 1064
cpu MHz		: 2099.907
cache size	: 15360 KB
physical id	: 1
siblings	: 12
core id		: 3
cpu cores	: 6
apicid		: 39
initial apicid	: 39
fpu		: yes
fpu_exception	: yes
cpuid level	: 13
wp		: yes
flags		: fpu vme de pse tsc msr pae mce cx8 apic sep mtrr pge mca cmov pat pse36 clflush dts acpi mmx fxsr sse sse2 ss ht tm pbe syscall nx pdpe1gb rdtscp lm constant_tsc arch_perfmon pebs bts rep_good xtopology nonstop_tsc aperfmperf pni pclmulqdq dtes64 monitor ds_cpl vmx smx est tm2 ssse3 cx16 xtpr pdcm pcid dca sse4_1 sse4_2 x2apic popcnt tsc_deadline_timer aes xsave avx f16c rdrand lahf_lm ida arat xsaveopt pln pts dts tpr_shadow vnmi flexpriority ept vpid fsgsbase smep erms
bogomips	: 4199.43
clflush size	: 64
cache_alignment	: 64
address sizes	: 46 bits physical, 48 bits virtual
power management:

processor	: 20
vendor_id	: GenuineIntel
cpu family	: 6
model		: 62
model name	: Intel(R) Xeon(R) CPU E5-2620 v2 @ 2.10GHz
stepping	: 4
microcode	: 1064
cpu MHz		: 2099.907
cache size	: 15360 KB
physical id	: 0
siblings	: 12
core id		: 4
cpu cores	: 6
apicid		: 9
initial apicid	: 9
fpu		: yes
fpu_exception	: yes
cpuid level	: 13
wp		: yes
flags		: fpu vme de pse tsc msr pae mce cx8 apic sep mtrr pge mca cmov pat pse36 clflush dts acpi mmx fxsr sse sse2 ss ht tm pbe syscall nx pdpe1gb rdtscp lm constant_tsc arch_perfmon pebs bts rep_good xtopology nonstop_tsc aperfmperf pni pclmulqdq dtes64 monitor ds_cpl vmx smx est tm2 ssse3 cx16 xtpr pdcm pcid dca sse4_1 sse4_2 x2apic popcnt tsc_deadline_timer aes xsave avx f16c rdrand lahf_lm ida arat xsaveopt pln pts dts tpr_shadow vnmi flexpriority ept vpid fsgsbase smep erms
bogomips	: 4199.81
clflush size	: 64
cache_alignment	: 64
address sizes	: 46 bits physical, 48 bits virtual
power management:

processor	: 21
vendor_id	: GenuineIntel
cpu family	: 6
model		: 62
model name	: Intel(R) Xeon(R) CPU E5-2620 v2 @ 2.10GHz
stepping	: 4
microcode	: 1064
cpu MHz		: 2099.907
cache size	: 15360 KB
physical id	: 1
siblings	: 12
core id		: 4
cpu cores	: 6
apicid		: 41
initial apicid	: 41
fpu		: yes
fpu_exception	: yes
cpuid level	: 13
wp		: yes
flags		: fpu vme de pse tsc msr pae mce cx8 apic sep mtrr pge mca cmov pat pse36 clflush dts acpi mmx fxsr sse sse2 ss ht tm pbe syscall nx pdpe1gb rdtscp lm constant_tsc arch_perfmon pebs bts rep_good xtopology nonstop_tsc aperfmperf pni pclmulqdq dtes64 monitor ds_cpl vmx smx est tm2 ssse3 cx16 xtpr pdcm pcid dca sse4_1 sse4_2 x2apic popcnt tsc_deadline_timer aes xsave avx f16c rdrand lahf_lm ida arat xsaveopt pln pts dts tpr_shadow vnmi flexpriority ept vpid fsgsbase smep erms
bogomips	: 4199.43
clflush size	: 64
cache_alignment	: 64
address sizes	: 46 bits physical, 48 bits virtual
power management:

processor	: 22
vendor_id	: GenuineIntel
cpu family	: 6
model		: 62
model name	: Intel(R) Xeon(R) CPU E5-2620 v2 @ 2.10GHz
stepping	: 4
microcode	: 1064
cpu MHz		: 2099.907
cache size	: 15360 KB
physical id	: 0
siblings	: 12
core id		: 5
cpu cores	: 6
apicid		: 11
initial apicid	: 11
fpu		: yes
fpu_exception	: yes
cpuid level	: 13
wp		: yes
flags		: fpu vme de pse tsc msr pae mce cx8 apic sep mtrr pge mca cmov pat pse36 clflush dts acpi mmx fxsr sse sse2 ss ht tm pbe syscall nx pdpe1gb rdtscp lm constant_tsc arch_perfmon pebs bts rep_good xtopology nonstop_tsc aperfmperf pni pclmulqdq dtes64 monitor ds_cpl vmx smx est tm2 ssse3 cx16 xtpr pdcm pcid dca sse4_1 sse4_2 x2apic popcnt tsc_deadline_timer aes xsave avx f16c rdrand lahf_lm ida arat xsaveopt pln pts dts tpr_shadow vnmi flexpriority ept vpid fsgsbase smep erms
bogomips	: 4199.81
clflush size	: 64
cache_alignment	: 64
address sizes	: 46 bits physical, 48 bits virtual
power management:

processor	: 23
vendor_id	: GenuineIntel
cpu family	: 6
model		: 62
model name	: Intel(R) Xeon(R) CPU E5-2620 v2 @ 2.10GHz
stepping	: 4
microcode	: 1064
cpu MHz		: 2099.907
cache size	: 15360 KB
physical id	: 1
siblings	: 12
core id		: 5
cpu cores	: 6
apicid		: 43
initial apicid	: 43
fpu		: yes
fpu_exception	: yes
cpuid level	: 13
wp		: yes
flags		: fpu vme de pse tsc msr pae mce cx8 apic sep mtrr pge mca cmov pat pse36 clflush dts acpi mmx fxsr sse sse2 ss ht tm pbe syscall nx pdpe1gb rdtscp lm constant_tsc arch_perfmon pebs bts rep_good xtopology nonstop_tsc aperfmperf pni pclmulqdq dtes64 monitor ds_cpl vmx smx est tm2 ssse3 cx16 xtpr pdcm pcid dca sse4_1 sse4_2 x2apic popcnt tsc_deadline_timer aes xsave avx f16c rdrand lahf_lm ida arat xsaveopt pln pts dts tpr_shadow vnmi flexpriority ept vpid fsgsbase smep erms
bogomips	: 4199.43
clflush size	: 64
cache_alignment	: 64
address sizes	: 46 bits physical, 48 bits virtual
power management:



Memory: 4k page, physical 132110244k(2345920k free), swap 16383996k(16058696k free)

vm_info: Java HotSpot(TM) 64-Bit Server VM (25.45-b02) for linux-amd64 JRE (1.8.0_45-b14), built on Apr 10 2015 10:07:45 by "java_re" with gcc 4.3.0 20080428 (Red Hat 4.3.0-8)

time: Mon Jun 29 15:37:59 2015
elapsed time: 4383 seconds (0d 1h 13m 3s)

