#
# A fatal error has been detected by the Java Runtime Environment:
#
#  SIGSEGV (0xb) at pc=0x00007eea7c82ca01, pid=47296, tid=139643189565184
#
# JRE version: Java(TM) SE Runtime Environment (8.0_45-b14) (build 1.8.0_45-b14)
# Java VM: Java HotSpot(TM) 64-Bit Server VM (25.45-b02 mixed mode linux-amd64 )
# Problematic frame:
# C  [libsqlite4java-linux-amd64.so+0x50a01]  sqlite3PagerUnrefNotNull+0x51
#
# Failed to write core dump. Core dumps have been disabled. To enable core dumping, try "ulimit -c unlimited" before starting Java again
#
# If you would like to submit a bug report, please visit:
#   http://bugreport.java.com/bugreport/crash.jsp
# The crash happened outside the Java Virtual Machine in native code.
# See problematic frame for where to report the bug.
#

---------------  T H R E A D  ---------------

Current thread (0x00007f013000c000):  JavaThread "main" [_thread_in_native, id=47301, stack(0x00007f0136a59000,0x00007f0136b5a000)]

siginfo: si_signo: 11 (SIGSEGV), si_code: 128 (SI_KERNEL), si_addr: 0x0000000000000000

Registers:
RAX=0x0000000000002fff, RBX=0x4549656c69666f72, RCX=0x00007ef032387da0, RDX=0x0000000000000000
RSP=0x00007f0136b57e20, RBP=0x00007f0136b57e30, RSI=0x00007ee82cfbef18, RDI=0x00007ee800656d61
R8 =0x00007f013049a508, R9 =0x000000000000b8c5, R10=0x00007eea7c87e200, R11=0x00007eab206f7000
R12=0x0000000000000001, R13=0x00007ee82cfbf0e0, R14=0x00007ee82cfbf038, R15=0x00007f013049ab78
RIP=0x00007eea7c82ca01, EFLAGS=0x0000000000010206, CSGSFS=0x0000000000000033, ERR=0x0000000000000000
  TRAPNO=0x000000000000000d

Top of Stack: (sp=0x00007f0136b57e20)
0x00007f0136b57e20:   0000000000000001 00007f013049ab18
0x00007f0136b57e30:   00007f0136b57e70 00007eea7c82cef1
0x00007f0136b57e40:   00007f0136b57e70 00007ee82cfcb7f8
0x00007f0136b57e50:   00007f013049a568 0000000000000000
0x00007f0136b57e60:   0000000000000000 00007f013000c000
0x00007f0136b57e70:   00007f0136b57f10 00007eea7c846d55
0x00007f0136b57e80:   00007f013049a568 0000000000000000
0x00007f0136b57e90:   00007f013000c000 00007ee82cfc4eb8
0x00007f0136b57ea0:   00007f0136b57ee0 00007f013049a568
0x00007f0136b57eb0:   00007ef02db040f0 00007ee82cfc5298
0x00007f0136b57ec0:   00007f013000c000 000000007c7f8db6
0x00007f0136b57ed0:   00007ef02db040f0 0000000000000000
0x00007f0136b57ee0:   00007f0136b57f10 00007ee82cfcb7f8
0x00007f0136b57ef0:   00007f013049a568 00007ef02db040f0
0x00007f0136b57f00:   00007f0136b57fb0 00007f013000c000
0x00007f0136b57f10:   00007f0136b57f30 00007eea7c8478e2
0x00007f0136b57f20:   00007ee82cfcb7f8 0000000000000000
0x00007f0136b57f30:   00007f0136b57f50 00007eea7c847a08
0x00007f0136b57f40:   00007f013049a568 00007ee82cfcb7f8
0x00007f0136b57f50:   00007f0136b57f70 00007eea7c847bd1
0x00007f0136b57f60:   00007ef032387e98 0000000000001401
0x00007f0136b57f70:   00007f0136b57fc0 00007f0121a5a1b9
0x00007f0136b57f80:   00007f01210055d0 00007f0100000000
0x00007f0136b57f90:   00007f0136b58060 00007f0136b58020
0x00007f0136b57fa0:   0000000000000000 0000000000000000
0x00007f0136b57fb0:   00007ef02cf6cb00 0000000000000000
0x00007f0136b57fc0:   00007ef02db040f0 00007f012154fa88
0x00007f0136b57fd0:   00007ef02db040f0 00007ef032387d50
0x00007f0136b57fe0:   00007ef032387da0 00007ef032387e98
0x00007f0136b57ff0:   00007ef02db040f0 00007efa054168d0
0x00007f0136b58000:   00000000001bbc59 00007ef02db040f0
0x00007f0136b58010:   00007f0130000000 00007ef02db040f0 

Instructions: (pc=0x00007eea7c82ca01)
0x00007eea7c82c9e1:   77 28 48 8b 57 08 48 63 bb bc 00 00 00 48 8b 01
0x00007eea7c82c9f1:   83 ee 01 48 0f af f7 48 89 cf ff 90 90 00 00 00
0x00007eea7c82ca01:   8b 83 98 00 00 00 85 c0 75 0e 48 8b 83 10 01 00
0x00007eea7c82ca11:   00 8b 40 18 85 c0 74 17 48 83 c4 08 5b 5d c3 e8 

Register to memory mapping:

RAX=0x0000000000002fff is an unknown value
RBX=0x4549656c69666f72 is an unknown value
RCX=0x00007ef032387da0 is an oop
com.almworks.sqlite4java.SQLParts 
 - klass: 'com/almworks/sqlite4java/SQLParts'
RDX=0x0000000000000000 is an unknown value
RSP=0x00007f0136b57e20 is pointing into the stack for thread: 0x00007f013000c000
RBP=0x00007f0136b57e30 is pointing into the stack for thread: 0x00007f013000c000
RSI=0x00007ee82cfbef18 is an unknown value
RDI=0x00007ee800656d61 is an unknown value
R8 =0x00007f013049a508 is an unknown value
R9 =0x000000000000b8c5 is an unknown value
R10=0x00007eea7c87e200: Java_com_almworks_sqlite4java__1SQLiteSwiggedJNI_sqlite3_1finalize+0 in /remote/rs/tien/anhnt/TextToCode/workspace1/MyStackOverflow/libs/libsqlite4java-linux-amd64.so at 0x00007eea7c7dc000
R11=0x00007eab206f7000 is an unknown value
R12=0x0000000000000001 is an unknown value
R13=0x00007ee82cfbf0e0 is an unknown value
R14=0x00007ee82cfbf038 is an unknown value
R15=0x00007f013049ab78 is an unknown value


Stack: [0x00007f0136a59000,0x00007f0136b5a000],  sp=0x00007f0136b57e20,  free space=1019k
Native frames: (J=compiled Java code, j=interpreted, Vv=VM code, C=native code)
C  [libsqlite4java-linux-amd64.so+0x50a01]  sqlite3PagerUnrefNotNull+0x51
C  [libsqlite4java-linux-amd64.so+0x50ef1]  sqlite3BtreeCloseCursor+0x91
C  [libsqlite4java-linux-amd64.so+0x6ad55]  sqlite3VdbeHalt+0x105
C  [libsqlite4java-linux-amd64.so+0x6b8e2]  sqlite3VdbeReset+0x12
C  [libsqlite4java-linux-amd64.so+0x6ba08]  sqlite3VdbeFinalize+0x48
C  [libsqlite4java-linux-amd64.so+0x6bbd1]  sqlite3_finalize+0x31
J 6170  com.almworks.sqlite4java._SQLiteSwiggedJNI.sqlite3_finalize(J)I (0 bytes) @ 0x00007f0121a5a1b9 [0x00007f0121a5a100+0xb9]
J 6182 C2 com.almworks.sqlite4java.SQLiteConnection.finalizeStatement(Lcom/almworks/sqlite4java/SQLiteStatement;)V (60 bytes) @ 0x00007f012154fa88 [0x00007f012154f980+0x108]

Java frames: (J=compiled Java code, j=interpreted, Vv=VM code)
J 6170  com.almworks.sqlite4java._SQLiteSwiggedJNI.sqlite3_finalize(J)I (0 bytes) @ 0x00007f0121a5a141 [0x00007f0121a5a100+0x41]
J 6182 C2 com.almworks.sqlite4java.SQLiteConnection.finalizeStatement(Lcom/almworks/sqlite4java/SQLiteStatement;)V (60 bytes) @ 0x00007f012154fa88 [0x00007f012154f980+0x108]
J 6186% C2 com.almworks.sqlite4java.SQLiteConnection.finalizeStatements()V (344 bytes) @ 0x00007f0121bdfb40 [0x00007f0121bdfa80+0xc0]
j  com.almworks.sqlite4java.SQLiteConnection.dispose()V+87
j  database.SQLiteInterface.dispose()V+4
j  databaseprocess.CLTFileProcessing.processWithThreads(Ljava/util/HashMap;Ljava/util/LinkedHashSet;Ljava/util/HashMap;Ljava/util/HashMap;Ldatabaseprocess/GlobalInfo;)V+476
J 551% C1 databaseprocess.CLTFileProcessing.processCLTTable(Ljava/util/ArrayList;Ldatabaseprocess/GlobalInfo;)V (1165 bytes) @ 0x00007f012151db94 [0x00007f0121509a00+0x14194]
j  databaseprocess.CLTFileProcessing.main([Ljava/lang/String;)V+33
v  ~StubRoutines::call_stub

---------------  P R O C E S S  ---------------

Java Threads: ( => current thread )
  0x00007f01300fa000 JavaThread "Service Thread" daemon [_thread_blocked, id=47336, stack(0x00007eea7ce65000,0x00007eea7cf66000)]
  0x00007f01300f4800 JavaThread "C1 CompilerThread11" daemon [_thread_blocked, id=47335, stack(0x00007eea7cf66000,0x00007eea7d067000)]
  0x00007f01300f2800 JavaThread "C1 CompilerThread10" daemon [_thread_blocked, id=47334, stack(0x00007eea7d067000,0x00007eea7d168000)]
  0x00007f01300f0800 JavaThread "C1 CompilerThread9" daemon [_thread_blocked, id=47333, stack(0x00007eea7d168000,0x00007eea7d269000)]
  0x00007f01300ee800 JavaThread "C1 CompilerThread8" daemon [_thread_blocked, id=47332, stack(0x00007eea7d269000,0x00007eea7d36a000)]
  0x00007f01300ec800 JavaThread "C2 CompilerThread7" daemon [_thread_blocked, id=47331, stack(0x00007eea7d36a000,0x00007eea7d46b000)]
  0x00007f01300ea000 JavaThread "C2 CompilerThread6" daemon [_thread_blocked, id=47330, stack(0x00007eea7d46b000,0x00007eea7d56c000)]
  0x00007f01300e8000 JavaThread "C2 CompilerThread5" daemon [_thread_blocked, id=47329, stack(0x00007eea7d56c000,0x00007eea7d66d000)]
  0x00007f01300de000 JavaThread "C2 CompilerThread4" daemon [_thread_blocked, id=47328, stack(0x00007eea7d66d000,0x00007eea7d76e000)]
  0x00007f01300db800 JavaThread "C2 CompilerThread3" daemon [_thread_blocked, id=47327, stack(0x00007eea7d76e000,0x00007eea7d86f000)]
  0x00007f01300d9800 JavaThread "C2 CompilerThread2" daemon [_thread_blocked, id=47326, stack(0x00007eea7d86f000,0x00007eea7d970000)]
  0x00007f01300d8000 JavaThread "C2 CompilerThread1" daemon [_thread_blocked, id=47325, stack(0x00007eea7d970000,0x00007eea7da71000)]
  0x00007f01300d5000 JavaThread "C2 CompilerThread0" daemon [_thread_blocked, id=47324, stack(0x00007eea7da71000,0x00007eea7db72000)]
  0x00007f01300d3800 JavaThread "Signal Dispatcher" daemon [_thread_blocked, id=47323, stack(0x00007eea7db72000,0x00007eea7dc73000)]
  0x00007f013009d800 JavaThread "Finalizer" daemon [_thread_blocked, id=47322, stack(0x00007eea7dc73000,0x00007eea7dd74000)]
  0x00007f013009b800 JavaThread "Reference Handler" daemon [_thread_blocked, id=47321, stack(0x00007eea7dd74000,0x00007eea7de75000)]
=>0x00007f013000c000 JavaThread "main" [_thread_in_native, id=47301, stack(0x00007f0136a59000,0x00007f0136b5a000)]

Other Threads:
  0x00007f0130096000 VMThread [stack: 0x00007eea7de75000,0x00007eea7df76000] [id=47320]
  0x00007f01300fc800 WatcherThread [stack: 0x00007eea7cd64000,0x00007eea7ce65000] [id=47337]

VM state:not at safepoint (normal execution)

VM Mutex/Monitor currently owned by a thread: None

Heap:
 PSYoungGen      total 6060544K, used 1772517K [0x00007ef9a1000000, 0x00007efb1b180000, 0x00007f0121000000)
  eden space 5932032K, 28% used [0x00007ef9a1000000,0x00007efa06611e48,0x00007efb0b100000)
  from space 128512K, 86% used [0x00007efb13100000,0x00007efb19de76d0,0x00007efb1ae80000)
  to   space 131072K, 0% used [0x00007efb0b100000,0x00007efb0b100000,0x00007efb13100000)
 ParOldGen       total 25116672K, used 23906933K [0x00007eeaa1000000, 0x00007ef09e000000, 0x00007ef9a1000000)
  object space 25116672K, 95% used [0x00007eeaa1000000,0x00007ef05429d6d0,0x00007ef09e000000)
 Metaspace       used 15089K, capacity 15186K, committed 15360K, reserved 16384K

Card table byte_map: [0x00007eea95bff000,0x00007eeaa1000000] byte_map_base: 0x00007eab206f7000

Marking Bits: (ParMarkBitMap*) 0x00007f0137af7760
 Begin Bits: [0x00007ee954000000, 0x00007ee9ae000000)
 End Bits:   [0x00007ee9ae000000, 0x00007eea08000000)

Polling page: 0x00007f0137d5b000

CodeCache: size=245760Kb used=16250Kb max_used=17511Kb free=229509Kb
 bounds [0x00007f0121000000, 0x00007f0122210000, 0x00007f0130000000]
 total_blobs=4000 nmethods=3638 adapters=268
 compilation: enabled

Compilation events (10 events):
Event: 3295.319 Thread 0x00007f01300de000 6182   !   4       com.almworks.sqlite4java.SQLiteConnection::finalizeStatement (60 bytes)
Event: 3295.319 Thread 0x00007f01300ea000 6183       4       com.almworks.sqlite4java.SQLiteStatement::clear (57 bytes)
Event: 3295.321 Thread 0x00007f01300ea000 nmethod 6183 0x00007f0121ba1710 code [0x00007f0121ba1860, 0x00007f0121ba19d8]
Event: 3295.361 Thread 0x00007f01300de000 nmethod 6182 0x00007f012154f790 code [0x00007f012154f980, 0x00007f01215506e8]
Event: 3383.525 Thread 0x00007f01300f2800 6184 % !   3       com.almworks.sqlite4java.SQLiteConnection::finalizeStatements @ 92 (344 bytes)
Event: 3383.528 Thread 0x00007f01300f2800 nmethod 6184% 0x00007f01213cc8d0 code [0x00007f01213ccd00, 0x00007f01213cf968]
Event: 3385.333 Thread 0x00007f01300f0800 6185   !   3       com.almworks.sqlite4java.SQLiteConnection::finalizeStatements (344 bytes)
Event: 3385.338 Thread 0x00007f01300f0800 nmethod 6185 0x00007f01217aa690 code [0x00007f01217aaac0, 0x00007f01217ad628]
Event: 3447.605 Thread 0x00007f01300e8000 6186 % !   4       com.almworks.sqlite4java.SQLiteConnection::finalizeStatements @ 92 (344 bytes)
Event: 3447.609 Thread 0x00007f01300e8000 nmethod 6186% 0x00007f0121bdf910 code [0x00007f0121bdfa80, 0x00007f0121bdfc48]

GC Heap History (10 events):
Event: 3199.720 GC heap before
{Heap before GC invocations=279 (full 7):
 PSYoungGen      total 5921280K, used 5915279K [0x00007ef9a1000000, 0x00007efb14a00000, 0x00007f0121000000)
  eden space 5809664K, 100% used [0x00007ef9a1000000,0x00007efb03980000,0x00007efb03980000)
  from space 111616K, 94% used [0x00007efb03980000,0x00007efb0a0a3c20,0x00007efb0a680000)
  to   space 115712K, 0% used [0x00007efb0d900000,0x00007efb0d900000,0x00007efb14a00000)
 ParOldGen       total 25116672K, used 23886773K [0x00007eeaa1000000, 0x00007ef09e000000, 0x00007ef9a1000000)
  object space 25116672K, 95% used [0x00007eeaa1000000,0x00007ef052eed6d0,0x00007ef09e000000)
 Metaspace       used 15075K, capacity 15122K, committed 15360K, reserved 16384K
Event: 3199.982 GC heap after
Heap after GC invocations=279 (full 7):
 PSYoungGen      total 5968896K, used 104636K [0x00007ef9a1000000, 0x00007efb14b00000, 0x00007f0121000000)
  eden space 5853184K, 0% used [0x00007ef9a1000000,0x00007ef9a1000000,0x00007efb06400000)
  from space 115712K, 90% used [0x00007efb0d900000,0x00007efb13f2f260,0x00007efb14a00000)
  to   space 118272K, 0% used [0x00007efb06400000,0x00007efb06400000,0x00007efb0d780000)
 ParOldGen       total 25116672K, used 23886773K [0x00007eeaa1000000, 0x00007ef09e000000, 0x00007ef9a1000000)
  object space 25116672K, 95% used [0x00007eeaa1000000,0x00007ef052eed6d0,0x00007ef09e000000)
 Metaspace       used 15075K, capacity 15122K, committed 15360K, reserved 16384K
}
Event: 3217.194 GC heap before
{Heap before GC invocations=280 (full 7):
 PSYoungGen      total 5968896K, used 5957820K [0x00007ef9a1000000, 0x00007efb14b00000, 0x00007f0121000000)
  eden space 5853184K, 100% used [0x00007ef9a1000000,0x00007efb06400000,0x00007efb06400000)
  from space 115712K, 90% used [0x00007efb0d900000,0x00007efb13f2f260,0x00007efb14a00000)
  to   space 118272K, 0% used [0x00007efb06400000,0x00007efb06400000,0x00007efb0d780000)
 ParOldGen       total 25116672K, used 23886773K [0x00007eeaa1000000, 0x00007ef09e000000, 0x00007ef9a1000000)
  object space 25116672K, 95% used [0x00007eeaa1000000,0x00007ef052eed6d0,0x00007ef09e000000)
 Metaspace       used 15075K, capacity 15122K, committed 15360K, reserved 16384K
Event: 3217.437 GC heap after
Heap after GC invocations=280 (full 7):
 PSYoungGen      total 5971456K, used 109758K [0x00007ef9a1000000, 0x00007efb17e00000, 0x00007f0121000000)
  eden space 5853184K, 0% used [0x00007ef9a1000000,0x00007ef9a1000000,0x00007efb06400000)
  from space 118272K, 92% used [0x00007efb06400000,0x00007efb0cf2f8f0,0x00007efb0d780000)
  to   space 122880K, 0% used [0x00007efb10600000,0x00007efb10600000,0x00007efb17e00000)
 ParOldGen       total 25116672K, used 23890157K [0x00007eeaa1000000, 0x00007ef09e000000, 0x00007ef9a1000000)
  object space 25116672K, 95% used [0x00007eeaa1000000,0x00007ef05323b6d0,0x00007ef09e000000)
 Metaspace       used 15075K, capacity 15122K, committed 15360K, reserved 16384K
}
Event: 3236.114 GC heap before
{Heap before GC invocations=281 (full 7):
 PSYoungGen      total 5971456K, used 5962942K [0x00007ef9a1000000, 0x00007efb17e00000, 0x00007f0121000000)
  eden space 5853184K, 100% used [0x00007ef9a1000000,0x00007efb06400000,0x00007efb06400000)
  from space 118272K, 92% used [0x00007efb06400000,0x00007efb0cf2f8f0,0x00007efb0d780000)
  to   space 122880K, 0% used [0x00007efb10600000,0x00007efb10600000,0x00007efb17e00000)
 ParOldGen       total 25116672K, used 23890157K [0x00007eeaa1000000, 0x00007ef09e000000, 0x00007ef9a1000000)
  object space 25116672K, 95% used [0x00007eeaa1000000,0x00007ef05323b6d0,0x00007ef09e000000)
 Metaspace       used 15075K, capacity 15122K, committed 15360K, reserved 16384K
Event: 3236.455 GC heap after
Heap after GC invocations=281 (full 7):
 PSYoungGen      total 6014976K, used 112943K [0x00007ef9a1000000, 0x00007efb18880000, 0x00007f0121000000)
  eden space 5892096K, 0% used [0x00007ef9a1000000,0x00007ef9a1000000,0x00007efb08a00000)
  from space 122880K, 91% used [0x00007efb10600000,0x00007efb1744bc20,0x00007efb17e00000)
  to   space 126976K, 0% used [0x00007efb08a00000,0x00007efb08a00000,0x00007efb10600000)
 ParOldGen       total 25116672K, used 23896069K [0x00007eeaa1000000, 0x00007ef09e000000, 0x00007ef9a1000000)
  object space 25116672K, 95% used [0x00007eeaa1000000,0x00007ef0538016d0,0x00007ef09e000000)
 Metaspace       used 15075K, capacity 15122K, committed 15360K, reserved 16384K
}
Event: 3258.300 GC heap before
{Heap before GC invocations=282 (full 7):
 PSYoungGen      total 6014976K, used 6005039K [0x00007ef9a1000000, 0x00007efb18880000, 0x00007f0121000000)
  eden space 5892096K, 100% used [0x00007ef9a1000000,0x00007efb08a00000,0x00007efb08a00000)
  from space 122880K, 91% used [0x00007efb10600000,0x00007efb1744bc20,0x00007efb17e00000)
  to   space 126976K, 0% used [0x00007efb08a00000,0x00007efb08a00000,0x00007efb10600000)
 ParOldGen       total 25116672K, used 23896069K [0x00007eeaa1000000, 0x00007ef09e000000, 0x00007ef9a1000000)
  object space 25116672K, 95% used [0x00007eeaa1000000,0x00007ef0538016d0,0x00007ef09e000000)
 Metaspace       used 15075K, capacity 15122K, committed 15360K, reserved 16384K
Event: 3258.544 GC heap after
Heap after GC invocations=282 (full 7):
 PSYoungGen      total 6019072K, used 107900K [0x00007ef9a1000000, 0x00007efb1ae80000, 0x00007f0121000000)
  eden space 5892096K, 0% used [0x00007ef9a1000000,0x00007ef9a1000000,0x00007efb08a00000)
  from space 126976K, 84% used [0x00007efb08a00000,0x00007efb0f35f260,0x00007efb10600000)
  to   space 128512K, 0% used [0x00007efb13100000,0x00007efb13100000,0x00007efb1ae80000)
 ParOldGen       total 25116672K, used 23901813K [0x00007eeaa1000000, 0x00007ef09e000000, 0x00007ef9a1000000)
  object space 25116672K, 95% used [0x00007eeaa1000000,0x00007ef053d9d6d0,0x00007ef09e000000)
 Metaspace       used 15075K, capacity 15122K, committed 15360K, reserved 16384K
}
Event: 3277.461 GC heap before
{Heap before GC invocations=283 (full 7):
 PSYoungGen      total 6019072K, used 5999996K [0x00007ef9a1000000, 0x00007efb1ae80000, 0x00007f0121000000)
  eden space 5892096K, 100% used [0x00007ef9a1000000,0x00007efb08a00000,0x00007efb08a00000)
  from space 126976K, 84% used [0x00007efb08a00000,0x00007efb0f35f260,0x00007efb10600000)
  to   space 128512K, 0% used [0x00007efb13100000,0x00007efb13100000,0x00007efb1ae80000)
 ParOldGen       total 25116672K, used 23901813K [0x00007eeaa1000000, 0x00007ef09e000000, 0x00007ef9a1000000)
  object space 25116672K, 95% used [0x00007eeaa1000000,0x00007ef053d9d6d0,0x00007ef09e000000)
 Metaspace       used 15075K, capacity 15122K, committed 15360K, reserved 16384K
Event: 3277.682 GC heap after
Heap after GC invocations=283 (full 7):
 PSYoungGen      total 6060544K, used 111517K [0x00007ef9a1000000, 0x00007efb1b180000, 0x00007f0121000000)
  eden space 5932032K, 0% used [0x00007ef9a1000000,0x00007ef9a1000000,0x00007efb0b100000)
  from space 128512K, 86% used [0x00007efb13100000,0x00007efb19de76d0,0x00007efb1ae80000)
  to   space 131072K, 0% used [0x00007efb0b100000,0x00007efb0b100000,0x00007efb13100000)
 ParOldGen       total 25116672K, used 23906933K [0x00007eeaa1000000, 0x00007ef09e000000, 0x00007ef9a1000000)
  object space 25116672K, 95% used [0x00007eeaa1000000,0x00007ef05429d6d0,0x00007ef09e000000)
 Metaspace       used 15075K, capacity 15122K, committed 15360K, reserved 16384K
}

Deoptimization events (10 events):
Event: 3220.173 Thread 0x00007f013000c000 Uncommon trap: reason=bimorphic action=maybe_recompile pc=0x00007f012142d4f0 method=org.eclipse.jdt.internal.compiler.parser.RecoveredType.updatedTypeDeclaration(ILjava/util/Set;)Lorg/eclipse/jdt/internal/compiler/ast/TypeDeclaration; @ 988
Event: 3220.176 Thread 0x00007f013000c000 Uncommon trap: reason=bimorphic action=maybe_recompile pc=0x00007f012142d4f0 method=org.eclipse.jdt.internal.compiler.parser.RecoveredType.updatedTypeDeclaration(ILjava/util/Set;)Lorg/eclipse/jdt/internal/compiler/ast/TypeDeclaration; @ 988
Event: 3263.478 Thread 0x00007f013000c000 Uncommon trap: reason=unstable_if action=reinterpret pc=0x00007f0121c6baa8 method=org.eclipse.jdt.internal.core.util.CommentRecorderParser.checkComment()V @ 206
Event: 3263.478 Thread 0x00007f013000c000 Uncommon trap: reason=unstable_if action=reinterpret pc=0x00007f0121c7722c method=org.eclipse.jdt.internal.core.util.CommentRecorderParser.checkComment()V @ 206
Event: 3284.323 Thread 0x00007f013000c000 Uncommon trap: reason=unstable_if action=reinterpret pc=0x00007f0121e6ad84 method=databaseprocess.CLTFileProcessing.processWithThreads(Ljava/util/HashMap;Ljava/util/LinkedHashSet;Ljava/util/HashMap;Ljava/util/HashMap;Ldatabaseprocess/GlobalInfo;)V @ 471
Event: 3284.324 Thread 0x00007f013000c000 Uncommon trap: reason=unstable_if action=reinterpret pc=0x00007f0121b66d24 method=java.util.ArrayList.isEmpty()Z @ 4
Event: 3284.354 Thread 0x00007f013000c000 Uncommon trap: reason=class_check action=maybe_recompile pc=0x00007f0121c0bd8c method=java.util.ArrayList.remove(Ljava/lang/Object;)Z @ 56
Event: 3284.357 Thread 0x00007f013000c000 Uncommon trap: reason=class_check action=maybe_recompile pc=0x00007f0121c0bd8c method=java.util.ArrayList.remove(Ljava/lang/Object;)Z @ 56
Event: 3284.358 Thread 0x00007f013000c000 Uncommon trap: reason=class_check action=maybe_recompile pc=0x00007f0121c0bd8c method=java.util.ArrayList.remove(Ljava/lang/Object;)Z @ 56
Event: 3284.360 Thread 0x00007f013000c000 Uncommon trap: reason=class_check action=maybe_recompile pc=0x00007f0121c0bd8c method=java.util.ArrayList.remove(Ljava/lang/Object;)Z @ 56

Internal exceptions (10 events):
Event: 3071.775 Thread 0x00007f013000c000 Exception <a 'java/lang/ArrayIndexOutOfBoundsException'> (0x00007efad7a75fa0) thrown at [/RE-WORK/workspace/8-2-build-linux-amd64/jdk8u45/3457/hotspot/src/share/vm/runtime/sharedRuntime.cpp, line 605]
Event: 3071.775 Thread 0x00007f013000c000 Exception <a 'java/lang/ArrayIndexOutOfBoundsException'> (0x00007efad7a76258) thrown at [/RE-WORK/workspace/8-2-build-linux-amd64/jdk8u45/3457/hotspot/src/share/vm/runtime/sharedRuntime.cpp, line 605]
Event: 3072.627 Thread 0x00007f013000c000 Exception <a 'java/lang/ArrayIndexOutOfBoundsException'> (0x00007efaeb746460) thrown at [/RE-WORK/workspace/8-2-build-linux-amd64/jdk8u45/3457/hotspot/src/share/vm/runtime/sharedRuntime.cpp, line 605]
Event: 3072.967 Thread 0x00007f013000c000 Exception <a 'java/lang/ArrayIndexOutOfBoundsException'> (0x00007efaf325a6a8) thrown at [/RE-WORK/workspace/8-2-build-linux-amd64/jdk8u45/3457/hotspot/src/share/vm/runtime/sharedRuntime.cpp, line 605]
Event: 3072.968 Thread 0x00007f013000c000 Exception <a 'java/lang/ArrayIndexOutOfBoundsException'> (0x00007efaf32e7270) thrown at [/RE-WORK/workspace/8-2-build-linux-amd64/jdk8u45/3457/hotspot/src/share/vm/runtime/sharedRuntime.cpp, line 605]
Event: 3073.145 Thread 0x00007f013000c000 Exception <a 'java/lang/ArrayIndexOutOfBoundsException'> (0x00007efaf7fb0978) thrown at [/RE-WORK/workspace/8-2-build-linux-amd64/jdk8u45/3457/hotspot/src/share/vm/runtime/sharedRuntime.cpp, line 605]
Event: 3073.151 Thread 0x00007f013000c000 Exception <a 'java/lang/ArrayIndexOutOfBoundsException'> (0x00007efaf81ba2d0) thrown at [/RE-WORK/workspace/8-2-build-linux-amd64/jdk8u45/3457/hotspot/src/share/vm/runtime/sharedRuntime.cpp, line 605]
Event: 3073.249 Thread 0x00007f013000c000 Exception <a 'java/lang/ArrayIndexOutOfBoundsException'> (0x00007efafb0c6268) thrown at [/RE-WORK/workspace/8-2-build-linux-amd64/jdk8u45/3457/hotspot/src/share/vm/runtime/sharedRuntime.cpp, line 605]
Event: 3073.250 Thread 0x00007f013000c000 Exception <a 'java/lang/ArrayIndexOutOfBoundsException'> (0x00007efafb14e250) thrown at [/RE-WORK/workspace/8-2-build-linux-amd64/jdk8u45/3457/hotspot/src/share/vm/runtime/sharedRuntime.cpp, line 605]
Event: 3284.323 Thread 0x00007f013000c000 Implicit null exception at 0x00007f0121e659c3 to 0x00007f0121e6ad65

Events (10 events):
Event: 3284.357 Thread 0x00007f013000c000 DEOPT PACKING pc=0x00007f0121c0bd8c sp=0x00007f0136b57ec0
Event: 3284.357 Thread 0x00007f013000c000 DEOPT UNPACKING pc=0x00007f0121005229 sp=0x00007f0136b57e88 mode 2
Event: 3284.358 Thread 0x00007f013000c000 Uncommon trap: trap_request=0xffffffde fr.pc=0x00007f0121c0bd8c
Event: 3284.358 Thread 0x00007f013000c000 DEOPT PACKING pc=0x00007f0121c0bd8c sp=0x00007f0136b57ec0
Event: 3284.358 Thread 0x00007f013000c000 DEOPT UNPACKING pc=0x00007f0121005229 sp=0x00007f0136b57e88 mode 2
Event: 3284.360 Thread 0x00007f013000c000 Uncommon trap: trap_request=0xffffffde fr.pc=0x00007f0121c0bd8c
Event: 3284.360 Thread 0x00007f013000c000 DEOPT PACKING pc=0x00007f0121c0bd8c sp=0x00007f0136b57ec0
Event: 3284.360 Thread 0x00007f013000c000 DEOPT UNPACKING pc=0x00007f0121005229 sp=0x00007f0136b57e88 mode 2
Event: 3460.033 Thread 0x00007f013000c000 DEOPT PACKING pc=0x00007f01213cf3e5 sp=0x00007f0136b57f80
Event: 3460.033 Thread 0x00007f013000c000 DEOPT UNPACKING pc=0x00007f0121047633 sp=0x00007f0136b57d80 mode 0


Dynamic libraries:
00400000-00401000 r-xp 00000000 00:22 704545588                          /remote/rs/tien/anhnt/ChangeInference/jdk-8u45-linux-x64/jdk1.8.0_45/bin/java
00600000-00601000 rw-p 00000000 00:22 704545588                          /remote/rs/tien/anhnt/ChangeInference/jdk-8u45-linux-x64/jdk1.8.0_45/bin/java
0094d000-0096e000 rw-p 00000000 00:00 0                                  [heap]
3e61c00000-3e61c20000 r-xp 00000000 08:13 138150267                      /lib64/ld-2.12.so
3e61e1f000-3e61e20000 r--p 0001f000 08:13 138150267                      /lib64/ld-2.12.so
3e61e20000-3e61e21000 rw-p 00020000 08:13 138150267                      /lib64/ld-2.12.so
3e61e21000-3e61e22000 rw-p 00000000 00:00 0 
3e62000000-3e6218a000 r-xp 00000000 08:13 138150273                      /lib64/libc-2.12.so
3e6218a000-3e6238a000 ---p 0018a000 08:13 138150273                      /lib64/libc-2.12.so
3e6238a000-3e6238e000 r--p 0018a000 08:13 138150273                      /lib64/libc-2.12.so
3e6238e000-3e6238f000 rw-p 0018e000 08:13 138150273                      /lib64/libc-2.12.so
3e6238f000-3e62394000 rw-p 00000000 00:00 0 
3e62400000-3e62483000 r-xp 00000000 08:13 138150287                      /lib64/libm-2.12.so
3e62483000-3e62682000 ---p 00083000 08:13 138150287                      /lib64/libm-2.12.so
3e62682000-3e62683000 r--p 00082000 08:13 138150287                      /lib64/libm-2.12.so
3e62683000-3e62684000 rw-p 00083000 08:13 138150287                      /lib64/libm-2.12.so
3e62800000-3e62817000 r-xp 00000000 08:13 138150322                      /lib64/libpthread-2.12.so
3e62817000-3e62a17000 ---p 00017000 08:13 138150322                      /lib64/libpthread-2.12.so
3e62a17000-3e62a18000 r--p 00017000 08:13 138150322                      /lib64/libpthread-2.12.so
3e62a18000-3e62a19000 rw-p 00018000 08:13 138150322                      /lib64/libpthread-2.12.so
3e62a19000-3e62a1d000 rw-p 00000000 00:00 0 
3e62c00000-3e62c02000 r-xp 00000000 08:13 138150081                      /lib64/libdl-2.12.so
3e62c02000-3e62e02000 ---p 00002000 08:13 138150081                      /lib64/libdl-2.12.so
3e62e02000-3e62e03000 r--p 00002000 08:13 138150081                      /lib64/libdl-2.12.so
3e62e03000-3e62e04000 rw-p 00003000 08:13 138150081                      /lib64/libdl-2.12.so
3e63400000-3e63407000 r-xp 00000000 08:13 138150347                      /lib64/librt-2.12.so
3e63407000-3e63606000 ---p 00007000 08:13 138150347                      /lib64/librt-2.12.so
3e63606000-3e63607000 r--p 00006000 08:13 138150347                      /lib64/librt-2.12.so
3e63607000-3e63608000 rw-p 00007000 08:13 138150347                      /lib64/librt-2.12.so
3e64000000-3e64016000 r-xp 00000000 08:13 138150344                      /lib64/libresolv-2.12.so
3e64016000-3e64216000 ---p 00016000 08:13 138150344                      /lib64/libresolv-2.12.so
3e64216000-3e64217000 r--p 00016000 08:13 138150344                      /lib64/libresolv-2.12.so
3e64217000-3e64218000 rw-p 00017000 08:13 138150344                      /lib64/libresolv-2.12.so
3e64218000-3e6421a000 rw-p 00000000 00:00 0 
7ee338000000-7ee339d9f000 rw-p 00000000 00:00 0 
7ee339d9f000-7ee33c000000 ---p 00000000 00:00 0 
7ee340000000-7ee348000000 rw-p 00000000 00:00 0 
7ee348000000-7ee350000000 rw-p 00000000 00:00 0 
7ee350000000-7ee358000000 rw-p 00000000 00:00 0 
7ee358000000-7ee360000000 rw-p 00000000 00:00 0 
7ee360000000-7ee368000000 rw-p 00000000 00:00 0 
7ee368000000-7ee370000000 rw-p 00000000 00:00 0 
7ee370000000-7ee378000000 rw-p 00000000 00:00 0 
7ee378000000-7ee380000000 rw-p 00000000 00:00 0 
7ee380000000-7ee388000000 rw-p 00000000 00:00 0 
7ee388000000-7ee390000000 rw-p 00000000 00:00 0 
7ee390000000-7ee398000000 rw-p 00000000 00:00 0 
7ee398000000-7ee3a0000000 rw-p 00000000 00:00 0 
7ee3a0000000-7ee3a8000000 rw-p 00000000 00:00 0 
7ee3a8000000-7ee3b0000000 rw-p 00000000 00:00 0 
7ee3b0000000-7ee3b8000000 rw-p 00000000 00:00 0 
7ee3b8000000-7ee3c0000000 rw-p 00000000 00:00 0 
7ee3c0000000-7ee3c8000000 rw-p 00000000 00:00 0 
7ee3c8000000-7ee3d0000000 rw-p 00000000 00:00 0 
7ee3d0000000-7ee3d8000000 rw-p 00000000 00:00 0 
7ee3d8000000-7ee3e0000000 rw-p 00000000 00:00 0 
7ee3e0000000-7ee3e8000000 rw-p 00000000 00:00 0 
7ee3e8000000-7ee3f0000000 rw-p 00000000 00:00 0 
7ee3f0000000-7ee3f8000000 rw-p 00000000 00:00 0 
7ee3f8000000-7ee400000000 rw-p 00000000 00:00 0 
7ee400000000-7ee408000000 rw-p 00000000 00:00 0 
7ee408000000-7ee410000000 rw-p 00000000 00:00 0 
7ee410000000-7ee418000000 rw-p 00000000 00:00 0 
7ee418000000-7ee420000000 rw-p 00000000 00:00 0 
7ee420000000-7ee428000000 rw-p 00000000 00:00 0 
7ee428000000-7ee430000000 rw-p 00000000 00:00 0 
7ee430000000-7ee438000000 rw-p 00000000 00:00 0 
7ee438000000-7ee43ffff000 rw-p 00000000 00:00 0 
7ee43ffff000-7ee440000000 ---p 00000000 00:00 0 
7ee440000000-7ee448000000 rw-p 00000000 00:00 0 
7ee448000000-7ee450000000 rw-p 00000000 00:00 0 
7ee450000000-7ee453ffe000 rw-p 00000000 00:00 0 
7ee453ffe000-7ee454000000 ---p 00000000 00:00 0 
7ee454000000-7ee458000000 rw-p 00000000 00:00 0 
7ee458000000-7ee460000000 rw-p 00000000 00:00 0 
7ee460000000-7ee468000000 rw-p 00000000 00:00 0 
7ee468000000-7ee470000000 rw-p 00000000 00:00 0 
7ee470000000-7ee478000000 rw-p 00000000 00:00 0 
7ee478000000-7ee480000000 rw-p 00000000 00:00 0 
7ee480000000-7ee488000000 rw-p 00000000 00:00 0 
7ee488000000-7ee48ffff000 rw-p 00000000 00:00 0 
7ee48ffff000-7ee490000000 ---p 00000000 00:00 0 
7ee490000000-7ee498000000 rw-p 00000000 00:00 0 
7ee498000000-7ee4a0000000 rw-p 00000000 00:00 0 
7ee4a0000000-7ee4a8000000 rw-p 00000000 00:00 0 
7ee4a8000000-7ee4b0000000 rw-p 00000000 00:00 0 
7ee4b0000000-7ee4b8000000 rw-p 00000000 00:00 0 
7ee4b8000000-7ee4c0000000 rw-p 00000000 00:00 0 
7ee4c0000000-7ee4c8000000 rw-p 00000000 00:00 0 
7ee4c8000000-7ee4d0000000 rw-p 00000000 00:00 0 
7ee4d0000000-7ee4d8000000 rw-p 00000000 00:00 0 
7ee4d8000000-7ee4e0000000 rw-p 00000000 00:00 0 
7ee4e0000000-7ee4e8000000 rw-p 00000000 00:00 0 
7ee4e8000000-7ee4effff000 rw-p 00000000 00:00 0 
7ee4effff000-7ee4f0000000 ---p 00000000 00:00 0 
7ee4f0000000-7ee4f8000000 rw-p 00000000 00:00 0 
7ee4f8000000-7ee500000000 rw-p 00000000 00:00 0 
7ee500000000-7ee508000000 rw-p 00000000 00:00 0 
7ee508000000-7ee510000000 rw-p 00000000 00:00 0 
7ee510000000-7ee518000000 rw-p 00000000 00:00 0 
7ee518000000-7ee520000000 rw-p 00000000 00:00 0 
7ee520000000-7ee528000000 rw-p 00000000 00:00 0 
7ee528000000-7ee530000000 rw-p 00000000 00:00 0 
7ee530000000-7ee538000000 rw-p 00000000 00:00 0 
7ee538000000-7ee540000000 rw-p 00000000 00:00 0 
7ee540000000-7ee548000000 rw-p 00000000 00:00 0 
7ee548000000-7ee550000000 rw-p 00000000 00:00 0 
7ee550000000-7ee558000000 rw-p 00000000 00:00 0 
7ee558000000-7ee560000000 rw-p 00000000 00:00 0 
7ee560000000-7ee568000000 rw-p 00000000 00:00 0 
7ee568000000-7ee570000000 rw-p 00000000 00:00 0 
7ee570000000-7ee578000000 rw-p 00000000 00:00 0 
7ee578000000-7ee57bffd000 rw-p 00000000 00:00 0 
7ee57bffd000-7ee57c000000 ---p 00000000 00:00 0 
7ee57c000000-7ee57ffff000 rw-p 00000000 00:00 0 
7ee57ffff000-7ee580000000 ---p 00000000 00:00 0 
7ee580000000-7ee588000000 rw-p 00000000 00:00 0 
7ee588000000-7ee590000000 rw-p 00000000 00:00 0 
7ee590000000-7ee598000000 rw-p 00000000 00:00 0 
7ee598000000-7ee5a0000000 rw-p 00000000 00:00 0 
7ee5a0000000-7ee5a8000000 rw-p 00000000 00:00 0 
7ee5a8000000-7ee5b0000000 rw-p 00000000 00:00 0 
7ee5b0000000-7ee5b8000000 rw-p 00000000 00:00 0 
7ee5b8000000-7ee5c0000000 rw-p 00000000 00:00 0 
7ee5c0000000-7ee5c8000000 rw-p 00000000 00:00 0 
7ee5c8000000-7ee5d0000000 rw-p 00000000 00:00 0 
7ee5d0000000-7ee5d3fff000 rw-p 00000000 00:00 0 
7ee5d3fff000-7ee5d4000000 ---p 00000000 00:00 0 
7ee5d4000000-7ee5d7fff000 rw-p 00000000 00:00 0 
7ee5d7fff000-7ee5d8000000 ---p 00000000 00:00 0 
7ee5d8000000-7ee5e0000000 rw-p 00000000 00:00 0 
7ee5e0000000-7ee5e8000000 rw-p 00000000 00:00 0 
7ee5e8000000-7ee5f0000000 rw-p 00000000 00:00 0 
7ee5f0000000-7ee5f8000000 rw-p 00000000 00:00 0 
7ee5f8000000-7ee600000000 rw-p 00000000 00:00 0 
7ee600000000-7ee608000000 rw-p 00000000 00:00 0 
7ee608000000-7ee610000000 rw-p 00000000 00:00 0 
7ee610000000-7ee618000000 rw-p 00000000 00:00 0 
7ee618000000-7ee620000000 rw-p 00000000 00:00 0 
7ee620000000-7ee628000000 rw-p 00000000 00:00 0 
7ee628000000-7ee630000000 rw-p 00000000 00:00 0 
7ee630000000-7ee638000000 rw-p 00000000 00:00 0 
7ee638000000-7ee640000000 rw-p 00000000 00:00 0 
7ee640000000-7ee648000000 rw-p 00000000 00:00 0 
7ee648000000-7ee650000000 rw-p 00000000 00:00 0 
7ee650000000-7ee658000000 rw-p 00000000 00:00 0 
7ee658000000-7ee660000000 rw-p 00000000 00:00 0 
7ee660000000-7ee668000000 rw-p 00000000 00:00 0 
7ee668000000-7ee670000000 rw-p 00000000 00:00 0 
7ee670000000-7ee678000000 rw-p 00000000 00:00 0 
7ee678000000-7ee67ffff000 rw-p 00000000 00:00 0 
7ee67ffff000-7ee680000000 ---p 00000000 00:00 0 
7ee680000000-7ee688000000 rw-p 00000000 00:00 0 
7ee688000000-7ee690000000 rw-p 00000000 00:00 0 
7ee690000000-7ee698000000 rw-p 00000000 00:00 0 
7ee698000000-7ee69bfff000 rw-p 00000000 00:00 0 
7ee69bfff000-7ee69c000000 ---p 00000000 00:00 0 
7ee69c000000-7ee6a0000000 rw-p 00000000 00:00 0 
7ee6a0000000-7ee6a8000000 rw-p 00000000 00:00 0 
7ee6a8000000-7ee6b0000000 rw-p 00000000 00:00 0 
7ee6b0000000-7ee6b8000000 rw-p 00000000 00:00 0 
7ee6b8000000-7ee6c0000000 rw-p 00000000 00:00 0 
7ee6c0000000-7ee6c8000000 rw-p 00000000 00:00 0 
7ee6c8000000-7ee6d0000000 rw-p 00000000 00:00 0 
7ee6d0000000-7ee6d8000000 rw-p 00000000 00:00 0 
7ee6d8000000-7ee6e0000000 rw-p 00000000 00:00 0 
7ee6e0000000-7ee6e8000000 rw-p 00000000 00:00 0 
7ee6e8000000-7ee6f0000000 rw-p 00000000 00:00 0 
7ee6f0000000-7ee6f8000000 rw-p 00000000 00:00 0 
7ee6f8000000-7ee700000000 rw-p 00000000 00:00 0 
7ee700000000-7ee708000000 rw-p 00000000 00:00 0 
7ee708000000-7ee710000000 rw-p 00000000 00:00 0 
7ee710000000-7ee718000000 rw-p 00000000 00:00 0 
7ee718000000-7ee720000000 rw-p 00000000 00:00 0 
7ee720000000-7ee728000000 rw-p 00000000 00:00 0 
7ee728000000-7ee730000000 rw-p 00000000 00:00 0 
7ee730000000-7ee738000000 rw-p 00000000 00:00 0 
7ee738000000-7ee740000000 rw-p 00000000 00:00 0 
7ee740000000-7ee748000000 rw-p 00000000 00:00 0 
7ee748000000-7ee750000000 rw-p 00000000 00:00 0 
7ee750000000-7ee758000000 rw-p 00000000 00:00 0 
7ee758000000-7ee75ffff000 rw-p 00000000 00:00 0 
7ee75ffff000-7ee760000000 ---p 00000000 00:00 0 
7ee760000000-7ee767fff000 rw-p 00000000 00:00 0 
7ee767fff000-7ee768000000 ---p 00000000 00:00 0 
7ee768000000-7ee770000000 rw-p 00000000 00:00 0 
7ee770000000-7ee778000000 rw-p 00000000 00:00 0 
7ee778000000-7ee780000000 rw-p 00000000 00:00 0 
7ee780000000-7ee788000000 rw-p 00000000 00:00 0 
7ee788000000-7ee790000000 rw-p 00000000 00:00 0 
7ee790000000-7ee798000000 rw-p 00000000 00:00 0 
7ee798000000-7ee7a0000000 rw-p 00000000 00:00 0 
7ee7a0000000-7ee7a8000000 rw-p 00000000 00:00 0 
7ee7a8000000-7ee7b0000000 rw-p 00000000 00:00 0 
7ee7b0000000-7ee7b8000000 rw-p 00000000 00:00 0 
7ee7b8000000-7ee7c0000000 rw-p 00000000 00:00 0 
7ee7c0000000-7ee7c8000000 rw-p 00000000 00:00 0 
7ee7c8000000-7ee7d0000000 rw-p 00000000 00:00 0 
7ee7d0000000-7ee7d8000000 rw-p 00000000 00:00 0 
7ee7d8000000-7ee7dffff000 rw-p 00000000 00:00 0 
7ee7dffff000-7ee7e0000000 ---p 00000000 00:00 0 
7ee7e0000000-7ee7e8000000 rw-p 00000000 00:00 0 
7ee7e8000000-7ee7ebffe000 rw-p 00000000 00:00 0 
7ee7ebffe000-7ee7ec000000 ---p 00000000 00:00 0 
7ee7ec000000-7ee7f0000000 rw-p 00000000 00:00 0 
7ee7f0000000-7ee7f8000000 rw-p 00000000 00:00 0 
7ee7f8000000-7ee7fffff000 rw-p 00000000 00:00 0 
7ee7fffff000-7ee800000000 ---p 00000000 00:00 0 
7ee800000000-7ee808000000 rw-p 00000000 00:00 0 
7ee808000000-7ee810000000 rw-p 00000000 00:00 0 
7ee810000000-7ee818000000 rw-p 00000000 00:00 0 
7ee818000000-7ee81bfff000 rw-p 00000000 00:00 0 
7ee81bfff000-7ee81c000000 ---p 00000000 00:00 0 
7ee81c000000-7ee820000000 rw-p 00000000 00:00 0 
7ee820000000-7ee827fff000 rw-p 00000000 00:00 0 
7ee827fff000-7ee828000000 ---p 00000000 00:00 0 
7ee828000000-7ee830000000 rw-p 00000000 00:00 0 
7ee830000000-7ee838000000 rw-p 00000000 00:00 0 
7ee838000000-7ee840000000 rw-p 00000000 00:00 0 
7ee840000000-7ee848000000 rw-p 00000000 00:00 0 
7ee848000000-7ee850000000 rw-p 00000000 00:00 0 
7ee850000000-7ee858000000 rw-p 00000000 00:00 0 
7ee858000000-7ee860000000 rw-p 00000000 00:00 0 
7ee860000000-7ee868000000 rw-p 00000000 00:00 0 
7ee868000000-7ee870000000 rw-p 00000000 00:00 0 
7ee870000000-7ee878000000 rw-p 00000000 00:00 0 
7ee878000000-7ee880000000 rw-p 00000000 00:00 0 
7ee880000000-7ee883ffd000 rw-p 00000000 00:00 0 
7ee883ffd000-7ee884000000 ---p 00000000 00:00 0 
7ee884000000-7ee888000000 rw-p 00000000 00:00 0 
7ee888000000-7ee890000000 rw-p 00000000 00:00 0 
7ee890000000-7ee898000000 rw-p 00000000 00:00 0 
7ee898000000-7ee8a0000000 rw-p 00000000 00:00 0 
7ee8a0000000-7ee8a3ffe000 rw-p 00000000 00:00 0 
7ee8a3ffe000-7ee8a4000000 ---p 00000000 00:00 0 
7ee8a4000000-7ee8a8000000 rw-p 00000000 00:00 0 
7ee8a8000000-7ee8abff9000 rw-p 00000000 00:00 0 
7ee8abff9000-7ee8ac000000 ---p 00000000 00:00 0 
7ee8ac000000-7ee8b8000000 rw-p 00000000 00:00 0 
7ee8b8000000-7ee8c0000000 rw-p 00000000 00:00 0 
7ee8c0000000-7ee8c117e000 rw-p 00000000 00:00 0 
7ee8c117e000-7ee8c4000000 ---p 00000000 00:00 0 
7ee8c4000000-7ee8c8000000 rw-p 00000000 00:00 0 
7ee8cc000000-7ee8d4000000 rw-p 00000000 00:00 0 
7ee8d4000000-7ee8dc000000 rw-p 00000000 00:00 0 
7ee8e0000000-7ee8e008d000 rw-p 00000000 00:00 0 
7ee8e008d000-7ee8e4000000 ---p 00000000 00:00 0 
7ee8e8000000-7ee8ec000000 rw-p 00000000 00:00 0 
7ee8f0000000-7ee8f4000000 rw-p 00000000 00:00 0 
7ee8f8000000-7ee8f8021000 rw-p 00000000 00:00 0 
7ee8f8021000-7ee8fc000000 ---p 00000000 00:00 0 
7ee8fc000000-7ee8fc021000 rw-p 00000000 00:00 0 
7ee8fc021000-7ee900000000 ---p 00000000 00:00 0 
7ee900000000-7ee900c59000 rw-p 00000000 00:00 0 
7ee900c59000-7ee904000000 ---p 00000000 00:00 0 
7ee904000000-7ee904d27000 rw-p 00000000 00:00 0 
7ee904d27000-7ee908000000 ---p 00000000 00:00 0 
7ee908000000-7ee9085ef000 rw-p 00000000 00:00 0 
7ee9085ef000-7ee90c000000 ---p 00000000 00:00 0 
7ee90c000000-7ee90c936000 rw-p 00000000 00:00 0 
7ee90c936000-7ee910000000 ---p 00000000 00:00 0 
7ee910000000-7ee9118d1000 rw-p 00000000 00:00 0 
7ee9118d1000-7ee914000000 ---p 00000000 00:00 0 
7ee914000000-7ee9158be000 rw-p 00000000 00:00 0 
7ee9158be000-7ee918000000 ---p 00000000 00:00 0 
7ee918000000-7ee919527000 rw-p 00000000 00:00 0 
7ee919527000-7ee91c000000 ---p 00000000 00:00 0 
7ee91c000000-7ee91d0ae000 rw-p 00000000 00:00 0 
7ee91d0ae000-7ee920000000 ---p 00000000 00:00 0 
7ee920000000-7ee92152d000 rw-p 00000000 00:00 0 
7ee92152d000-7ee924000000 ---p 00000000 00:00 0 
7ee924000000-7ee925aac000 rw-p 00000000 00:00 0 
7ee925aac000-7ee928000000 ---p 00000000 00:00 0 
7ee928000000-7ee9293f6000 rw-p 00000000 00:00 0 
7ee9293f6000-7ee92c000000 ---p 00000000 00:00 0 
7ee92c000000-7ee92d8a6000 rw-p 00000000 00:00 0 
7ee92d8a6000-7ee930000000 ---p 00000000 00:00 0 
7ee930000000-7ee930021000 rw-p 00000000 00:00 0 
7ee930021000-7ee934000000 ---p 00000000 00:00 0 
7ee93616f000-7ee93c000000 r--p 00000000 08:13 37770718                   /usr/lib/locale/locale-archive
7ee93c000000-7ee93c021000 rw-p 00000000 00:00 0 
7ee93c021000-7ee940000000 ---p 00000000 00:00 0 
7ee940000000-7ee940021000 rw-p 00000000 00:00 0 
7ee940021000-7ee944000000 ---p 00000000 00:00 0 
7ee944000000-7ee944021000 rw-p 00000000 00:00 0 
7ee944021000-7ee948000000 ---p 00000000 00:00 0 
7ee948c00000-7eea08000000 rw-p 00000000 00:00 0 
7eea08000000-7eea09d91000 rw-p 00000000 00:00 0 
7eea09d91000-7eea0c000000 ---p 00000000 00:00 0 
7eea10000000-7eea14000000 rw-p 00000000 00:00 0 
7eea18000000-7eea1c000000 rw-p 00000000 00:00 0 
7eea20000000-7eea24000000 rw-p 00000000 00:00 0 
7eea28000000-7eea2809d000 rw-p 00000000 00:00 0 
7eea2809d000-7eea2c000000 ---p 00000000 00:00 0 
7eea30000000-7eea30077000 rw-p 00000000 00:00 0 
7eea30077000-7eea34000000 ---p 00000000 00:00 0 
7eea38000000-7eea3c000000 rw-p 00000000 00:00 0 
7eea40000000-7eea44000000 rw-p 00000000 00:00 0 
7eea48000000-7eea480b7000 rw-p 00000000 00:00 0 
7eea480b7000-7eea4c000000 ---p 00000000 00:00 0 
7eea50000000-7eea51e4e000 rw-p 00000000 00:00 0 
7eea51e4e000-7eea54000000 ---p 00000000 00:00 0 
7eea58000000-7eea5c000000 rw-p 00000000 00:00 0 
7eea60000000-7eea60069000 rw-p 00000000 00:00 0 
7eea60069000-7eea64000000 ---p 00000000 00:00 0 
7eea68000000-7eea6c000000 rw-p 00000000 00:00 0 
7eea70000000-7eea716ba000 rw-p 00000000 00:00 0 
7eea716ba000-7eea74000000 ---p 00000000 00:00 0 
7eea761fd000-7eea771fe000 rw-p 00000000 00:00 0 
7eea77e00000-7eea77f00000 rw-p 00000000 00:00 0 
7eea77f00000-7eea78000000 ---p 00000000 00:00 0 
7eea78000000-7eea78092000 rw-p 00000000 00:00 0 
7eea78092000-7eea7c000000 ---p 00000000 00:00 0 
7eea7c0d4000-7eea7c3d4000 rw-p 00000000 00:00 0 
7eea7c3d4000-7eea7c5d4000 rw-p 00000000 00:00 0 
7eea7c5d4000-7eea7c7d4000 rw-p 00000000 00:00 0 
7eea7c7d4000-7eea7c7d7000 r--s 0001a000 00:22 704545529                  /remote/rs/tien/anhnt/ChangeInference/jdk-8u45-linux-x64/jdk1.8.0_45/jre/lib/jce.jar
7eea7c7d7000-7eea7c7dc000 r--s 00094000 00:22 704545404                  /remote/rs/tien/anhnt/ChangeInference/jdk-8u45-linux-x64/jdk1.8.0_45/jre/lib/jsse.jar
7eea7c7dc000-7eea7c8a0000 r-xp 00000000 00:22 706542187                  /remote/rs/tien/anhnt/TextToCode/workspace1/MyStackOverflow/libs/libsqlite4java-linux-amd64.so
7eea7c8a0000-7eea7caa0000 ---p 000c4000 00:22 706542187                  /remote/rs/tien/anhnt/TextToCode/workspace1/MyStackOverflow/libs/libsqlite4java-linux-amd64.so
7eea7caa0000-7eea7caa2000 r--p 000c4000 00:22 706542187                  /remote/rs/tien/anhnt/TextToCode/workspace1/MyStackOverflow/libs/libsqlite4java-linux-amd64.so
7eea7caa2000-7eea7caa5000 rw-p 000c6000 00:22 706542187                  /remote/rs/tien/anhnt/TextToCode/workspace1/MyStackOverflow/libs/libsqlite4java-linux-amd64.so
7eea7caa5000-7eea7cab7000 r--s 00114000 00:22 704837562                  /remote/rs/tien/anhnt/TextToCode/workspace1/StackOverflowMain/libs/berkeleyaligner.jar
7eea7cab7000-7eea7cac2000 r--s 00116000 00:22 704545502                  /remote/rs/tien/anhnt/ChangeInference/jdk-8u45-linux-x64/jdk1.8.0_45/jre/lib/ext/localedata.jar
7eea7cac2000-7eea7cade000 r--s 00393000 00:22 704545504                  /remote/rs/tien/anhnt/ChangeInference/jdk-8u45-linux-x64/jdk1.8.0_45/jre/lib/ext/cldrdata.jar
7eea7cade000-7eea7cae1000 r--s 0001e000 00:22 706542194                  /remote/rs/tien/anhnt/TextToCode/workspace1/MyStackOverflow/libs/sqlite4java.jar
7eea7cae1000-7eea7caf5000 r--s 00121000 00:22 704527013                  /remote/rs/tien/anhnt/TextToCode/eclipse/plugins/org.eclipse.osgi_3.10.1.v20140909-1633.jar
7eea7caf5000-7eea7cb14000 r--s 001b3000 00:22 704531645                  /remote/rs/tien/anhnt/TextToCode/eclipse/plugins/org.eclipse.jgit_3.4.1.201406201815-r.jar
7eea7cb14000-7eea7cb41000 r--s 00522000 00:22 704531535                  /remote/rs/tien/anhnt/TextToCode/eclipse/plugins/org.eclipse.jdt.core_3.10.0.v20140902-0626.jar
7eea7cb41000-7eea7cb45000 r--s 0001c000 00:22 704531553                  /remote/rs/tien/anhnt/TextToCode/eclipse/plugins/org.eclipse.equinox.preferences_3.5.200.v20140224-1527.jar
7eea7cb45000-7eea7cb48000 r--s 00018000 00:22 704528916                  /remote/rs/tien/anhnt/TextToCode/eclipse/plugins/org.eclipse.equinox.common_3.6.200.v20130402-1505.jar
7eea7cb48000-7eea7cb4a000 r--s 00011000 00:22 704527679                  /remote/rs/tien/anhnt/TextToCode/eclipse/plugins/org.eclipse.core.runtime_3.10.0.v20140318-2214.jar
7eea7cb4a000-7eea7cb55000 r--s 000c1000 00:22 704531606                  /remote/rs/tien/anhnt/TextToCode/eclipse/plugins/org.eclipse.core.resources_3.9.1.v20140825-1431.jar
7eea7cb55000-7eea7cb57000 r--s 00016000 00:22 704531604                  /remote/rs/tien/anhnt/TextToCode/eclipse/plugins/org.eclipse.core.jobs_3.6.0.v20140424-0053.jar
7eea7cb57000-7eea7cb59000 r--s 00015000 00:22 704528908                  /remote/rs/tien/anhnt/TextToCode/eclipse/plugins/org.eclipse.core.contenttype_3.4.200.v20140207-1251.jar
7eea7cb59000-7eea7cb5f000 r--s 00047000 00:22 706517876                  /remote/rs/tien/anhnt/TextToCode/workspace1/MyStackOverflow/libs/jsoup-1.8.2.jar
7eea7cb5f000-7eea7cb61000 r--s 0007f000 00:22 706517600                  /remote/rs/tien/anhnt/TextToCode/workspace1/MyStackOverflow/libs/snappy-java-1.1.0-M4.jar
7eea7cb61000-7eea7cb6e000 r--s 00075000 00:22 704564183                  /remote/rs/tien/anhnt/GATE_Developer_8.1/lib/xstream-1.4.7.jar
7eea7cb6e000-7eea7cb71000 r--s 0001b000 00:22 704564182                  /remote/rs/tien/anhnt/GATE_Developer_8.1/lib/xpp3-1.1.4c.jar
7eea7cb71000-7eea7cb73000 r--s 00016000 00:22 704564181                  /remote/rs/tien/anhnt/GATE_Developer_8.1/lib/xmlunit-1.5.jar
7eea7cb73000-7eea7cbb1000 r--s 0025d000 00:22 704564180                  /remote/rs/tien/anhnt/GATE_Developer_8.1/lib/xmlbeans-2.6.0.jar
7eea7cbb1000-7eea7cbc9000 r--s 00115000 00:22 704564179                  /remote/rs/tien/anhnt/GATE_Developer_8.1/lib/xercesImpl-2.9.1.jar
7eea7cbc9000-7eea7cbcf000 r--s 00072000 00:22 704564178                  /remote/rs/tien/anhnt/GATE_Developer_8.1/lib/woodstox-core-lgpl-4.2.0.jar
7eea7cbcf000-7eea7cbd8000 r--s 00086000 00:22 704564170                  /remote/rs/tien/anhnt/GATE_Developer_8.1/lib/tika-parsers-1.7.jar
7eea7cbd8000-7eea7cbdf000 r--s 0007a000 00:22 704564169                  /remote/rs/tien/anhnt/GATE_Developer_8.1/lib/tika-core-1.7.jar
7eea7cbdf000-7eea7cbe3000 r--s 00029000 00:22 704564168                  /remote/rs/tien/anhnt/GATE_Developer_8.1/lib/stax2-api-3.1.1.jar
7eea7cbe3000-7eea7cbe9000 r--s 00040000 00:22 704564167                  /remote/rs/tien/anhnt/GATE_Developer_8.1/lib/spring-core-2.5.6.SEC01.jar
7eea7cbe9000-7eea7cbf3000 r--s 0006e000 00:22 704564166                  /remote/rs/tien/anhnt/GATE_Developer_8.1/lib/spring-beans-2.5.6.SEC01.jar
7eea7cbf3000-7eea7cbfb000 r--s 00048000 00:22 704564165                  /remote/rs/tien/anhnt/GATE_Developer_8.1/lib/spring-aop-2.5.6.SEC01.jar
7eea7cbfb000-7eea7cc0b000 r--s 0012b000 00:22 704564164                  /remote/rs/tien/anhnt/GATE_Developer_8.1/lib/poi-scratchpad-3.11.jar
7eea7cc0b000-7eea7ccc3000 r--s 0049f000 00:22 704564163                  /remote/rs/tien/anhnt/GATE_Developer_8.1/lib/poi-ooxml-schemas-3.11.jar
7eea7ccc3000-7eea7ccd2000 r--s 00119000 00:22 704564162                  /remote/rs/tien/anhnt/GATE_Developer_8.1/lib/poi-ooxml-3.11.jar
7eea7ccd2000-7eea7ccf4000 r--s 001da000 00:22 704564161                  /remote/rs/tien/anhnt/GATE_Developer_8.1/lib/poi-3.11.jar
7eea7ccf4000-7eea7cd0c000 r--s 003cc000 00:22 704564160                  /remote/rs/tien/anhnt/GATE_Developer_8.1/lib/pdfbox-1.8.8.jar
7eea7cd0c000-7eea7cd0f000 r--s 0001c000 00:22 704564159                  /remote/rs/tien/anhnt/GATE_Developer_8.1/lib/nekohtml-1.9.14.jar
7eea7cd0f000-7eea7cd18000 r--s 0006f000 00:22 704564158                  /remote/rs/tien/anhnt/GATE_Developer_8.1/lib/log4j-1.2.17.jar
7eea7cd18000-7eea7cd1e000 r--s 00036000 00:22 704564157                  /remote/rs/tien/anhnt/GATE_Developer_8.1/lib/junit-4.11.jar
7eea7cd1e000-7eea7cd2d000 r--s 00081000 00:22 704564156                  /remote/rs/tien/anhnt/GATE_Developer_8.1/lib/joda-time-2.6.jar
7eea7cd2d000-7eea7cd2f000 r--s 0000b000 00:22 704564155                  /remote/rs/tien/anhnt/GATE_Developer_8.1/lib/jempbox-1.8.8.jar
7eea7cd2f000-7eea7cd31000 r--s 00023000 00:22 704564154                  /remote/rs/tien/anhnt/GATE_Developer_8.1/lib/jdom-1.1.3.jar
7eea7cd31000-7eea7cd37000 r--s 00033000 00:22 704564153                  /remote/rs/tien/anhnt/GATE_Developer_8.1/lib/jaxen-1.1.6.jar
7eea7cd37000-7eea7cd48000 r--s 000cf000 00:22 704564151                  /remote/rs/tien/anhnt/GATE_Developer_8.1/lib/jackson-databind-2.3.2.jar
7eea7cd48000-7eea7cd4b000 r--s 0002e000 00:22 704564150                  /remote/rs/tien/anhnt/GATE_Developer_8.1/lib/jackson-core-2.3.2.jar
7eea7cd4b000-7eea7cd4d000 r--s 00007000 00:22 704564149                  /remote/rs/tien/anhnt/GATE_Developer_8.1/lib/jackson-annotations-2.3.0.jar
7eea7cd4d000-7eea7cd62000 r--s 00116000 00:22 704564147                  /remote/rs/tien/anhnt/GATE_Developer_8.1/lib/ivy-2.3.0.jar
7eea7cd62000-7eea7cd64000 r--s 00009000 00:22 704564146                  /remote/rs/tien/anhnt/GATE_Developer_8.1/lib/hamcrest-core-1.3.jar
7eea7cd64000-7eea7cd65000 ---p 00000000 00:00 0 
7eea7cd65000-7eea7ce65000 rw-p 00000000 00:00 0 
7eea7ce65000-7eea7ce68000 ---p 00000000 00:00 0 
7eea7ce68000-7eea7cf66000 rw-p 00000000 00:00 0 
7eea7cf66000-7eea7cf69000 ---p 00000000 00:00 0 
7eea7cf69000-7eea7d067000 rw-p 00000000 00:00 0 
7eea7d067000-7eea7d06a000 ---p 00000000 00:00 0 
7eea7d06a000-7eea7d168000 rw-p 00000000 00:00 0 
7eea7d168000-7eea7d16b000 ---p 00000000 00:00 0 
7eea7d16b000-7eea7d269000 rw-p 00000000 00:00 0 
7eea7d269000-7eea7d26c000 ---p 00000000 00:00 0 
7eea7d26c000-7eea7d36a000 rw-p 00000000 00:00 0 
7eea7d36a000-7eea7d36d000 ---p 00000000 00:00 0 
7eea7d36d000-7eea7d46b000 rw-p 00000000 00:00 0 
7eea7d46b000-7eea7d46e000 ---p 00000000 00:00 0 
7eea7d46e000-7eea7d56c000 rw-p 00000000 00:00 0 
7eea7d56c000-7eea7d56f000 ---p 00000000 00:00 0 
7eea7d56f000-7eea7d66d000 rw-p 00000000 00:00 0 
7eea7d66d000-7eea7d670000 ---p 00000000 00:00 0 
7eea7d670000-7eea7d76e000 rw-p 00000000 00:00 0 
7eea7d76e000-7eea7d771000 ---p 00000000 00:00 0 
7eea7d771000-7eea7d86f000 rw-p 00000000 00:00 0 
7eea7d86f000-7eea7d872000 ---p 00000000 00:00 0 
7eea7d872000-7eea7d970000 rw-p 00000000 00:00 0 
7eea7d970000-7eea7d973000 ---p 00000000 00:00 0 
7eea7d973000-7eea7da71000 rw-p 00000000 00:00 0 
7eea7da71000-7eea7da74000 ---p 00000000 00:00 0 
7eea7da74000-7eea7db72000 rw-p 00000000 00:00 0 
7eea7db72000-7eea7db75000 ---p 00000000 00:00 0 
7eea7db75000-7eea7dc73000 rw-p 00000000 00:00 0 
7eea7dc73000-7eea7dc76000 ---p 00000000 00:00 0 
7eea7dc76000-7eea7dd74000 rw-p 00000000 00:00 0 
7eea7dd74000-7eea7dd77000 ---p 00000000 00:00 0 
7eea7dd77000-7eea7de75000 rw-p 00000000 00:00 0 
7eea7de75000-7eea7de76000 ---p 00000000 00:00 0 
7eea7de76000-7eea80000000 rw-p 00000000 00:00 0 
7eea80000000-7eea800e4000 rw-p 00000000 00:00 0 
7eea800e4000-7eea84000000 ---p 00000000 00:00 0 
7eea84000000-7eea84b79000 rw-p 00000000 00:00 0 
7eea84b79000-7eea88000000 ---p 00000000 00:00 0 
7eea88000000-7eea88c33000 rw-p 00000000 00:00 0 
7eea88c33000-7eea8c000000 ---p 00000000 00:00 0 
7eea8c000000-7eea8c014000 r--s 0021c000 00:22 704564145                  /remote/rs/tien/anhnt/GATE_Developer_8.1/lib/gate-compiler-jdt-4.3.2-P20140317-1600.jar
7eea8c014000-7eea8c019000 r--s 00037000 00:22 704564144                  /remote/rs/tien/anhnt/GATE_Developer_8.1/lib/gate-asm-5.0.3.jar
7eea8c019000-7eea8c01d000 r--s 00032000 00:22 704564143                  /remote/rs/tien/anhnt/GATE_Developer_8.1/lib/fontbox-1.8.8.jar
7eea8c01d000-7eea8c02f000 r--s 000fd000 00:22 704564142                  /remote/rs/tien/anhnt/GATE_Developer_8.1/lib/flying-saucer-core-9.0.4.jar
7eea8c02f000-7eea8c031000 r--s 0000e000 00:22 704564141                  /remote/rs/tien/anhnt/GATE_Developer_8.1/lib/commons-logging-1.1.3.jar
7eea8c031000-7eea8c036000 r--s 00041000 00:22 704564140                  /remote/rs/tien/anhnt/GATE_Developer_8.1/lib/commons-lang-2.6.jar
7eea8c036000-7eea8c03a000 r--s 0002a000 00:22 704564139                  /remote/rs/tien/anhnt/GATE_Developer_8.1/lib/commons-io-2.4.jar
7eea8c03a000-7eea8c041000 r--s 00053000 00:22 704564138                  /remote/rs/tien/anhnt/GATE_Developer_8.1/lib/commons-compress-1.8.1.jar
7eea8c041000-7eea8c048000 r--s 0003a000 00:22 704564137                  /remote/rs/tien/anhnt/GATE_Developer_8.1/lib/commons-codec-1.9.jar
7eea8c048000-7eea8c06d000 r--s 00172000 00:22 704564136                  /remote/rs/tien/anhnt/GATE_Developer_8.1/lib/bcprov-jdk15-1.45.jar
7eea8c06d000-7eea8c072000 r--s 00033000 00:22 704564135                  /remote/rs/tien/anhnt/GATE_Developer_8.1/lib/bcmail-jdk15-1.45.jar
7eea8c072000-7eea8c079000 r--s 00044000 00:22 704564134                  /remote/rs/tien/anhnt/GATE_Developer_8.1/lib/apache-mime4j-dom-0.7.2.jar
7eea8c079000-7eea8c07c000 r--s 00015000 00:22 704564133                  /remote/rs/tien/anhnt/GATE_Developer_8.1/lib/apache-mime4j-core-0.7.2.jar
7eea8c07c000-7eea8c0af000 r--s 00378000 00:22 704827651                  /remote/rs/tien/anhnt/TextToCode/workspace1/StackOverflowMain/libs/gate.jar
7eea8c0af000-7eea8e3ff000 rw-p 00000000 00:00 0 
7eea8e3ff000-7eea913e7000 rw-p 00000000 00:00 0 
7eea913e7000-7eea95bff000 ---p 00000000 00:00 0 
7eea95bff000-7eea98be7000 rw-p 00000000 00:00 0 
7eea98be7000-7eea9d3ff000 ---p 00000000 00:00 0 
7eea9d3ff000-7eea9dfd0000 rw-p 00000000 00:00 0 
7eea9dfd0000-7eeaa0fff000 ---p 00000000 00:00 0 
7eeaa0fff000-7ef09e000000 rw-p 00000000 00:00 0 
7ef09e000000-7ef9a1000000 ---p 00000000 00:00 0 
7ef9a1000000-7efb1b180000 rw-p 00000000 00:00 0 
7efb1b180000-7f0121000000 ---p 00000000 00:00 0 
7f0121000000-7f0122210000 rwxp 00000000 00:00 0 
7f0122210000-7f0130000000 ---p 00000000 00:00 0 
7f0130000000-7f0134000000 rw-p 00000000 00:00 0 
7f0134000000-7f0134001000 r--s 0000e000 00:22 704564152                  /remote/rs/tien/anhnt/GATE_Developer_8.1/lib/java-getopt-1.0.13.jar
7f0134001000-7f0134003000 r--s 00000000 00:22 704564132                  /remote/rs/tien/anhnt/GATE_Developer_8.1/lib/aopalliance-1.0.jar
7f0134003000-7f0134024000 rw-p 00000000 00:00 0 
7f0134024000-7f01341fd000 r--s 03d09000 00:22 704545406                  /remote/rs/tien/anhnt/ChangeInference/jdk-8u45-linux-x64/jdk1.8.0_45/jre/lib/rt.jar
7f01341fd000-7f01349fe000 rw-p 00000000 00:00 0 
7f01349fe000-7f01349ff000 ---p 00000000 00:00 0 
7f01349ff000-7f0134aff000 rw-p 00000000 00:00 0 
7f0134aff000-7f0134b00000 ---p 00000000 00:00 0 
7f0134b00000-7f0134c00000 rw-p 00000000 00:00 0 
7f0134c00000-7f0134c01000 ---p 00000000 00:00 0 
7f0134c01000-7f0134d01000 rw-p 00000000 00:00 0 
7f0134d01000-7f0134d02000 ---p 00000000 00:00 0 
7f0134d02000-7f0134e02000 rw-p 00000000 00:00 0 
7f0134e02000-7f0134e03000 ---p 00000000 00:00 0 
7f0134e03000-7f0134f03000 rw-p 00000000 00:00 0 
7f0134f03000-7f0134f04000 ---p 00000000 00:00 0 
7f0134f04000-7f0135004000 rw-p 00000000 00:00 0 
7f0135004000-7f0135005000 ---p 00000000 00:00 0 
7f0135005000-7f0135105000 rw-p 00000000 00:00 0 
7f0135105000-7f0135106000 ---p 00000000 00:00 0 
7f0135106000-7f0135206000 rw-p 00000000 00:00 0 
7f0135206000-7f0135207000 ---p 00000000 00:00 0 
7f0135207000-7f0135307000 rw-p 00000000 00:00 0 
7f0135307000-7f0135308000 ---p 00000000 00:00 0 
7f0135308000-7f0135408000 rw-p 00000000 00:00 0 
7f0135408000-7f0135409000 ---p 00000000 00:00 0 
7f0135409000-7f0135509000 rw-p 00000000 00:00 0 
7f0135509000-7f013550a000 ---p 00000000 00:00 0 
7f013550a000-7f013560a000 rw-p 00000000 00:00 0 
7f013560a000-7f013560b000 ---p 00000000 00:00 0 
7f013560b000-7f013570b000 rw-p 00000000 00:00 0 
7f013570b000-7f013570c000 ---p 00000000 00:00 0 
7f013570c000-7f013580c000 rw-p 00000000 00:00 0 
7f013580c000-7f013580d000 ---p 00000000 00:00 0 
7f013580d000-7f013590d000 rw-p 00000000 00:00 0 
7f013590d000-7f013590e000 ---p 00000000 00:00 0 
7f013590e000-7f0135a0e000 rw-p 00000000 00:00 0 
7f0135a0e000-7f0135a0f000 ---p 00000000 00:00 0 
7f0135a0f000-7f0135b0f000 rw-p 00000000 00:00 0 
7f0135b0f000-7f0135b10000 ---p 00000000 00:00 0 
7f0135b10000-7f0135c59000 rw-p 00000000 00:00 0 
7f0135c59000-7f0135fd0000 ---p 00000000 00:00 0 
7f0135fd0000-7f0135fea000 r-xp 00000000 00:22 704545430                  /remote/rs/tien/anhnt/ChangeInference/jdk-8u45-linux-x64/jdk1.8.0_45/jre/lib/amd64/libzip.so
7f0135fea000-7f01361ea000 ---p 0001a000 00:22 704545430                  /remote/rs/tien/anhnt/ChangeInference/jdk-8u45-linux-x64/jdk1.8.0_45/jre/lib/amd64/libzip.so
7f01361ea000-7f01361eb000 rw-p 0001a000 00:22 704545430                  /remote/rs/tien/anhnt/ChangeInference/jdk-8u45-linux-x64/jdk1.8.0_45/jre/lib/amd64/libzip.so
7f01361eb000-7f01361ef000 r-xp 00000000 08:13 138150000                  /lib64/libnss_hesiod-2.12.so
7f01361ef000-7f01363ee000 ---p 00004000 08:13 138150000                  /lib64/libnss_hesiod-2.12.so
7f01363ee000-7f01363ef000 r--p 00003000 08:13 138150000                  /lib64/libnss_hesiod-2.12.so
7f01363ef000-7f01363f0000 rw-p 00004000 08:13 138150000                  /lib64/libnss_hesiod-2.12.so
7f01363f0000-7f01363fc000 r-xp 00000000 08:13 138149981                  /lib64/libnss_files-2.12.so
7f01363fc000-7f01365fc000 ---p 0000c000 08:13 138149981                  /lib64/libnss_files-2.12.so
7f01365fc000-7f01365fd000 r--p 0000c000 08:13 138149981                  /lib64/libnss_files-2.12.so
7f01365fd000-7f01365fe000 rw-p 0000d000 08:13 138149981                  /lib64/libnss_files-2.12.so
7f01365fe000-7f01365ff000 r--s 00004000 00:22 704564131                  /remote/rs/tien/anhnt/GATE_Developer_8.1/lib/ant-launcher-1.9.3.jar
7f01365ff000-7f013661e000 r--s 001cc000 00:22 704564130                  /remote/rs/tien/anhnt/GATE_Developer_8.1/lib/ant-1.9.3.jar
7f013661e000-7f0136648000 r-xp 00000000 00:22 704545423                  /remote/rs/tien/anhnt/ChangeInference/jdk-8u45-linux-x64/jdk1.8.0_45/jre/lib/amd64/libjava.so
7f0136648000-7f0136848000 ---p 0002a000 00:22 704545423                  /remote/rs/tien/anhnt/ChangeInference/jdk-8u45-linux-x64/jdk1.8.0_45/jre/lib/amd64/libjava.so
7f0136848000-7f013684a000 rw-p 0002a000 00:22 704545423                  /remote/rs/tien/anhnt/ChangeInference/jdk-8u45-linux-x64/jdk1.8.0_45/jre/lib/amd64/libjava.so
7f013684a000-7f0136857000 r-xp 00000000 00:22 704545464                  /remote/rs/tien/anhnt/ChangeInference/jdk-8u45-linux-x64/jdk1.8.0_45/jre/lib/amd64/libverify.so
7f0136857000-7f0136a57000 ---p 0000d000 00:22 704545464                  /remote/rs/tien/anhnt/ChangeInference/jdk-8u45-linux-x64/jdk1.8.0_45/jre/lib/amd64/libverify.so
7f0136a57000-7f0136a59000 rw-p 0000d000 00:22 704545464                  /remote/rs/tien/anhnt/ChangeInference/jdk-8u45-linux-x64/jdk1.8.0_45/jre/lib/amd64/libverify.so
7f0136a59000-7f0136a5c000 ---p 00000000 00:00 0 
7f0136a5c000-7f0136b5a000 rw-p 00000000 00:00 0 
7f0136b5a000-7f0137808000 r-xp 00000000 00:22 704545469                  /remote/rs/tien/anhnt/ChangeInference/jdk-8u45-linux-x64/jdk1.8.0_45/jre/lib/amd64/server/libjvm.so
7f0137808000-7f0137a07000 ---p 00cae000 00:22 704545469                  /remote/rs/tien/anhnt/ChangeInference/jdk-8u45-linux-x64/jdk1.8.0_45/jre/lib/amd64/server/libjvm.so
7f0137a07000-7f0137ade000 rw-p 00cad000 00:22 704545469                  /remote/rs/tien/anhnt/ChangeInference/jdk-8u45-linux-x64/jdk1.8.0_45/jre/lib/amd64/server/libjvm.so
7f0137ade000-7f0137b25000 rw-p 00000000 00:00 0 
7f0137b25000-7f0137b3a000 r-xp 00000000 00:22 704545741                  /remote/rs/tien/anhnt/ChangeInference/jdk-8u45-linux-x64/jdk1.8.0_45/lib/amd64/jli/libjli.so
7f0137b3a000-7f0137d3a000 ---p 00015000 00:22 704545741                  /remote/rs/tien/anhnt/ChangeInference/jdk-8u45-linux-x64/jdk1.8.0_45/lib/amd64/jli/libjli.so
7f0137d3a000-7f0137d3b000 rw-p 00015000 00:22 704545741                  /remote/rs/tien/anhnt/ChangeInference/jdk-8u45-linux-x64/jdk1.8.0_45/lib/amd64/jli/libjli.so
7f0137d3b000-7f0137d3c000 rw-p 00000000 00:00 0 
7f0137d3c000-7f0137d44000 r--s 00061000 00:22 704827653                  /remote/rs/tien/anhnt/TextToCode/workspace1/StackOverflowMain/libs/org.apache.log4j_1.2.15.v201012070815.jar
7f0137d44000-7f0137d46000 r--s 0007f000 00:22 704827654                  /remote/rs/tien/anhnt/TextToCode/workspace1/StackOverflowMain/libs/snappy-java-1.1.0-M4.jar
7f0137d46000-7f0137d48000 r--s 00009000 00:22 704827993                  /remote/rs/tien/anhnt/TextToCode/workspace1/stackoverflow-java-sdk/dev-lib/commons-cli-1.2.jar
7f0137d48000-7f0137d4c000 r--s 00025000 00:22 704827997                  /remote/rs/tien/anhnt/TextToCode/workspace1/stackoverflow-java-sdk/lib/gson-1.4.jar
7f0137d4c000-7f0137d52000 r--s 0002b000 00:22 704827994                  /remote/rs/tien/anhnt/TextToCode/workspace1/stackoverflow-java-sdk/dev-lib/junit-4.5.jar
7f0137d52000-7f0137d5a000 rw-s 00000000 08:13 68163245                   /tmp/hsperfdata_anhnt/47296
7f0137d5a000-7f0137d5b000 rw-p 00000000 00:00 0 
7f0137d5b000-7f0137d5c000 r--p 00000000 00:00 0 
7f0137d5c000-7f0137d5d000 rw-p 00000000 00:00 0 
7fff850a7000-7fff850bd000 rw-p 00000000 00:00 0                          [stack]
7fff851ff000-7fff85200000 r-xp 00000000 00:00 0                          [vdso]
ffffffffff600000-ffffffffff601000 r-xp 00000000 00:00 0                  [vsyscall]

VM Arguments:
jvm_args: -Xmx90g -Dfile.encoding=UTF-8 
java_command: databaseprocess.CLTFileProcessing
java_class_path (initial): /remote/rs/tien/anhnt/TextToCode/workspace1/StackOverflowMain/bin:/remote/rs/tien/anhnt/TextToCode/workspace1/stackoverflow-java-sdk/bin:/remote/rs/tien/anhnt/TextToCode/workspace1/stackoverflow-java-sdk/dev-lib/junit-4.5.jar:/remote/rs/tien/anhnt/TextToCode/workspace1/stackoverflow-java-sdk/lib/gson-1.4.jar:/remote/rs/tien/anhnt/TextToCode/workspace1/stackoverflow-java-sdk/dev-lib/commons-cli-1.2.jar:/remote/rs/tien/anhnt/TextToCode/workspace1/StackOverflowMain/libs/snappy-java-1.1.0-M4.jar:/remote/rs/tien/anhnt/TextToCode/workspace1/StackOverflowMain/libs/gate.jar:/remote/rs/tien/anhnt/TextToCode/workspace1/StackOverflowMain/libs/org.apache.log4j_1.2.15.v201012070815.jar:/remote/rs/tien/anhnt/GATE_Developer_8.1/lib/ant-1.9.3.jar:/remote/rs/tien/anhnt/GATE_Developer_8.1/lib/ant-launcher-1.9.3.jar:/remote/rs/tien/anhnt/GATE_Developer_8.1/lib/aopalliance-1.0.jar:/remote/rs/tien/anhnt/GATE_Developer_8.1/lib/apache-mime4j-core-0.7.2.jar:/remote/rs/tien/anhnt/GATE_Developer_8.1/lib/apache-mime4j-dom-0.7.2.jar:/remote/rs/tien/anhnt/GATE_Developer_8.1/lib/bcmail-jdk15-1.45.jar:/remote/rs/tien/anhnt/GATE_Developer_8.1/lib/bcprov-jdk15-1.45.jar:/remote/rs/tien/anhnt/GATE_Developer_8.1/lib/commons-codec-1.9.jar:/remote/rs/tien/anhnt/GATE_Developer_8.1/lib/commons-compress-1.8.1.jar:/remote/rs/tien/anhnt/GATE_Developer_8.1/lib/commons-io-2.4.jar:/remote/rs/tien/anhnt/GATE_Developer_8.1/lib/commons-lang-2.6.jar:/remote/rs/tien/anhnt/GATE_Developer_8.1/lib/commons-logging-1.1.3.jar:/remote/rs/tien/anhnt/GATE_Developer_8.1/lib/flying-saucer-core-9.0.4.jar:/remote/rs/tien/anhnt/GATE_Developer_8.1/lib/fontbox-1.8.8.jar:/remote/rs/tien/anhnt/GATE_Developer_8.1/lib/gate-asm-5.0.3.jar:/remote/rs/tien/anhnt/GATE_Developer_8.1/lib/gate-compiler-jdt-4.3.2-P20140317-1600.jar:/remote/rs/tien/anhnt/GATE_Developer_8.1/lib/hamcrest-core-1.3.jar:/remote/rs/tien/anhnt/GATE_Developer_8.1/lib/ivy-2.3.0.jar:/remote/rs/tien/anhnt/GATE_Developer_8.1/lib/jackson-annotati
Launcher Type: SUN_STANDARD

Environment Variables:
PATH=/usr/lib64/qt-3.3/bin:/usr/lib64/ccache/bin:/usr/local/bin:/bin:/usr/bin:/opt/bin:/usr/local/sbin:/usr/sbin:/sbin
SHELL=/bin/tcsh
DISPLAY=:1000
HOSTTYPE=x86_64-linux
OSTYPE=linux
MACHTYPE=x86_64

Signal Handlers:
SIGSEGV: [libjvm.so+0xaad1e0], sa_mask[0]=11111111011111111101111111111110, sa_flags=SA_RESTART|SA_SIGINFO
SIGBUS: [libjvm.so+0xaad1e0], sa_mask[0]=11111111011111111101111111111110, sa_flags=SA_RESTART|SA_SIGINFO
SIGFPE: [libjvm.so+0x90b450], sa_mask[0]=11111111011111111101111111111110, sa_flags=SA_RESTART|SA_SIGINFO
SIGPIPE: [libjvm.so+0x90b450], sa_mask[0]=11111111011111111101111111111110, sa_flags=SA_RESTART|SA_SIGINFO
SIGXFSZ: [libjvm.so+0x90b450], sa_mask[0]=11111111011111111101111111111110, sa_flags=SA_RESTART|SA_SIGINFO
SIGILL: [libjvm.so+0x90b450], sa_mask[0]=11111111011111111101111111111110, sa_flags=SA_RESTART|SA_SIGINFO
SIGUSR1: SIG_DFL, sa_mask[0]=00000000000000000000000000000000, sa_flags=none
SIGUSR2: [libjvm.so+0x90ca90], sa_mask[0]=00100000000000000000000000000000, sa_flags=SA_RESTART|SA_SIGINFO
SIGHUP: [libjvm.so+0x90dde0], sa_mask[0]=11111111011111111101111111111110, sa_flags=SA_RESTART|SA_SIGINFO
SIGINT: SIG_IGN, sa_mask[0]=00000000000000000000000000000000, sa_flags=none
SIGTERM: [libjvm.so+0x90dde0], sa_mask[0]=11111111011111111101111111111110, sa_flags=SA_RESTART|SA_SIGINFO
SIGQUIT: [libjvm.so+0x90dde0], sa_mask[0]=11111111011111111101111111111110, sa_flags=SA_RESTART|SA_SIGINFO


---------------  S Y S T E M  ---------------

OS:Red Hat Enterprise Linux Workstation release 6.6 (Santiago)

uname:Linux 2.6.32-504.16.2.el6.x86_64 #1 SMP Tue Mar 10 17:01:00 EDT 2015 x86_64
libc:glibc 2.12 NPTL 2.12 
rlimit: STACK 10240k, CORE 0k, NPROC 1024, NOFILE 4096, AS infinity
load average:1.07 1.21 1.45

/proc/meminfo:
MemTotal:       132110244 kB
MemFree:         6744668 kB
Buffers:           84496 kB
Cached:         64987716 kB
SwapCached:        42420 kB
Active:         89596396 kB
Inactive:       32682336 kB
Active(anon):   55831768 kB
Inactive(anon):  1464460 kB
Active(file):   33764628 kB
Inactive(file): 31217876 kB
Unevictable:           0 kB
Mlocked:               0 kB
SwapTotal:      16383996 kB
SwapFree:       16068556 kB
Dirty:              1660 kB
Writeback:             0 kB
AnonPages:      57194092 kB
Mapped:           166356 kB
Shmem:             89676 kB
Slab:            2137392 kB
SReclaimable:    2074088 kB
SUnreclaim:        63304 kB
KernelStack:        6864 kB
PageTables:       152052 kB
NFS_Unstable:          0 kB
Bounce:                0 kB
WritebackTmp:          0 kB
CommitLimit:    82439116 kB
Committed_AS:   37674532 kB
VmallocTotal:   34359738367 kB
VmallocUsed:      487176 kB
VmallocChunk:   34291724088 kB
HardwareCorrupted:     0 kB
AnonHugePages:  34033664 kB
HugePages_Total:       0
HugePages_Free:        0
HugePages_Rsvd:        0
HugePages_Surp:        0
Hugepagesize:       2048 kB
DirectMap4k:        5056 kB
DirectMap2M:     2045952 kB
DirectMap1G:    132120576 kB


CPU:total 24 (6 cores per cpu, 2 threads per core) family 6 model 62 stepping 4, cmov, cx8, fxsr, mmx, sse, sse2, sse3, ssse3, sse4.1, sse4.2, popcnt, avx, aes, clmul, erms, ht, tsc, tscinvbit

/proc/cpuinfo:
processor	: 0
vendor_id	: GenuineIntel
cpu family	: 6
model		: 62
model name	: Intel(R) Xeon(R) CPU E5-2620 v2 @ 2.10GHz
stepping	: 4
microcode	: 1064
cpu MHz		: 2099.907
cache size	: 15360 KB
physical id	: 0
siblings	: 12
core id		: 0
cpu cores	: 6
apicid		: 0
initial apicid	: 0
fpu		: yes
fpu_exception	: yes
cpuid level	: 13
wp		: yes
flags		: fpu vme de pse tsc msr pae mce cx8 apic sep mtrr pge mca cmov pat pse36 clflush dts acpi mmx fxsr sse sse2 ss ht tm pbe syscall nx pdpe1gb rdtscp lm constant_tsc arch_perfmon pebs bts rep_good xtopology nonstop_tsc aperfmperf pni pclmulqdq dtes64 monitor ds_cpl vmx smx est tm2 ssse3 cx16 xtpr pdcm pcid dca sse4_1 sse4_2 x2apic popcnt tsc_deadline_timer aes xsave avx f16c rdrand lahf_lm ida arat xsaveopt pln pts dts tpr_shadow vnmi flexpriority ept vpid fsgsbase smep erms
bogomips	: 4199.81
clflush size	: 64
cache_alignment	: 64
address sizes	: 46 bits physical, 48 bits virtual
power management:

processor	: 1
vendor_id	: GenuineIntel
cpu family	: 6
model		: 62
model name	: Intel(R) Xeon(R) CPU E5-2620 v2 @ 2.10GHz
stepping	: 4
microcode	: 1064
cpu MHz		: 2099.907
cache size	: 15360 KB
physical id	: 1
siblings	: 12
core id		: 0
cpu cores	: 6
apicid		: 32
initial apicid	: 32
fpu		: yes
fpu_exception	: yes
cpuid level	: 13
wp		: yes
flags		: fpu vme de pse tsc msr pae mce cx8 apic sep mtrr pge mca cmov pat pse36 clflush dts acpi mmx fxsr sse sse2 ss ht tm pbe syscall nx pdpe1gb rdtscp lm constant_tsc arch_perfmon pebs bts rep_good xtopology nonstop_tsc aperfmperf pni pclmulqdq dtes64 monitor ds_cpl vmx smx est tm2 ssse3 cx16 xtpr pdcm pcid dca sse4_1 sse4_2 x2apic popcnt tsc_deadline_timer aes xsave avx f16c rdrand lahf_lm ida arat xsaveopt pln pts dts tpr_shadow vnmi flexpriority ept vpid fsgsbase smep erms
bogomips	: 4199.43
clflush size	: 64
cache_alignment	: 64
address sizes	: 46 bits physical, 48 bits virtual
power management:

processor	: 2
vendor_id	: GenuineIntel
cpu family	: 6
model		: 62
model name	: Intel(R) Xeon(R) CPU E5-2620 v2 @ 2.10GHz
stepping	: 4
microcode	: 1064
cpu MHz		: 2099.907
cache size	: 15360 KB
physical id	: 0
siblings	: 12
core id		: 1
cpu cores	: 6
apicid		: 2
initial apicid	: 2
fpu		: yes
fpu_exception	: yes
cpuid level	: 13
wp		: yes
flags		: fpu vme de pse tsc msr pae mce cx8 apic sep mtrr pge mca cmov pat pse36 clflush dts acpi mmx fxsr sse sse2 ss ht tm pbe syscall nx pdpe1gb rdtscp lm constant_tsc arch_perfmon pebs bts rep_good xtopology nonstop_tsc aperfmperf pni pclmulqdq dtes64 monitor ds_cpl vmx smx est tm2 ssse3 cx16 xtpr pdcm pcid dca sse4_1 sse4_2 x2apic popcnt tsc_deadline_timer aes xsave avx f16c rdrand lahf_lm ida arat xsaveopt pln pts dts tpr_shadow vnmi flexpriority ept vpid fsgsbase smep erms
bogomips	: 4199.81
clflush size	: 64
cache_alignment	: 64
address sizes	: 46 bits physical, 48 bits virtual
power management:

processor	: 3
vendor_id	: GenuineIntel
cpu family	: 6
model		: 62
model name	: Intel(R) Xeon(R) CPU E5-2620 v2 @ 2.10GHz
stepping	: 4
microcode	: 1064
cpu MHz		: 2099.907
cache size	: 15360 KB
physical id	: 1
siblings	: 12
core id		: 1
cpu cores	: 6
apicid		: 34
initial apicid	: 34
fpu		: yes
fpu_exception	: yes
cpuid level	: 13
wp		: yes
flags		: fpu vme de pse tsc msr pae mce cx8 apic sep mtrr pge mca cmov pat pse36 clflush dts acpi mmx fxsr sse sse2 ss ht tm pbe syscall nx pdpe1gb rdtscp lm constant_tsc arch_perfmon pebs bts rep_good xtopology nonstop_tsc aperfmperf pni pclmulqdq dtes64 monitor ds_cpl vmx smx est tm2 ssse3 cx16 xtpr pdcm pcid dca sse4_1 sse4_2 x2apic popcnt tsc_deadline_timer aes xsave avx f16c rdrand lahf_lm ida arat xsaveopt pln pts dts tpr_shadow vnmi flexpriority ept vpid fsgsbase smep erms
bogomips	: 4199.43
clflush size	: 64
cache_alignment	: 64
address sizes	: 46 bits physical, 48 bits virtual
power management:

processor	: 4
vendor_id	: GenuineIntel
cpu family	: 6
model		: 62
model name	: Intel(R) Xeon(R) CPU E5-2620 v2 @ 2.10GHz
stepping	: 4
microcode	: 1064
cpu MHz		: 2099.907
cache size	: 15360 KB
physical id	: 0
siblings	: 12
core id		: 2
cpu cores	: 6
apicid		: 4
initial apicid	: 4
fpu		: yes
fpu_exception	: yes
cpuid level	: 13
wp		: yes
flags		: fpu vme de pse tsc msr pae mce cx8 apic sep mtrr pge mca cmov pat pse36 clflush dts acpi mmx fxsr sse sse2 ss ht tm pbe syscall nx pdpe1gb rdtscp lm constant_tsc arch_perfmon pebs bts rep_good xtopology nonstop_tsc aperfmperf pni pclmulqdq dtes64 monitor ds_cpl vmx smx est tm2 ssse3 cx16 xtpr pdcm pcid dca sse4_1 sse4_2 x2apic popcnt tsc_deadline_timer aes xsave avx f16c rdrand lahf_lm ida arat xsaveopt pln pts dts tpr_shadow vnmi flexpriority ept vpid fsgsbase smep erms
bogomips	: 4199.81
clflush size	: 64
cache_alignment	: 64
address sizes	: 46 bits physical, 48 bits virtual
power management:

processor	: 5
vendor_id	: GenuineIntel
cpu family	: 6
model		: 62
model name	: Intel(R) Xeon(R) CPU E5-2620 v2 @ 2.10GHz
stepping	: 4
microcode	: 1064
cpu MHz		: 2099.907
cache size	: 15360 KB
physical id	: 1
siblings	: 12
core id		: 2
cpu cores	: 6
apicid		: 36
initial apicid	: 36
fpu		: yes
fpu_exception	: yes
cpuid level	: 13
wp		: yes
flags		: fpu vme de pse tsc msr pae mce cx8 apic sep mtrr pge mca cmov pat pse36 clflush dts acpi mmx fxsr sse sse2 ss ht tm pbe syscall nx pdpe1gb rdtscp lm constant_tsc arch_perfmon pebs bts rep_good xtopology nonstop_tsc aperfmperf pni pclmulqdq dtes64 monitor ds_cpl vmx smx est tm2 ssse3 cx16 xtpr pdcm pcid dca sse4_1 sse4_2 x2apic popcnt tsc_deadline_timer aes xsave avx f16c rdrand lahf_lm ida arat xsaveopt pln pts dts tpr_shadow vnmi flexpriority ept vpid fsgsbase smep erms
bogomips	: 4199.43
clflush size	: 64
cache_alignment	: 64
address sizes	: 46 bits physical, 48 bits virtual
power management:

processor	: 6
vendor_id	: GenuineIntel
cpu family	: 6
model		: 62
model name	: Intel(R) Xeon(R) CPU E5-2620 v2 @ 2.10GHz
stepping	: 4
microcode	: 1064
cpu MHz		: 2099.907
cache size	: 15360 KB
physical id	: 0
siblings	: 12
core id		: 3
cpu cores	: 6
apicid		: 6
initial apicid	: 6
fpu		: yes
fpu_exception	: yes
cpuid level	: 13
wp		: yes
flags		: fpu vme de pse tsc msr pae mce cx8 apic sep mtrr pge mca cmov pat pse36 clflush dts acpi mmx fxsr sse sse2 ss ht tm pbe syscall nx pdpe1gb rdtscp lm constant_tsc arch_perfmon pebs bts rep_good xtopology nonstop_tsc aperfmperf pni pclmulqdq dtes64 monitor ds_cpl vmx smx est tm2 ssse3 cx16 xtpr pdcm pcid dca sse4_1 sse4_2 x2apic popcnt tsc_deadline_timer aes xsave avx f16c rdrand lahf_lm ida arat xsaveopt pln pts dts tpr_shadow vnmi flexpriority ept vpid fsgsbase smep erms
bogomips	: 4199.81
clflush size	: 64
cache_alignment	: 64
address sizes	: 46 bits physical, 48 bits virtual
power management:

processor	: 7
vendor_id	: GenuineIntel
cpu family	: 6
model		: 62
model name	: Intel(R) Xeon(R) CPU E5-2620 v2 @ 2.10GHz
stepping	: 4
microcode	: 1064
cpu MHz		: 2099.907
cache size	: 15360 KB
physical id	: 1
siblings	: 12
core id		: 3
cpu cores	: 6
apicid		: 38
initial apicid	: 38
fpu		: yes
fpu_exception	: yes
cpuid level	: 13
wp		: yes
flags		: fpu vme de pse tsc msr pae mce cx8 apic sep mtrr pge mca cmov pat pse36 clflush dts acpi mmx fxsr sse sse2 ss ht tm pbe syscall nx pdpe1gb rdtscp lm constant_tsc arch_perfmon pebs bts rep_good xtopology nonstop_tsc aperfmperf pni pclmulqdq dtes64 monitor ds_cpl vmx smx est tm2 ssse3 cx16 xtpr pdcm pcid dca sse4_1 sse4_2 x2apic popcnt tsc_deadline_timer aes xsave avx f16c rdrand lahf_lm ida arat xsaveopt pln pts dts tpr_shadow vnmi flexpriority ept vpid fsgsbase smep erms
bogomips	: 4199.43
clflush size	: 64
cache_alignment	: 64
address sizes	: 46 bits physical, 48 bits virtual
power management:

processor	: 8
vendor_id	: GenuineIntel
cpu family	: 6
model		: 62
model name	: Intel(R) Xeon(R) CPU E5-2620 v2 @ 2.10GHz
stepping	: 4
microcode	: 1064
cpu MHz		: 2099.907
cache size	: 15360 KB
physical id	: 0
siblings	: 12
core id		: 4
cpu cores	: 6
apicid		: 8
initial apicid	: 8
fpu		: yes
fpu_exception	: yes
cpuid level	: 13
wp		: yes
flags		: fpu vme de pse tsc msr pae mce cx8 apic sep mtrr pge mca cmov pat pse36 clflush dts acpi mmx fxsr sse sse2 ss ht tm pbe syscall nx pdpe1gb rdtscp lm constant_tsc arch_perfmon pebs bts rep_good xtopology nonstop_tsc aperfmperf pni pclmulqdq dtes64 monitor ds_cpl vmx smx est tm2 ssse3 cx16 xtpr pdcm pcid dca sse4_1 sse4_2 x2apic popcnt tsc_deadline_timer aes xsave avx f16c rdrand lahf_lm ida arat xsaveopt pln pts dts tpr_shadow vnmi flexpriority ept vpid fsgsbase smep erms
bogomips	: 4199.81
clflush size	: 64
cache_alignment	: 64
address sizes	: 46 bits physical, 48 bits virtual
power management:

processor	: 9
vendor_id	: GenuineIntel
cpu family	: 6
model		: 62
model name	: Intel(R) Xeon(R) CPU E5-2620 v2 @ 2.10GHz
stepping	: 4
microcode	: 1064
cpu MHz		: 2099.907
cache size	: 15360 KB
physical id	: 1
siblings	: 12
core id		: 4
cpu cores	: 6
apicid		: 40
initial apicid	: 40
fpu		: yes
fpu_exception	: yes
cpuid level	: 13
wp		: yes
flags		: fpu vme de pse tsc msr pae mce cx8 apic sep mtrr pge mca cmov pat pse36 clflush dts acpi mmx fxsr sse sse2 ss ht tm pbe syscall nx pdpe1gb rdtscp lm constant_tsc arch_perfmon pebs bts rep_good xtopology nonstop_tsc aperfmperf pni pclmulqdq dtes64 monitor ds_cpl vmx smx est tm2 ssse3 cx16 xtpr pdcm pcid dca sse4_1 sse4_2 x2apic popcnt tsc_deadline_timer aes xsave avx f16c rdrand lahf_lm ida arat xsaveopt pln pts dts tpr_shadow vnmi flexpriority ept vpid fsgsbase smep erms
bogomips	: 4199.43
clflush size	: 64
cache_alignment	: 64
address sizes	: 46 bits physical, 48 bits virtual
power management:

processor	: 10
vendor_id	: GenuineIntel
cpu family	: 6
model		: 62
model name	: Intel(R) Xeon(R) CPU E5-2620 v2 @ 2.10GHz
stepping	: 4
microcode	: 1064
cpu MHz		: 2099.907
cache size	: 15360 KB
physical id	: 0
siblings	: 12
core id		: 5
cpu cores	: 6
apicid		: 10
initial apicid	: 10
fpu		: yes
fpu_exception	: yes
cpuid level	: 13
wp		: yes
flags		: fpu vme de pse tsc msr pae mce cx8 apic sep mtrr pge mca cmov pat pse36 clflush dts acpi mmx fxsr sse sse2 ss ht tm pbe syscall nx pdpe1gb rdtscp lm constant_tsc arch_perfmon pebs bts rep_good xtopology nonstop_tsc aperfmperf pni pclmulqdq dtes64 monitor ds_cpl vmx smx est tm2 ssse3 cx16 xtpr pdcm pcid dca sse4_1 sse4_2 x2apic popcnt tsc_deadline_timer aes xsave avx f16c rdrand lahf_lm ida arat xsaveopt pln pts dts tpr_shadow vnmi flexpriority ept vpid fsgsbase smep erms
bogomips	: 4199.81
clflush size	: 64
cache_alignment	: 64
address sizes	: 46 bits physical, 48 bits virtual
power management:

processor	: 11
vendor_id	: GenuineIntel
cpu family	: 6
model		: 62
model name	: Intel(R) Xeon(R) CPU E5-2620 v2 @ 2.10GHz
stepping	: 4
microcode	: 1064
cpu MHz		: 2099.907
cache size	: 15360 KB
physical id	: 1
siblings	: 12
core id		: 5
cpu cores	: 6
apicid		: 42
initial apicid	: 42
fpu		: yes
fpu_exception	: yes
cpuid level	: 13
wp		: yes
flags		: fpu vme de pse tsc msr pae mce cx8 apic sep mtrr pge mca cmov pat pse36 clflush dts acpi mmx fxsr sse sse2 ss ht tm pbe syscall nx pdpe1gb rdtscp lm constant_tsc arch_perfmon pebs bts rep_good xtopology nonstop_tsc aperfmperf pni pclmulqdq dtes64 monitor ds_cpl vmx smx est tm2 ssse3 cx16 xtpr pdcm pcid dca sse4_1 sse4_2 x2apic popcnt tsc_deadline_timer aes xsave avx f16c rdrand lahf_lm ida arat xsaveopt pln pts dts tpr_shadow vnmi flexpriority ept vpid fsgsbase smep erms
bogomips	: 4199.43
clflush size	: 64
cache_alignment	: 64
address sizes	: 46 bits physical, 48 bits virtual
power management:

processor	: 12
vendor_id	: GenuineIntel
cpu family	: 6
model		: 62
model name	: Intel(R) Xeon(R) CPU E5-2620 v2 @ 2.10GHz
stepping	: 4
microcode	: 1064
cpu MHz		: 2099.907
cache size	: 15360 KB
physical id	: 0
siblings	: 12
core id		: 0
cpu cores	: 6
apicid		: 1
initial apicid	: 1
fpu		: yes
fpu_exception	: yes
cpuid level	: 13
wp		: yes
flags		: fpu vme de pse tsc msr pae mce cx8 apic sep mtrr pge mca cmov pat pse36 clflush dts acpi mmx fxsr sse sse2 ss ht tm pbe syscall nx pdpe1gb rdtscp lm constant_tsc arch_perfmon pebs bts rep_good xtopology nonstop_tsc aperfmperf pni pclmulqdq dtes64 monitor ds_cpl vmx smx est tm2 ssse3 cx16 xtpr pdcm pcid dca sse4_1 sse4_2 x2apic popcnt tsc_deadline_timer aes xsave avx f16c rdrand lahf_lm ida arat xsaveopt pln pts dts tpr_shadow vnmi flexpriority ept vpid fsgsbase smep erms
bogomips	: 4199.81
clflush size	: 64
cache_alignment	: 64
address sizes	: 46 bits physical, 48 bits virtual
power management:

processor	: 13
vendor_id	: GenuineIntel
cpu family	: 6
model		: 62
model name	: Intel(R) Xeon(R) CPU E5-2620 v2 @ 2.10GHz
stepping	: 4
microcode	: 1064
cpu MHz		: 2099.907
cache size	: 15360 KB
physical id	: 1
siblings	: 12
core id		: 0
cpu cores	: 6
apicid		: 33
initial apicid	: 33
fpu		: yes
fpu_exception	: yes
cpuid level	: 13
wp		: yes
flags		: fpu vme de pse tsc msr pae mce cx8 apic sep mtrr pge mca cmov pat pse36 clflush dts acpi mmx fxsr sse sse2 ss ht tm pbe syscall nx pdpe1gb rdtscp lm constant_tsc arch_perfmon pebs bts rep_good xtopology nonstop_tsc aperfmperf pni pclmulqdq dtes64 monitor ds_cpl vmx smx est tm2 ssse3 cx16 xtpr pdcm pcid dca sse4_1 sse4_2 x2apic popcnt tsc_deadline_timer aes xsave avx f16c rdrand lahf_lm ida arat xsaveopt pln pts dts tpr_shadow vnmi flexpriority ept vpid fsgsbase smep erms
bogomips	: 4199.43
clflush size	: 64
cache_alignment	: 64
address sizes	: 46 bits physical, 48 bits virtual
power management:

processor	: 14
vendor_id	: GenuineIntel
cpu family	: 6
model		: 62
model name	: Intel(R) Xeon(R) CPU E5-2620 v2 @ 2.10GHz
stepping	: 4
microcode	: 1064
cpu MHz		: 2099.907
cache size	: 15360 KB
physical id	: 0
siblings	: 12
core id		: 1
cpu cores	: 6
apicid		: 3
initial apicid	: 3
fpu		: yes
fpu_exception	: yes
cpuid level	: 13
wp		: yes
flags		: fpu vme de pse tsc msr pae mce cx8 apic sep mtrr pge mca cmov pat pse36 clflush dts acpi mmx fxsr sse sse2 ss ht tm pbe syscall nx pdpe1gb rdtscp lm constant_tsc arch_perfmon pebs bts rep_good xtopology nonstop_tsc aperfmperf pni pclmulqdq dtes64 monitor ds_cpl vmx smx est tm2 ssse3 cx16 xtpr pdcm pcid dca sse4_1 sse4_2 x2apic popcnt tsc_deadline_timer aes xsave avx f16c rdrand lahf_lm ida arat xsaveopt pln pts dts tpr_shadow vnmi flexpriority ept vpid fsgsbase smep erms
bogomips	: 4199.81
clflush size	: 64
cache_alignment	: 64
address sizes	: 46 bits physical, 48 bits virtual
power management:

processor	: 15
vendor_id	: GenuineIntel
cpu family	: 6
model		: 62
model name	: Intel(R) Xeon(R) CPU E5-2620 v2 @ 2.10GHz
stepping	: 4
microcode	: 1064
cpu MHz		: 2099.907
cache size	: 15360 KB
physical id	: 1
siblings	: 12
core id		: 1
cpu cores	: 6
apicid		: 35
initial apicid	: 35
fpu		: yes
fpu_exception	: yes
cpuid level	: 13
wp		: yes
flags		: fpu vme de pse tsc msr pae mce cx8 apic sep mtrr pge mca cmov pat pse36 clflush dts acpi mmx fxsr sse sse2 ss ht tm pbe syscall nx pdpe1gb rdtscp lm constant_tsc arch_perfmon pebs bts rep_good xtopology nonstop_tsc aperfmperf pni pclmulqdq dtes64 monitor ds_cpl vmx smx est tm2 ssse3 cx16 xtpr pdcm pcid dca sse4_1 sse4_2 x2apic popcnt tsc_deadline_timer aes xsave avx f16c rdrand lahf_lm ida arat xsaveopt pln pts dts tpr_shadow vnmi flexpriority ept vpid fsgsbase smep erms
bogomips	: 4199.43
clflush size	: 64
cache_alignment	: 64
address sizes	: 46 bits physical, 48 bits virtual
power management:

processor	: 16
vendor_id	: GenuineIntel
cpu family	: 6
model		: 62
model name	: Intel(R) Xeon(R) CPU E5-2620 v2 @ 2.10GHz
stepping	: 4
microcode	: 1064
cpu MHz		: 2099.907
cache size	: 15360 KB
physical id	: 0
siblings	: 12
core id		: 2
cpu cores	: 6
apicid		: 5
initial apicid	: 5
fpu		: yes
fpu_exception	: yes
cpuid level	: 13
wp		: yes
flags		: fpu vme de pse tsc msr pae mce cx8 apic sep mtrr pge mca cmov pat pse36 clflush dts acpi mmx fxsr sse sse2 ss ht tm pbe syscall nx pdpe1gb rdtscp lm constant_tsc arch_perfmon pebs bts rep_good xtopology nonstop_tsc aperfmperf pni pclmulqdq dtes64 monitor ds_cpl vmx smx est tm2 ssse3 cx16 xtpr pdcm pcid dca sse4_1 sse4_2 x2apic popcnt tsc_deadline_timer aes xsave avx f16c rdrand lahf_lm ida arat xsaveopt pln pts dts tpr_shadow vnmi flexpriority ept vpid fsgsbase smep erms
bogomips	: 4199.81
clflush size	: 64
cache_alignment	: 64
address sizes	: 46 bits physical, 48 bits virtual
power management:

processor	: 17
vendor_id	: GenuineIntel
cpu family	: 6
model		: 62
model name	: Intel(R) Xeon(R) CPU E5-2620 v2 @ 2.10GHz
stepping	: 4
microcode	: 1064
cpu MHz		: 2099.907
cache size	: 15360 KB
physical id	: 1
siblings	: 12
core id		: 2
cpu cores	: 6
apicid		: 37
initial apicid	: 37
fpu		: yes
fpu_exception	: yes
cpuid level	: 13
wp		: yes
flags		: fpu vme de pse tsc msr pae mce cx8 apic sep mtrr pge mca cmov pat pse36 clflush dts acpi mmx fxsr sse sse2 ss ht tm pbe syscall nx pdpe1gb rdtscp lm constant_tsc arch_perfmon pebs bts rep_good xtopology nonstop_tsc aperfmperf pni pclmulqdq dtes64 monitor ds_cpl vmx smx est tm2 ssse3 cx16 xtpr pdcm pcid dca sse4_1 sse4_2 x2apic popcnt tsc_deadline_timer aes xsave avx f16c rdrand lahf_lm ida arat xsaveopt pln pts dts tpr_shadow vnmi flexpriority ept vpid fsgsbase smep erms
bogomips	: 4199.43
clflush size	: 64
cache_alignment	: 64
address sizes	: 46 bits physical, 48 bits virtual
power management:

processor	: 18
vendor_id	: GenuineIntel
cpu family	: 6
model		: 62
model name	: Intel(R) Xeon(R) CPU E5-2620 v2 @ 2.10GHz
stepping	: 4
microcode	: 1064
cpu MHz		: 2099.907
cache size	: 15360 KB
physical id	: 0
siblings	: 12
core id		: 3
cpu cores	: 6
apicid		: 7
initial apicid	: 7
fpu		: yes
fpu_exception	: yes
cpuid level	: 13
wp		: yes
flags		: fpu vme de pse tsc msr pae mce cx8 apic sep mtrr pge mca cmov pat pse36 clflush dts acpi mmx fxsr sse sse2 ss ht tm pbe syscall nx pdpe1gb rdtscp lm constant_tsc arch_perfmon pebs bts rep_good xtopology nonstop_tsc aperfmperf pni pclmulqdq dtes64 monitor ds_cpl vmx smx est tm2 ssse3 cx16 xtpr pdcm pcid dca sse4_1 sse4_2 x2apic popcnt tsc_deadline_timer aes xsave avx f16c rdrand lahf_lm ida arat xsaveopt pln pts dts tpr_shadow vnmi flexpriority ept vpid fsgsbase smep erms
bogomips	: 4199.81
clflush size	: 64
cache_alignment	: 64
address sizes	: 46 bits physical, 48 bits virtual
power management:

processor	: 19
vendor_id	: GenuineIntel
cpu family	: 6
model		: 62
model name	: Intel(R) Xeon(R) CPU E5-2620 v2 @ 2.10GHz
stepping	: 4
microcode	: 1064
cpu MHz		: 2099.907
cache size	: 15360 KB
physical id	: 1
siblings	: 12
core id		: 3
cpu cores	: 6
apicid		: 39
initial apicid	: 39
fpu		: yes
fpu_exception	: yes
cpuid level	: 13
wp		: yes
flags		: fpu vme de pse tsc msr pae mce cx8 apic sep mtrr pge mca cmov pat pse36 clflush dts acpi mmx fxsr sse sse2 ss ht tm pbe syscall nx pdpe1gb rdtscp lm constant_tsc arch_perfmon pebs bts rep_good xtopology nonstop_tsc aperfmperf pni pclmulqdq dtes64 monitor ds_cpl vmx smx est tm2 ssse3 cx16 xtpr pdcm pcid dca sse4_1 sse4_2 x2apic popcnt tsc_deadline_timer aes xsave avx f16c rdrand lahf_lm ida arat xsaveopt pln pts dts tpr_shadow vnmi flexpriority ept vpid fsgsbase smep erms
bogomips	: 4199.43
clflush size	: 64
cache_alignment	: 64
address sizes	: 46 bits physical, 48 bits virtual
power management:

processor	: 20
vendor_id	: GenuineIntel
cpu family	: 6
model		: 62
model name	: Intel(R) Xeon(R) CPU E5-2620 v2 @ 2.10GHz
stepping	: 4
microcode	: 1064
cpu MHz		: 2099.907
cache size	: 15360 KB
physical id	: 0
siblings	: 12
core id		: 4
cpu cores	: 6
apicid		: 9
initial apicid	: 9
fpu		: yes
fpu_exception	: yes
cpuid level	: 13
wp		: yes
flags		: fpu vme de pse tsc msr pae mce cx8 apic sep mtrr pge mca cmov pat pse36 clflush dts acpi mmx fxsr sse sse2 ss ht tm pbe syscall nx pdpe1gb rdtscp lm constant_tsc arch_perfmon pebs bts rep_good xtopology nonstop_tsc aperfmperf pni pclmulqdq dtes64 monitor ds_cpl vmx smx est tm2 ssse3 cx16 xtpr pdcm pcid dca sse4_1 sse4_2 x2apic popcnt tsc_deadline_timer aes xsave avx f16c rdrand lahf_lm ida arat xsaveopt pln pts dts tpr_shadow vnmi flexpriority ept vpid fsgsbase smep erms
bogomips	: 4199.81
clflush size	: 64
cache_alignment	: 64
address sizes	: 46 bits physical, 48 bits virtual
power management:

processor	: 21
vendor_id	: GenuineIntel
cpu family	: 6
model		: 62
model name	: Intel(R) Xeon(R) CPU E5-2620 v2 @ 2.10GHz
stepping	: 4
microcode	: 1064
cpu MHz		: 2099.907
cache size	: 15360 KB
physical id	: 1
siblings	: 12
core id		: 4
cpu cores	: 6
apicid		: 41
initial apicid	: 41
fpu		: yes
fpu_exception	: yes
cpuid level	: 13
wp		: yes
flags		: fpu vme de pse tsc msr pae mce cx8 apic sep mtrr pge mca cmov pat pse36 clflush dts acpi mmx fxsr sse sse2 ss ht tm pbe syscall nx pdpe1gb rdtscp lm constant_tsc arch_perfmon pebs bts rep_good xtopology nonstop_tsc aperfmperf pni pclmulqdq dtes64 monitor ds_cpl vmx smx est tm2 ssse3 cx16 xtpr pdcm pcid dca sse4_1 sse4_2 x2apic popcnt tsc_deadline_timer aes xsave avx f16c rdrand lahf_lm ida arat xsaveopt pln pts dts tpr_shadow vnmi flexpriority ept vpid fsgsbase smep erms
bogomips	: 4199.43
clflush size	: 64
cache_alignment	: 64
address sizes	: 46 bits physical, 48 bits virtual
power management:

processor	: 22
vendor_id	: GenuineIntel
cpu family	: 6
model		: 62
model name	: Intel(R) Xeon(R) CPU E5-2620 v2 @ 2.10GHz
stepping	: 4
microcode	: 1064
cpu MHz		: 2099.907
cache size	: 15360 KB
physical id	: 0
siblings	: 12
core id		: 5
cpu cores	: 6
apicid		: 11
initial apicid	: 11
fpu		: yes
fpu_exception	: yes
cpuid level	: 13
wp		: yes
flags		: fpu vme de pse tsc msr pae mce cx8 apic sep mtrr pge mca cmov pat pse36 clflush dts acpi mmx fxsr sse sse2 ss ht tm pbe syscall nx pdpe1gb rdtscp lm constant_tsc arch_perfmon pebs bts rep_good xtopology nonstop_tsc aperfmperf pni pclmulqdq dtes64 monitor ds_cpl vmx smx est tm2 ssse3 cx16 xtpr pdcm pcid dca sse4_1 sse4_2 x2apic popcnt tsc_deadline_timer aes xsave avx f16c rdrand lahf_lm ida arat xsaveopt pln pts dts tpr_shadow vnmi flexpriority ept vpid fsgsbase smep erms
bogomips	: 4199.81
clflush size	: 64
cache_alignment	: 64
address sizes	: 46 bits physical, 48 bits virtual
power management:

processor	: 23
vendor_id	: GenuineIntel
cpu family	: 6
model		: 62
model name	: Intel(R) Xeon(R) CPU E5-2620 v2 @ 2.10GHz
stepping	: 4
microcode	: 1064
cpu MHz		: 2099.907
cache size	: 15360 KB
physical id	: 1
siblings	: 12
core id		: 5
cpu cores	: 6
apicid		: 43
initial apicid	: 43
fpu		: yes
fpu_exception	: yes
cpuid level	: 13
wp		: yes
flags		: fpu vme de pse tsc msr pae mce cx8 apic sep mtrr pge mca cmov pat pse36 clflush dts acpi mmx fxsr sse sse2 ss ht tm pbe syscall nx pdpe1gb rdtscp lm constant_tsc arch_perfmon pebs bts rep_good xtopology nonstop_tsc aperfmperf pni pclmulqdq dtes64 monitor ds_cpl vmx smx est tm2 ssse3 cx16 xtpr pdcm pcid dca sse4_1 sse4_2 x2apic popcnt tsc_deadline_timer aes xsave avx f16c rdrand lahf_lm ida arat xsaveopt pln pts dts tpr_shadow vnmi flexpriority ept vpid fsgsbase smep erms
bogomips	: 4199.43
clflush size	: 64
cache_alignment	: 64
address sizes	: 46 bits physical, 48 bits virtual
power management:



Memory: 4k page, physical 132110244k(6744668k free), swap 16383996k(16068556k free)

vm_info: Java HotSpot(TM) 64-Bit Server VM (25.45-b02) for linux-amd64 JRE (1.8.0_45-b14), built on Apr 10 2015 10:07:45 by "java_re" with gcc 4.3.0 20080428 (Red Hat 4.3.0-8)

time: Tue Jun 30 00:59:53 2015
elapsed time: 3524 seconds (0d 0h 58m 44s)

